<?xml version="1.0" encoding="UTF-8"?>
<testsuites name="Detailed_Onboarding_With_Transactions" time="25.767" tests="4" failures="0" errors="0">
   <testsuite name="Detailed_Onboarding_With_Transactions" tests="4" failures="0" errors="0" time="25.767" timestamp="2020-10-13 11:16:12" hostname="csmall - csmall-mbp" id="Test Suites/Detailed Test Suite/Detailed_Onboarding_With_Transactions">
      <properties>
         <property name="deviceName" value=""/>
         <property name="devicePlatform" value=""/>
         <property name="logFolder" value="/Users/csmall/ApiAutomationProject/Reports/20201013_111607/Detailed Test Suite/Detailed_Onboarding_With_Transactions/20201013_111608"/>
         <property name="logFiles" value="/Users/csmall/ApiAutomationProject/Reports/20201013_111607/Detailed Test Suite/Detailed_Onboarding_With_Transactions/20201013_111608/execution0.log"/>
         <property name="attachments" value=""/>
         <property name="hostName" value="csmall - csmall-mbp"/>
         <property name="hostAddress" value="192.168.1.45"/>
         <property name="os" value="Mac OS X 64bit"/>
         <property name="katalonVersion" value="null.null"/>
      </properties>
      <testcase name="Test Cases/API Test Cases/Quickstart_with_transactions/Transaction Tests/Card Declined Transaction after CardTransition/Detailed_onboarding_and_cardtransition_result_declined_transaction" time="7.432" classname="Test Cases/API Test Cases/Quickstart_with_transactions/Transaction Tests/Card Declined Transaction after CardTransition/Detailed_onboarding_and_cardtransition_result_declined_transaction" status="PASSED">
         <system-out><![CDATA[2020-10-13 11:16:12 - [TEST_CASE][PASSED] - Test Cases/API Test Cases/Quickstart_with_transactions/Transaction Tests/Card Declined Transaction after CardTransition/Detailed_onboarding_and_cardtransition_result_declined_transaction: Test Cases/API Test Cases/Quickstart_with_transactions/Transaction Tests/Card Declined Transaction after CardTransition/Detailed_onboarding_and_cardtransition_result_declined_transaction

2020-10-13 11:16:12 - [TEST_STEP][PASSED] - card_product_token = detailed_Onboarding.detailed_onboarding.createCardProduct(start_date, card_product_name, payment_instrument, ecommerce, activate_upon_issue): detailed_Onboarding.detailed_onboarding.createCardProduct is PASSED

2020-10-13 11:16:15 - [MESSAGE][INFO] - HAR: /Users/csmall/ApiAutomationProject/Reports/20201013_111607/Detailed Test Suite/Detailed_Onboarding_With_Transactions/20201013_111608/requests/main/0.har

2020-10-13 11:16:15 - [TEST_CASE][PASSED] - Start Test Case : Verification: Verification accomplished successfully

2020-10-13 11:16:16 - [TEST_STEP][PASSED] - log = new com.kms.katalon.core.logging.KeywordLogger(): null

2020-10-13 11:16:16 - [TEST_STEP][PASSED] - request = getInstance().getCurrentRequest(): null

2020-10-13 11:16:16 - [TEST_STEP][PASSED] - println(restUrl.toString()): null

2020-10-13 11:16:16 - [TEST_STEP][PASSED] - println(httpBody.toString()): null

2020-10-13 11:16:16 - [TEST_STEP][PASSED] - log.logInfo("-------> Request Url= " + restUrl.toString()): -------> Request Url= https://sandbox-api.marqeta.com/v3/cardproducts

2020-10-13 11:16:16 - [MESSAGE][INFO] - -------> Request Url= https://sandbox-api.marqeta.com/v3/cardproducts

2020-10-13 11:16:16 - [TEST_STEP][PASSED] - log.logInfo("-------> Request Body= " + httpBody.toString()): -------> Request Body= {
  "start_date": "2020-09-10",
  "name": "Example Card Product",
  "config": {
    "fulfillment": {
      "payment_instrument":"VIRTUAL_PAN"
     },
    "poi": {
      "ecommerce": true,
      "atm": "true"
    },
    "card_life_cycle": {
      "activate_upon_issue": true
    }
  }
}

2020-10-13 11:16:16 - [MESSAGE][INFO] - -------> Request Body= {
  "start_date": "2020-09-10",
  "name": "Example Card Product",
  "config": {
    "fulfillment": {
      "payment_instrument":"VIRTUAL_PAN"
     },
    "poi": {
      "ecommerce": true,
      "atm": "true"
    },
    "card_life_cycle": {
      "activate_upon_issue": true
    }
  }
}

2020-10-13 11:16:16 - [TEST_STEP][PASSED] - response = getInstance().getCurrentResponse(): null

2020-10-13 11:16:16 - [TEST_STEP][PASSED] - println(responseBodyContent.toString()): null

2020-10-13 11:16:16 - [TEST_STEP][PASSED] - log.logInfo("-------> Response Body= " + responseBodyContent.toString()): -------> Response Body= {
  "token" : "f0b74009-59f3-4bd9-bc89-57ac21efcf38",
  "name" : "Example Card Product",
  "active" : true,
  "start_date" : "2020-09-10",
  "config" : {
    "poi" : {
      "other" : {
        "allow" : true,
        "card_presence_required" : false,
        "cardholder_presence_required" : false
      },
      "ecommerce" : true,
      "atm" : true
    },
    "transaction_controls" : {
      "accepted_countries_token" : "accept_us_only",
      "always_require_pin" : false,
      "always_require_icc" : false,
      "allow_gpa_auth" : true,
      "require_card_not_present_card_security_code" : false,
      "allow_mcc_group_authorization_controls" : true,
      "allow_first_pin_set_via_financial_transaction" : false,
      "ignore_card_suspended_state" : false,
      "allow_chip_fallback" : true,
      "allow_network_load" : false,
      "allow_network_load_card_activation" : false,
      "allow_quasi_cash" : false,
      "enable_partial_auth_approval" : true,
      "address_verification" : {
        "av_messages" : {
          "validate" : true,
          "decline_on_address_number_mismatch" : false,
          "decline_on_postal_code_mismatch" : true
        },
        "auth_messages" : {
          "validate" : true,
          "decline_on_address_number_mismatch" : false,
          "decline_on_postal_code_mismatch" : false
        }
      },
      "strong_customer_authentication_limits" : { }
    },
    "selective_auth" : {
      "sa_mode" : 1,
      "enable_regex_search_chain" : false,
      "dmd_location_sensitivity" : 0
    },
    "special" : {
      "merchant_on_boarding" : false
    },
    "card_life_cycle" : {
      "activate_upon_issue" : true,
      "expiration_offset" : {
        "unit" : "YEARS",
        "value" : 4
      },
      "card_service_code" : 101,
      "update_expiration_upon_activation" : false
    },
    "clearing_and_settlement" : {
      "overdraft_destination" : "GPA"
    },
    "jit_funding" : {
      "paymentcard_funding_source" : {
        "enabled" : false,
        "refunds_destination" : ""
      },
      "programgateway_funding_source" : {
        "enabled" : false,
        "funding_source_token" : "",
        "refunds_destination" : "",
        "always_fund" : true
      },
      "program_funding_source" : {
        "enabled" : false,
        "funding_source_token" : "",
        "refunds_destination" : ""
      }
    },
    "digital_wallet_tokenization" : {
      "provisioning_controls" : {
        "manual_entry" : {
          "enabled" : false,
          "address_verification" : {
            "validate" : true
          }
        },
        "wallet_provider_card_on_file" : {
          "enabled" : false,
          "address_verification" : {
            "validate" : true
          }
        },
        "in_app_provisioning" : {
          "enabled" : false,
          "address_verification" : {
            "validate" : true
          }
        }
      },
      "card_art_id" : ""
    },
    "fulfillment" : {
      "payment_instrument" : "VIRTUAL_PAN",
      "package_id" : "0",
      "all_zero_card_security_code" : false,
      "bin_prefix" : "111111",
      "bulk_ship" : false,
      "pan_length" : "16",
      "fulfillment_provider" : "PERFECTPLASTIC",
      "allow_card_creation" : true,
      "uppercase_name_lines" : true,
      "enable_offline_pin" : false
    }
  },
  "created_time" : "2020-10-13T16:16:15Z",
  "last_modified_time" : "2020-10-13T16:16:15Z"
}

2020-10-13 11:16:16 - [MESSAGE][INFO] - -------> Response Body= {
  "token" : "f0b74009-59f3-4bd9-bc89-57ac21efcf38",
  "name" : "Example Card Product",
  "active" : true,
  "start_date" : "2020-09-10",
  "config" : {
    "poi" : {
      "other" : {
        "allow" : true,
        "card_presence_required" : false,
        "cardholder_presence_required" : false
      },
      "ecommerce" : true,
      "atm" : true
    },
    "transaction_controls" : {
      "accepted_countries_token" : "accept_us_only",
      "always_require_pin" : false,
      "always_require_icc" : false,
      "allow_gpa_auth" : true,
      "require_card_not_present_card_security_code" : false,
      "allow_mcc_group_authorization_controls" : true,
      "allow_first_pin_set_via_financial_transaction" : false,
      "ignore_card_suspended_state" : false,
      "allow_chip_fallback" : true,
      "allow_network_load" : false,
      "allow_network_load_card_activation" : false,
      "allow_quasi_cash" : false,
      "enable_partial_auth_approval" : true,
      "address_verification" : {
        "av_messages" : {
          "validate" : true,
          "decline_on_address_number_mismatch" : false,
          "decline_on_postal_code_mismatch" : true
        },
        "auth_messages" : {
          "validate" : true,
          "decline_on_address_number_mismatch" : false,
          "decline_on_postal_code_mismatch" : false
        }
      },
      "strong_customer_authentication_limits" : { }
    },
    "selective_auth" : {
      "sa_mode" : 1,
      "enable_regex_search_chain" : false,
      "dmd_location_sensitivity" : 0
    },
    "special" : {
      "merchant_on_boarding" : false
    },
    "card_life_cycle" : {
      "activate_upon_issue" : true,
      "expiration_offset" : {
        "unit" : "YEARS",
        "value" : 4
      },
      "card_service_code" : 101,
      "update_expiration_upon_activation" : false
    },
    "clearing_and_settlement" : {
      "overdraft_destination" : "GPA"
    },
    "jit_funding" : {
      "paymentcard_funding_source" : {
        "enabled" : false,
        "refunds_destination" : ""
      },
      "programgateway_funding_source" : {
        "enabled" : false,
        "funding_source_token" : "",
        "refunds_destination" : "",
        "always_fund" : true
      },
      "program_funding_source" : {
        "enabled" : false,
        "funding_source_token" : "",
        "refunds_destination" : ""
      }
    },
    "digital_wallet_tokenization" : {
      "provisioning_controls" : {
        "manual_entry" : {
          "enabled" : false,
          "address_verification" : {
            "validate" : true
          }
        },
        "wallet_provider_card_on_file" : {
          "enabled" : false,
          "address_verification" : {
            "validate" : true
          }
        },
        "in_app_provisioning" : {
          "enabled" : false,
          "address_verification" : {
            "validate" : true
          }
        }
      },
      "card_art_id" : ""
    },
    "fulfillment" : {
      "payment_instrument" : "VIRTUAL_PAN",
      "package_id" : "0",
      "all_zero_card_security_code" : false,
      "bin_prefix" : "111111",
      "bulk_ship" : false,
      "pan_length" : "16",
      "fulfillment_provider" : "PERFECTPLASTIC",
      "allow_card_creation" : true,
      "uppercase_name_lines" : true,
      "enable_offline_pin" : false
    }
  },
  "created_time" : "2020-10-13T16:16:15Z",
  "last_modified_time" : "2020-10-13T16:16:15Z"
}

2020-10-13 11:16:16 - [TEST_STEP][PASSED] - jsonSlurper = new groovy.json.JsonSlurper(): null

2020-10-13 11:16:16 - [TEST_STEP][PASSED] - jsonResponse = jsonSlurper.parseText(response.getResponseText()): null

2020-10-13 11:16:16 - [TEST_STEP][PASSED] - assert token != null: null

2020-10-13 11:16:16 - [TEST_STEP][PASSED] - println(token): null

2020-10-13 11:16:16 - [TEST_STEP][PASSED] - card_product_token = token: null

2020-10-13 11:16:16 - [TEST_STEP][PASSED] - log.logInfo("-----> card_product_token = " + card_product_token): -----> card_product_token = f0b74009-59f3-4bd9-bc89-57ac21efcf38

2020-10-13 11:16:16 - [MESSAGE][INFO] - -----> card_product_token = f0b74009-59f3-4bd9-bc89-57ac21efcf38

2020-10-13 11:16:16 - [TEST_STEP][PASSED] - card_product_token = card_product_token: null

2020-10-13 11:16:16 - [TEST_STEP][PASSED] - log.logInfo("----> GlobalVariable card_product_token = " + card_product_token): ----> GlobalVariable card_product_token = f0b74009-59f3-4bd9-bc89-57ac21efcf38

2020-10-13 11:16:16 - [MESSAGE][INFO] - ----> GlobalVariable card_product_token = f0b74009-59f3-4bd9-bc89-57ac21efcf38

2020-10-13 11:16:16 - [TEST_STEP][PASSED] - assert response.getStatusCode() == 201: null

2020-10-13 11:16:16 - [MESSAGE][PASSED] - Verify response successfully

2020-10-13 11:16:16 - [MESSAGE][PASSED] - Send request and verify the response successfully

2020-10-13 11:16:16 - [MESSAGE][INFO] - -----> card_product_token = f0b74009-59f3-4bd9-bc89-57ac21efcf38

2020-10-13 11:16:16 - [MESSAGE][INFO] - ----> GlobalVariable card_product_token = f0b74009-59f3-4bd9-bc89-57ac21efcf38

2020-10-13 11:16:16 - [MESSAGE][PASSED] - detailed_Onboarding.detailed_onboarding.createCardProduct is PASSED

2020-10-13 11:16:16 - [TEST_STEP][PASSED] - funding_source_token = detailed_Onboarding.detailed_onboarding.createCardFundingSource(program_name): detailed_Onboarding.detailed_onboarding.createCardFundingSource is PASSED

2020-10-13 11:16:16 - [MESSAGE][INFO] - HAR: /Users/csmall/ApiAutomationProject/Reports/20201013_111607/Detailed Test Suite/Detailed_Onboarding_With_Transactions/20201013_111608/requests/main/1.har

2020-10-13 11:16:16 - [TEST_CASE][PASSED] - Start Test Case : Verification: Verification accomplished successfully

2020-10-13 11:16:16 - [TEST_STEP][PASSED] - log = new com.kms.katalon.core.logging.KeywordLogger(): null

2020-10-13 11:16:16 - [TEST_STEP][PASSED] - request = getInstance().getCurrentRequest(): null

2020-10-13 11:16:16 - [TEST_STEP][PASSED] - println(restUrl.toString()): null

2020-10-13 11:16:16 - [TEST_STEP][PASSED] - println(httpBody.toString()): null

2020-10-13 11:16:16 - [TEST_STEP][PASSED] - log.logInfo("-------> Request Url= " + restUrl.toString()): -------> Request Url= https://sandbox-api.marqeta.com/v3/fundingsources/program

2020-10-13 11:16:16 - [MESSAGE][INFO] - -------> Request Url= https://sandbox-api.marqeta.com/v3/fundingsources/program

2020-10-13 11:16:16 - [TEST_STEP][PASSED] - log.logInfo("-------> Request Body= " + httpBody.toString()): -------> Request Body= {
  "name": "Program Funding"
}

2020-10-13 11:16:16 - [MESSAGE][INFO] - -------> Request Body= {
  "name": "Program Funding"
}

2020-10-13 11:16:16 - [TEST_STEP][PASSED] - response = getInstance().getCurrentResponse(): null

2020-10-13 11:16:16 - [TEST_STEP][PASSED] - println(responseBodyContent.toString()): null

2020-10-13 11:16:16 - [TEST_STEP][PASSED] - log.logInfo("-------> Response Body= " + responseBodyContent.toString()): -------> Response Body= {
  "name" : "Program Funding",
  "active" : true,
  "token" : "5a7d59c0-fdc2-4dbc-8412-b1afb74406bb",
  "created_time" : "2020-10-13T16:16:16Z",
  "last_modified_time" : "2020-10-13T16:16:16Z",
  "account" : "12.003.001.000000"
}

2020-10-13 11:16:16 - [MESSAGE][INFO] - -------> Response Body= {
  "name" : "Program Funding",
  "active" : true,
  "token" : "5a7d59c0-fdc2-4dbc-8412-b1afb74406bb",
  "created_time" : "2020-10-13T16:16:16Z",
  "last_modified_time" : "2020-10-13T16:16:16Z",
  "account" : "12.003.001.000000"
}

2020-10-13 11:16:16 - [TEST_STEP][PASSED] - jsonSlurper = new groovy.json.JsonSlurper(): null

2020-10-13 11:16:16 - [TEST_STEP][PASSED] - jsonResponse = jsonSlurper.parseText(response.getResponseText()): null

2020-10-13 11:16:16 - [TEST_STEP][PASSED] - assert token != null: null

2020-10-13 11:16:16 - [TEST_STEP][PASSED] - println(token): null

2020-10-13 11:16:16 - [TEST_STEP][PASSED] - funding_token = token: null

2020-10-13 11:16:16 - [TEST_STEP][PASSED] - log.logInfo("-----> funding_token = " + funding_token): -----> funding_token = 5a7d59c0-fdc2-4dbc-8412-b1afb74406bb

2020-10-13 11:16:16 - [MESSAGE][INFO] - -----> funding_token = 5a7d59c0-fdc2-4dbc-8412-b1afb74406bb

2020-10-13 11:16:16 - [TEST_STEP][PASSED] - funding_token = funding_token: null

2020-10-13 11:16:16 - [TEST_STEP][PASSED] - log.logInfo("----> GlobalVariable funding_token = " + funding_token): ----> GlobalVariable funding_token = 5a7d59c0-fdc2-4dbc-8412-b1afb74406bb

2020-10-13 11:16:16 - [MESSAGE][INFO] - ----> GlobalVariable funding_token = 5a7d59c0-fdc2-4dbc-8412-b1afb74406bb

2020-10-13 11:16:16 - [TEST_STEP][PASSED] - assert response.getStatusCode() == 201: null

2020-10-13 11:16:16 - [MESSAGE][PASSED] - Verify response successfully

2020-10-13 11:16:16 - [MESSAGE][PASSED] - Send request and verify the response successfully

2020-10-13 11:16:16 - [MESSAGE][INFO] - -----> funding_source_token = 5a7d59c0-fdc2-4dbc-8412-b1afb74406bb

2020-10-13 11:16:16 - [MESSAGE][INFO] - ----> GlobalVariable funding_source_token = 5a7d59c0-fdc2-4dbc-8412-b1afb74406bb

2020-10-13 11:16:16 - [MESSAGE][PASSED] - detailed_Onboarding.detailed_onboarding.createCardFundingSource is PASSED

2020-10-13 11:16:16 - [TEST_STEP][PASSED] - user_token = detailed_Onboarding.detailed_onboarding.createDetailedUser(user_first_name, user_middle_name, user_last_name, active, user_password, phone, gender, user_email, ssn_expiration_date, user_id_type, user_address1, city, user_state, country, birth_date, corporate_card_holder, user_ssn, id_card_number, id_card_expiration_date, nationality, company, uses_parent_account, user_postal_code): detailed_Onboarding.detailed_onboarding.createDetailedUser is PASSED

2020-10-13 11:16:17 - [MESSAGE][INFO] - HAR: /Users/csmall/ApiAutomationProject/Reports/20201013_111607/Detailed Test Suite/Detailed_Onboarding_With_Transactions/20201013_111608/requests/main/2.har

2020-10-13 11:16:17 - [TEST_CASE][PASSED] - Start Test Case : Verification: Verification accomplished successfully

2020-10-13 11:16:17 - [TEST_STEP][PASSED] - log = new com.kms.katalon.core.logging.KeywordLogger(): null

2020-10-13 11:16:17 - [TEST_STEP][PASSED] - request = getInstance().getCurrentRequest(): null

2020-10-13 11:16:17 - [TEST_STEP][PASSED] - println(restUrl.toString()): null

2020-10-13 11:16:17 - [TEST_STEP][PASSED] - println(httpBody.toString()): null

2020-10-13 11:16:17 - [TEST_STEP][PASSED] - log.logInfo("-------> Request Url= " + restUrl.toString()): -------> Request Url= https://sandbox-api.marqeta.com/v3/users

2020-10-13 11:16:17 - [MESSAGE][INFO] - -------> Request Url= https://sandbox-api.marqeta.com/v3/users

2020-10-13 11:16:17 - [TEST_STEP][PASSED] - log.logInfo("-------> Request Body= " + httpBody.toString()): -------> Request Body= {
    "first_name": "Chaseuser",
    "last_name": "Smalluser",
    "active": true
}

2020-10-13 11:16:17 - [MESSAGE][INFO] - -------> Request Body= {
    "first_name": "Chaseuser",
    "last_name": "Smalluser",
    "active": true
}

2020-10-13 11:16:17 - [TEST_STEP][PASSED] - response = getInstance().getCurrentResponse(): null

2020-10-13 11:16:17 - [TEST_STEP][PASSED] - println(responseBodyContent.toString()): null

2020-10-13 11:16:17 - [TEST_STEP][PASSED] - log.logInfo("-------> Response Body= " + responseBodyContent.toString()): -------> Response Body= {
  "token" : "ca0aa9ca-88e1-40fc-8a13-d81c5c3b619b",
  "active" : true,
  "first_name" : "Chaseuser",
  "last_name" : "Smalluser",
  "uses_parent_account" : false,
  "corporate_card_holder" : false,
  "created_time" : "2020-10-13T16:16:17Z",
  "last_modified_time" : "2020-10-13T16:16:17Z",
  "metadata" : { },
  "account_holder_group_token" : "DEFAULT_AHG",
  "status" : "ACTIVE",
  "deposit_account" : {
    "token" : "a55c14aa-7d04-418f-9deb-0a47dc19612d",
    "account_number" : "40013372474583212",
    "routing_number" : "293748000",
    "allow_immediate_credit" : false
  }
}

2020-10-13 11:16:17 - [MESSAGE][INFO] - -------> Response Body= {
  "token" : "ca0aa9ca-88e1-40fc-8a13-d81c5c3b619b",
  "active" : true,
  "first_name" : "Chaseuser",
  "last_name" : "Smalluser",
  "uses_parent_account" : false,
  "corporate_card_holder" : false,
  "created_time" : "2020-10-13T16:16:17Z",
  "last_modified_time" : "2020-10-13T16:16:17Z",
  "metadata" : { },
  "account_holder_group_token" : "DEFAULT_AHG",
  "status" : "ACTIVE",
  "deposit_account" : {
    "token" : "a55c14aa-7d04-418f-9deb-0a47dc19612d",
    "account_number" : "40013372474583212",
    "routing_number" : "293748000",
    "allow_immediate_credit" : false
  }
}

2020-10-13 11:16:17 - [TEST_STEP][PASSED] - jsonSlurper = new groovy.json.JsonSlurper(): null

2020-10-13 11:16:17 - [TEST_STEP][PASSED] - jsonResponse = jsonSlurper.parseText(response.getResponseText()): null

2020-10-13 11:16:17 - [TEST_STEP][PASSED] - assert token != null: null

2020-10-13 11:16:17 - [TEST_STEP][PASSED] - println(token): null

2020-10-13 11:16:17 - [TEST_STEP][PASSED] - user_token = token: null

2020-10-13 11:16:17 - [TEST_STEP][PASSED] - log.logInfo("-----> user_token = " + user_token): -----> user_token = ca0aa9ca-88e1-40fc-8a13-d81c5c3b619b

2020-10-13 11:16:17 - [MESSAGE][INFO] - -----> user_token = ca0aa9ca-88e1-40fc-8a13-d81c5c3b619b

2020-10-13 11:16:17 - [TEST_STEP][PASSED] - user_token = user_token: null

2020-10-13 11:16:17 - [TEST_STEP][PASSED] - log.logInfo("----> GlobalVariable user_token = " + user_token): ----> GlobalVariable user_token = ca0aa9ca-88e1-40fc-8a13-d81c5c3b619b

2020-10-13 11:16:17 - [MESSAGE][INFO] - ----> GlobalVariable user_token = ca0aa9ca-88e1-40fc-8a13-d81c5c3b619b

2020-10-13 11:16:17 - [TEST_STEP][PASSED] - assert response.getStatusCode() == 201: null

2020-10-13 11:16:17 - [MESSAGE][PASSED] - Verify response successfully

2020-10-13 11:16:17 - [MESSAGE][PASSED] - Send request and verify the response successfully

2020-10-13 11:16:17 - [MESSAGE][INFO] - -----> user_token = ca0aa9ca-88e1-40fc-8a13-d81c5c3b619b

2020-10-13 11:16:17 - [MESSAGE][INFO] - ----> GlobalVariable user_token = ca0aa9ca-88e1-40fc-8a13-d81c5c3b619b

2020-10-13 11:16:17 - [MESSAGE][PASSED] - detailed_Onboarding.detailed_onboarding.createDetailedUser is PASSED

2020-10-13 11:16:17 - [TEST_STEP][PASSED] - card_token = detailed_Onboarding.detailed_onboarding.createCard(user_token, card_product_token): detailed_Onboarding.detailed_onboarding.createCard is PASSED

2020-10-13 11:16:18 - [MESSAGE][INFO] - HAR: /Users/csmall/ApiAutomationProject/Reports/20201013_111607/Detailed Test Suite/Detailed_Onboarding_With_Transactions/20201013_111608/requests/main/3.har

2020-10-13 11:16:18 - [TEST_CASE][PASSED] - Start Test Case : Verification: Verification accomplished successfully

2020-10-13 11:16:18 - [TEST_STEP][PASSED] - log = new com.kms.katalon.core.logging.KeywordLogger(): null

2020-10-13 11:16:18 - [TEST_STEP][PASSED] - request = getInstance().getCurrentRequest(): null

2020-10-13 11:16:18 - [TEST_STEP][PASSED] - println(restUrl.toString()): null

2020-10-13 11:16:18 - [TEST_STEP][PASSED] - println(httpBody.toString()): null

2020-10-13 11:16:18 - [TEST_STEP][PASSED] - log.logInfo("-------> Request Url= " + restUrl.toString()): -------> Request Url= https://sandbox-api.marqeta.com/v3/cards

2020-10-13 11:16:18 - [MESSAGE][INFO] - -------> Request Url= https://sandbox-api.marqeta.com/v3/cards

2020-10-13 11:16:18 - [TEST_STEP][PASSED] - log.logInfo("-------> Request Body= " + httpBody.toString()): -------> Request Body= {
  "user_token": "ca0aa9ca-88e1-40fc-8a13-d81c5c3b619b",
  "card_product_token": "f0b74009-59f3-4bd9-bc89-57ac21efcf38"
}

2020-10-13 11:16:18 - [MESSAGE][INFO] - -------> Request Body= {
  "user_token": "ca0aa9ca-88e1-40fc-8a13-d81c5c3b619b",
  "card_product_token": "f0b74009-59f3-4bd9-bc89-57ac21efcf38"
}

2020-10-13 11:16:18 - [TEST_STEP][PASSED] - response = getInstance().getCurrentResponse(): null

2020-10-13 11:16:18 - [TEST_STEP][PASSED] - println(responseBodyContent.toString()): null

2020-10-13 11:16:18 - [TEST_STEP][PASSED] - log.logInfo("-------> Response Body= " + responseBodyContent.toString()): -------> Response Body= {
  "created_time" : "2020-10-13T16:16:18Z",
  "last_modified_time" : "2020-10-13T16:16:18Z",
  "token" : "f7e13f9f-1b47-40e2-bb55-3fe4f0e2ad6f",
  "user_token" : "ca0aa9ca-88e1-40fc-8a13-d81c5c3b619b",
  "card_product_token" : "f0b74009-59f3-4bd9-bc89-57ac21efcf38",
  "last_four" : "4945",
  "pan" : "111111______4945",
  "expiration" : "1024",
  "expiration_time" : "2024-10-31T23:59:59Z",
  "barcode" : "28228769507324282772",
  "pin_is_set" : false,
  "state" : "ACTIVE",
  "state_reason" : "New card activated",
  "fulfillment_status" : "ISSUED",
  "instrument_type" : "VIRTUAL_PAN",
  "expedite" : false,
  "metadata" : { }
}

2020-10-13 11:16:18 - [MESSAGE][INFO] - -------> Response Body= {
  "created_time" : "2020-10-13T16:16:18Z",
  "last_modified_time" : "2020-10-13T16:16:18Z",
  "token" : "f7e13f9f-1b47-40e2-bb55-3fe4f0e2ad6f",
  "user_token" : "ca0aa9ca-88e1-40fc-8a13-d81c5c3b619b",
  "card_product_token" : "f0b74009-59f3-4bd9-bc89-57ac21efcf38",
  "last_four" : "4945",
  "pan" : "111111______4945",
  "expiration" : "1024",
  "expiration_time" : "2024-10-31T23:59:59Z",
  "barcode" : "28228769507324282772",
  "pin_is_set" : false,
  "state" : "ACTIVE",
  "state_reason" : "New card activated",
  "fulfillment_status" : "ISSUED",
  "instrument_type" : "VIRTUAL_PAN",
  "expedite" : false,
  "metadata" : { }
}

2020-10-13 11:16:18 - [TEST_STEP][PASSED] - jsonSlurper = new groovy.json.JsonSlurper(): null

2020-10-13 11:16:18 - [TEST_STEP][PASSED] - jsonResponse = jsonSlurper.parseText(response.getResponseText()): null

2020-10-13 11:16:18 - [TEST_STEP][PASSED] - assert token != null: null

2020-10-13 11:16:18 - [TEST_STEP][PASSED] - println(token): null

2020-10-13 11:16:18 - [TEST_STEP][PASSED] - card_token = token: null

2020-10-13 11:16:18 - [TEST_STEP][PASSED] - log.logInfo("-----> card_token = " + card_token): -----> card_token = f7e13f9f-1b47-40e2-bb55-3fe4f0e2ad6f

2020-10-13 11:16:18 - [MESSAGE][INFO] - -----> card_token = f7e13f9f-1b47-40e2-bb55-3fe4f0e2ad6f

2020-10-13 11:16:18 - [TEST_STEP][PASSED] - card_token = card_token: null

2020-10-13 11:16:18 - [TEST_STEP][PASSED] - log.logInfo("----> GlobalVariable card_token = " + card_token): ----> GlobalVariable card_token = f7e13f9f-1b47-40e2-bb55-3fe4f0e2ad6f

2020-10-13 11:16:18 - [MESSAGE][INFO] - ----> GlobalVariable card_token = f7e13f9f-1b47-40e2-bb55-3fe4f0e2ad6f

2020-10-13 11:16:18 - [TEST_STEP][PASSED] - assert response.getStatusCode() == 201: null

2020-10-13 11:16:18 - [MESSAGE][PASSED] - Verify response successfully

2020-10-13 11:16:18 - [MESSAGE][PASSED] - Send request and verify the response successfully

2020-10-13 11:16:18 - [MESSAGE][INFO] - -----> card_token = f7e13f9f-1b47-40e2-bb55-3fe4f0e2ad6f

2020-10-13 11:16:18 - [MESSAGE][INFO] - ----> GlobalVariable card_token = f7e13f9f-1b47-40e2-bb55-3fe4f0e2ad6f

2020-10-13 11:16:18 - [MESSAGE][PASSED] - detailed_Onboarding.detailed_onboarding.createCard is PASSED

2020-10-13 11:16:18 - [TEST_STEP][PASSED] - gpa_token = detailed_Onboarding.detailed_onboarding.createGpaOrder(user_token, gpaamount, currency_code, funding_source_token): detailed_Onboarding.detailed_onboarding.createGpaOrder is PASSED

2020-10-13 11:16:18 - [MESSAGE][INFO] - HAR: /Users/csmall/ApiAutomationProject/Reports/20201013_111607/Detailed Test Suite/Detailed_Onboarding_With_Transactions/20201013_111608/requests/main/4.har

2020-10-13 11:16:18 - [TEST_CASE][PASSED] - Start Test Case : Verification: Verification accomplished successfully

2020-10-13 11:16:19 - [TEST_STEP][PASSED] - log = new com.kms.katalon.core.logging.KeywordLogger(): null

2020-10-13 11:16:19 - [TEST_STEP][PASSED] - request = getInstance().getCurrentRequest(): null

2020-10-13 11:16:19 - [TEST_STEP][PASSED] - println(restUrl.toString()): null

2020-10-13 11:16:19 - [TEST_STEP][PASSED] - println(httpBody.toString()): null

2020-10-13 11:16:19 - [TEST_STEP][PASSED] - log.logInfo("-------> Request Url= " + restUrl.toString()): -------> Request Url= https://sandbox-api.marqeta.com/v3/gpaorders

2020-10-13 11:16:19 - [MESSAGE][INFO] - -------> Request Url= https://sandbox-api.marqeta.com/v3/gpaorders

2020-10-13 11:16:19 - [TEST_STEP][PASSED] - log.logInfo("-------> Request Body= " + httpBody.toString()): -------> Request Body= {
  "user_token": "ca0aa9ca-88e1-40fc-8a13-d81c5c3b619b",
  "amount": "10000",
  "currency_code": "USD",
  "funding_source_token": "5a7d59c0-fdc2-4dbc-8412-b1afb74406bb"
}

2020-10-13 11:16:19 - [MESSAGE][INFO] - -------> Request Body= {
  "user_token": "ca0aa9ca-88e1-40fc-8a13-d81c5c3b619b",
  "amount": "10000",
  "currency_code": "USD",
  "funding_source_token": "5a7d59c0-fdc2-4dbc-8412-b1afb74406bb"
}

2020-10-13 11:16:19 - [TEST_STEP][PASSED] - response = getInstance().getCurrentResponse(): null

2020-10-13 11:16:19 - [TEST_STEP][PASSED] - println(responseBodyContent.toString()): null

2020-10-13 11:16:19 - [TEST_STEP][PASSED] - log.logInfo("-------> Response Body= " + responseBodyContent.toString()): -------> Response Body= {
  "token" : "6f3acb6e-3314-4381-8511-404010560389",
  "amount" : 10000,
  "created_time" : "2020-10-13T16:16:18Z",
  "last_modified_time" : "2020-10-13T16:16:18Z",
  "transaction_token" : "ad9f98cc-4b27-4296-ad0a-b64e24901259",
  "state" : "COMPLETION",
  "response" : {
    "code" : "0000",
    "memo" : "Approved or completed successfully"
  },
  "funding" : {
    "amount" : 10000,
    "source" : {
      "type" : "program",
      "token" : "**********06bb",
      "active" : true,
      "name" : "Program Funding",
      "is_default_account" : false,
      "created_time" : "2020-10-13T16:16:16Z",
      "last_modified_time" : "2020-10-13T16:16:16Z"
    }
  },
  "funding_source_token" : "**********06bb",
  "user_token" : "ca0aa9ca-88e1-40fc-8a13-d81c5c3b619b",
  "currency_code" : "USD"
}

2020-10-13 11:16:19 - [MESSAGE][INFO] - -------> Response Body= {
  "token" : "6f3acb6e-3314-4381-8511-404010560389",
  "amount" : 10000,
  "created_time" : "2020-10-13T16:16:18Z",
  "last_modified_time" : "2020-10-13T16:16:18Z",
  "transaction_token" : "ad9f98cc-4b27-4296-ad0a-b64e24901259",
  "state" : "COMPLETION",
  "response" : {
    "code" : "0000",
    "memo" : "Approved or completed successfully"
  },
  "funding" : {
    "amount" : 10000,
    "source" : {
      "type" : "program",
      "token" : "**********06bb",
      "active" : true,
      "name" : "Program Funding",
      "is_default_account" : false,
      "created_time" : "2020-10-13T16:16:16Z",
      "last_modified_time" : "2020-10-13T16:16:16Z"
    }
  },
  "funding_source_token" : "**********06bb",
  "user_token" : "ca0aa9ca-88e1-40fc-8a13-d81c5c3b619b",
  "currency_code" : "USD"
}

2020-10-13 11:16:19 - [TEST_STEP][PASSED] - jsonSlurper = new groovy.json.JsonSlurper(): null

2020-10-13 11:16:19 - [TEST_STEP][PASSED] - jsonResponse = jsonSlurper.parseText(response.getResponseText()): null

2020-10-13 11:16:19 - [TEST_STEP][PASSED] - assert token != null: null

2020-10-13 11:16:19 - [TEST_STEP][PASSED] - println(token): null

2020-10-13 11:16:19 - [TEST_STEP][PASSED] - gpa_token = token: null

2020-10-13 11:16:19 - [TEST_STEP][PASSED] - log.logInfo("-----> gpa_token = " + gpa_token): -----> gpa_token = 6f3acb6e-3314-4381-8511-404010560389

2020-10-13 11:16:19 - [MESSAGE][INFO] - -----> gpa_token = 6f3acb6e-3314-4381-8511-404010560389

2020-10-13 11:16:19 - [TEST_STEP][PASSED] - user_token = gpa_token: null

2020-10-13 11:16:19 - [TEST_STEP][PASSED] - log.logInfo("----> GlobalVariable gpa_token = " + gpa_token): ----> GlobalVariable gpa_token = 

2020-10-13 11:16:19 - [MESSAGE][INFO] - ----> GlobalVariable gpa_token = 

2020-10-13 11:16:19 - [TEST_STEP][PASSED] - assert response.getStatusCode() == 201: null

2020-10-13 11:16:19 - [MESSAGE][PASSED] - Verify response successfully

2020-10-13 11:16:19 - [MESSAGE][PASSED] - Send request and verify the response successfully

2020-10-13 11:16:19 - [MESSAGE][INFO] - -----> gpa_token = 6f3acb6e-3314-4381-8511-404010560389

2020-10-13 11:16:19 - [MESSAGE][INFO] - ----> GlobalVariable gpa_token = 6f3acb6e-3314-4381-8511-404010560389

2020-10-13 11:16:19 - [MESSAGE][PASSED] - detailed_Onboarding.detailed_onboarding.createGpaOrder is PASSED

2020-10-13 11:16:19 - [TEST_STEP][PASSED] - detailed_Onboarding.detailed_onboarding.createCardTransition(card_token, "SUSPENDED", channel, "01"): detailed_Onboarding.detailed_onboarding.createCardTransition is PASSED

2020-10-13 11:16:19 - [MESSAGE][INFO] - HAR: /Users/csmall/ApiAutomationProject/Reports/20201013_111607/Detailed Test Suite/Detailed_Onboarding_With_Transactions/20201013_111608/requests/main/5.har

2020-10-13 11:16:19 - [TEST_CASE][PASSED] - Start Test Case : Verification: Verification accomplished successfully

2020-10-13 11:16:19 - [TEST_STEP][PASSED] - log = new com.kms.katalon.core.logging.KeywordLogger(): null

2020-10-13 11:16:19 - [TEST_STEP][PASSED] - request = getInstance().getCurrentRequest(): null

2020-10-13 11:16:19 - [TEST_STEP][PASSED] - println(restUrl.toString()): null

2020-10-13 11:16:19 - [TEST_STEP][PASSED] - println(httpBody.toString()): null

2020-10-13 11:16:19 - [TEST_STEP][PASSED] - log.logInfo("-------> Request Url= " + restUrl.toString()): -------> Request Url= https://sandbox-api.marqeta.com/v3/cardtransitions

2020-10-13 11:16:19 - [MESSAGE][INFO] - -------> Request Url= https://sandbox-api.marqeta.com/v3/cardtransitions

2020-10-13 11:16:19 - [TEST_STEP][PASSED] - log.logInfo("-------> Request Body= " + httpBody.toString()): -------> Request Body= {
  "card_token": "f7e13f9f-1b47-40e2-bb55-3fe4f0e2ad6f",
  "state": "SUSPENDED",
  "channel": "API",
  "reason_code": "01"
}

2020-10-13 11:16:19 - [MESSAGE][INFO] - -------> Request Body= {
  "card_token": "f7e13f9f-1b47-40e2-bb55-3fe4f0e2ad6f",
  "state": "SUSPENDED",
  "channel": "API",
  "reason_code": "01"
}

2020-10-13 11:16:19 - [TEST_STEP][PASSED] - response = getInstance().getCurrentResponse(): null

2020-10-13 11:16:19 - [TEST_STEP][PASSED] - println(responseBodyContent.toString()): null

2020-10-13 11:16:19 - [TEST_STEP][PASSED] - log.logInfo("-------> Response Body= " + responseBodyContent.toString()): -------> Response Body= {
  "token" : "29a5caeb-f64d-479c-a24a-ff61d65305a3",
  "card_token" : "f7e13f9f-1b47-40e2-bb55-3fe4f0e2ad6f",
  "user_token" : "ca0aa9ca-88e1-40fc-8a13-d81c5c3b619b",
  "state" : "SUSPENDED",
  "reason" : "Suspended card",
  "reason_code" : "01",
  "channel" : "API",
  "fulfillment_status" : "ISSUED",
  "validations" : {
    "user" : {
      "birth_date" : false,
      "phone" : false,
      "ssn" : false,
      "random_name_line1_postfix" : false
    }
  },
  "type" : "state.suspended",
  "created_time" : "2020-10-13T16:16:19Z",
  "card_product_token" : "f0b74009-59f3-4bd9-bc89-57ac21efcf38",
  "last_four" : "4945",
  "pan" : "111111______4945",
  "expiration" : "1024",
  "expiration_time" : "2024-10-31T23:59:59.000Z",
  "barcode" : "28228769507324282772",
  "pin_is_set" : false,
  "user" : {
    "metadata" : { }
  },
  "card" : {
    "metadata" : { }
  }
}

2020-10-13 11:16:19 - [MESSAGE][INFO] - -------> Response Body= {
  "token" : "29a5caeb-f64d-479c-a24a-ff61d65305a3",
  "card_token" : "f7e13f9f-1b47-40e2-bb55-3fe4f0e2ad6f",
  "user_token" : "ca0aa9ca-88e1-40fc-8a13-d81c5c3b619b",
  "state" : "SUSPENDED",
  "reason" : "Suspended card",
  "reason_code" : "01",
  "channel" : "API",
  "fulfillment_status" : "ISSUED",
  "validations" : {
    "user" : {
      "birth_date" : false,
      "phone" : false,
      "ssn" : false,
      "random_name_line1_postfix" : false
    }
  },
  "type" : "state.suspended",
  "created_time" : "2020-10-13T16:16:19Z",
  "card_product_token" : "f0b74009-59f3-4bd9-bc89-57ac21efcf38",
  "last_four" : "4945",
  "pan" : "111111______4945",
  "expiration" : "1024",
  "expiration_time" : "2024-10-31T23:59:59.000Z",
  "barcode" : "28228769507324282772",
  "pin_is_set" : false,
  "user" : {
    "metadata" : { }
  },
  "card" : {
    "metadata" : { }
  }
}

2020-10-13 11:16:19 - [TEST_STEP][PASSED] - jsonSlurper = new groovy.json.JsonSlurper(): null

2020-10-13 11:16:19 - [TEST_STEP][PASSED] - jsonResponse = jsonSlurper.parseText(response.getResponseText()): null

2020-10-13 11:16:19 - [TEST_STEP][PASSED] - assert token != null: null

2020-10-13 11:16:19 - [TEST_STEP][PASSED] - assert response.getStatusCode() == 201: null

2020-10-13 11:16:19 - [MESSAGE][PASSED] - Verify response successfully

2020-10-13 11:16:19 - [MESSAGE][PASSED] - Send request and verify the response successfully

2020-10-13 11:16:19 - [MESSAGE][INFO] - -----> transition_reason = Suspended card

2020-10-13 11:16:19 - [MESSAGE][INFO] - -----> transitionState = SUSPENDED

2020-10-13 11:16:19 - [MESSAGE][PASSED] - detailed_Onboarding.detailed_onboarding.createCardTransition is PASSED

2020-10-13 11:16:19 - [TEST_STEP][PASSED] - original_transaction_token = detailed_Onboarding.detailed_onboarding.createTransAuthDeclined(card_token, trans_amount1, mid, beeceptor_declined_transaction, beeceptor_username, beeceptor_password): detailed_Onboarding.detailed_onboarding.createTransAuthDeclined is PASSED

2020-10-13 11:16:20 - [MESSAGE][INFO] - HAR: /Users/csmall/ApiAutomationProject/Reports/20201013_111607/Detailed Test Suite/Detailed_Onboarding_With_Transactions/20201013_111608/requests/main/6.har

2020-10-13 11:16:20 - [TEST_CASE][PASSED] - Start Test Case : Verification: Verification accomplished successfully

2020-10-13 11:16:20 - [TEST_STEP][PASSED] - log = new com.kms.katalon.core.logging.KeywordLogger(): null

2020-10-13 11:16:20 - [TEST_STEP][PASSED] - request = getInstance().getCurrentRequest(): null

2020-10-13 11:16:20 - [TEST_STEP][PASSED] - println(restUrl.toString()): null

2020-10-13 11:16:20 - [TEST_STEP][PASSED] - println(httpBody.toString()): null

2020-10-13 11:16:20 - [TEST_STEP][PASSED] - log.logInfo("-------> Request Url= " + restUrl.toString()): -------> Request Url= https://sandbox-api.marqeta.com/v3/simulate/authorization

2020-10-13 11:16:20 - [MESSAGE][INFO] - -------> Request Url= https://sandbox-api.marqeta.com/v3/simulate/authorization

2020-10-13 11:16:20 - [TEST_STEP][PASSED] - log.logInfo("-------> Request Body= " + httpBody.toString()): -------> Request Body= {
  "card_token": "f7e13f9f-1b47-40e2-bb55-3fe4f0e2ad6f",
  "amount": "10",
  "mid": "USD",
  "webhook": {
    "endpoint": "https://create-transaction.free.beeceptor.com/declined-transaction",
    "username": "chase.small@outlook.com",
    "password": "Shredder1991!"
  }
}

2020-10-13 11:16:20 - [MESSAGE][INFO] - -------> Request Body= {
  "card_token": "f7e13f9f-1b47-40e2-bb55-3fe4f0e2ad6f",
  "amount": "10",
  "mid": "USD",
  "webhook": {
    "endpoint": "https://create-transaction.free.beeceptor.com/declined-transaction",
    "username": "chase.small@outlook.com",
    "password": "Shredder1991!"
  }
}

2020-10-13 11:16:20 - [TEST_STEP][PASSED] - response = getInstance().getCurrentResponse(): null

2020-10-13 11:16:20 - [TEST_STEP][PASSED] - println(responseBodyContent.toString()): null

2020-10-13 11:16:20 - [TEST_STEP][PASSED] - log.logInfo("-------> Response Body= " + responseBodyContent.toString()): -------> Response Body= {
  "transaction" : {
    "type" : "authorization",
    "state" : "DECLINED",
    "identifier" : "188",
    "token" : "b53688a4-9984-492f-9e22-655d865cd02b",
    "user_token" : "ca0aa9ca-88e1-40fc-8a13-d81c5c3b619b",
    "acting_user_token" : "ca0aa9ca-88e1-40fc-8a13-d81c5c3b619b",
    "card_token" : "f7e13f9f-1b47-40e2-bb55-3fe4f0e2ad6f",
    "gpa" : {
      "currency_code" : "USD",
      "ledger_balance" : 10000.00,
      "available_balance" : 10000.00,
      "credit_balance" : 0.00,
      "pending_credits" : 0.00,
      "balances" : {
        "USD" : {
          "currency_code" : "USD",
          "ledger_balance" : 10000.00,
          "available_balance" : 10000.00,
          "credit_balance" : 0.00,
          "pending_credits" : 0.00
        }
      }
    },
    "duration" : 22,
    "created_time" : "2020-10-13T16:16:19Z",
    "user_transaction_time" : "2020-10-13T16:16:19Z",
    "settlement_date" : "2020-10-13T00:00:00Z",
    "request_amount" : 10.00,
    "amount" : 10.00,
    "issuer_interchange_amount" : 0,
    "currency_code" : "USD",
    "response" : {
      "code" : "1003",
      "memo" : "Card suspended"
    },
    "network" : "DISCOVER",
    "acquirer_fee_amount" : 0,
    "acquirer" : {
      "system_trace_audit_number" : "297571"
    },
    "user" : {
      "metadata" : { }
    },
    "card" : {
      "last_four" : "4945",
      "metadata" : { }
    },
    "issuer_received_time" : "2020-10-13T16:16:19.921Z",
    "issuer_payment_node" : "00b8d031e0a4759766b5b5266f5229d8",
    "network_reference_id" : "942933115864",
    "card_acceptor" : {
      "mid" : "USD",
      "mcc" : "6411",
      "network_mid" : "USD",
      "name" : "Marqeta Storefront",
      "address" : "330 Central Ave. St.",
      "city" : "St. Petersburg",
      "state" : "CA",
      "zip" : "33705",
      "country" : "USA",
      "poi" : {
        "partial_approval_capable" : "1"
      }
    },
    "is_recurring" : false,
    "is_installment" : false
  },
  "raw_iso8583" : {
    "0" : "2110",
    "2" : "1111112800664945",
    "3" : "000000",
    "4" : 10.00,
    "7" : "1013161619",
    "11" : "000006297571",
    "12" : "20201013161619",
    "13" : "201013",
    "14" : "2410",
    "15" : "20201013",
    "17" : "1013",
    "21" : "942933115864",
    "22" : "10000000020000000100000001000000",
    "24" : "181",
    "26" : "6411",
    "37" : "1079",
    "39" : "0014",
    "42" : "USD",
    "43" : {
      "2" : "Marqeta Storefront",
      "3" : "330 Central Ave. St.",
      "4" : "St. Petersburg",
      "5" : "CA",
      "6" : "33705",
      "7" : "840"
    },
    "44" : {
      "1" : "Card suspended",
      "2" : "Card suspended",
      "3" : "59",
      "4" : "Card suspended"
    },
    "63" : "DISCOVER",
    "112" : {
      "22" : "0200010000700",
      "103" : "840"
    },
    "113" : {
      "2" : "106",
      "29" : "Y",
      "34" : "Y",
      "35" : "API"
    },
    "180" : "evbvhpcf"
  }
}

2020-10-13 11:16:20 - [MESSAGE][INFO] - -------> Response Body= {
  "transaction" : {
    "type" : "authorization",
    "state" : "DECLINED",
    "identifier" : "188",
    "token" : "b53688a4-9984-492f-9e22-655d865cd02b",
    "user_token" : "ca0aa9ca-88e1-40fc-8a13-d81c5c3b619b",
    "acting_user_token" : "ca0aa9ca-88e1-40fc-8a13-d81c5c3b619b",
    "card_token" : "f7e13f9f-1b47-40e2-bb55-3fe4f0e2ad6f",
    "gpa" : {
      "currency_code" : "USD",
      "ledger_balance" : 10000.00,
      "available_balance" : 10000.00,
      "credit_balance" : 0.00,
      "pending_credits" : 0.00,
      "balances" : {
        "USD" : {
          "currency_code" : "USD",
          "ledger_balance" : 10000.00,
          "available_balance" : 10000.00,
          "credit_balance" : 0.00,
          "pending_credits" : 0.00
        }
      }
    },
    "duration" : 22,
    "created_time" : "2020-10-13T16:16:19Z",
    "user_transaction_time" : "2020-10-13T16:16:19Z",
    "settlement_date" : "2020-10-13T00:00:00Z",
    "request_amount" : 10.00,
    "amount" : 10.00,
    "issuer_interchange_amount" : 0,
    "currency_code" : "USD",
    "response" : {
      "code" : "1003",
      "memo" : "Card suspended"
    },
    "network" : "DISCOVER",
    "acquirer_fee_amount" : 0,
    "acquirer" : {
      "system_trace_audit_number" : "297571"
    },
    "user" : {
      "metadata" : { }
    },
    "card" : {
      "last_four" : "4945",
      "metadata" : { }
    },
    "issuer_received_time" : "2020-10-13T16:16:19.921Z",
    "issuer_payment_node" : "00b8d031e0a4759766b5b5266f5229d8",
    "network_reference_id" : "942933115864",
    "card_acceptor" : {
      "mid" : "USD",
      "mcc" : "6411",
      "network_mid" : "USD",
      "name" : "Marqeta Storefront",
      "address" : "330 Central Ave. St.",
      "city" : "St. Petersburg",
      "state" : "CA",
      "zip" : "33705",
      "country" : "USA",
      "poi" : {
        "partial_approval_capable" : "1"
      }
    },
    "is_recurring" : false,
    "is_installment" : false
  },
  "raw_iso8583" : {
    "0" : "2110",
    "2" : "1111112800664945",
    "3" : "000000",
    "4" : 10.00,
    "7" : "1013161619",
    "11" : "000006297571",
    "12" : "20201013161619",
    "13" : "201013",
    "14" : "2410",
    "15" : "20201013",
    "17" : "1013",
    "21" : "942933115864",
    "22" : "10000000020000000100000001000000",
    "24" : "181",
    "26" : "6411",
    "37" : "1079",
    "39" : "0014",
    "42" : "USD",
    "43" : {
      "2" : "Marqeta Storefront",
      "3" : "330 Central Ave. St.",
      "4" : "St. Petersburg",
      "5" : "CA",
      "6" : "33705",
      "7" : "840"
    },
    "44" : {
      "1" : "Card suspended",
      "2" : "Card suspended",
      "3" : "59",
      "4" : "Card suspended"
    },
    "63" : "DISCOVER",
    "112" : {
      "22" : "0200010000700",
      "103" : "840"
    },
    "113" : {
      "2" : "106",
      "29" : "Y",
      "34" : "Y",
      "35" : "API"
    },
    "180" : "evbvhpcf"
  }
}

2020-10-13 11:16:20 - [TEST_STEP][PASSED] - jsonSlurper = new groovy.json.JsonSlurper(): null

2020-10-13 11:16:20 - [TEST_STEP][PASSED] - jsonResponse = jsonSlurper.parseText(response.getResponseText()): null

2020-10-13 11:16:20 - [TEST_STEP][PASSED] - declinedState = state: null

2020-10-13 11:16:20 - [TEST_STEP][PASSED] - log.logInfo("-----> transaction.state = " + declinedState): -----> transaction.state = DECLINED

2020-10-13 11:16:20 - [MESSAGE][INFO] - -----> transaction.state = DECLINED

2020-10-13 11:16:20 - [TEST_STEP][PASSED] - verifyElementPropertyValue(response, "transaction.state", "DECLINED"): Verify element property value successfully

2020-10-13 11:16:20 - [MESSAGE][PASSED] - Verify element property value successfully

2020-10-13 11:16:20 - [TEST_STEP][PASSED] - declined_response_reason = memo: null

2020-10-13 11:16:20 - [TEST_STEP][PASSED] - log.logInfo("-----> declined_response_reason = " + declined_response_reason): -----> declined_response_reason = Card suspended

2020-10-13 11:16:20 - [MESSAGE][INFO] - -----> declined_response_reason = Card suspended

2020-10-13 11:16:20 - [TEST_STEP][PASSED] - assert token != null: null

2020-10-13 11:16:20 - [TEST_STEP][PASSED] - println(token): null

2020-10-13 11:16:20 - [TEST_STEP][PASSED] - original_transaction_token = token: null

2020-10-13 11:16:20 - [TEST_STEP][PASSED] - log.logInfo("-----> original_transaction_token = " + original_transaction_token): -----> original_transaction_token = b53688a4-9984-492f-9e22-655d865cd02b

2020-10-13 11:16:20 - [MESSAGE][INFO] - -----> original_transaction_token = b53688a4-9984-492f-9e22-655d865cd02b

2020-10-13 11:16:20 - [TEST_STEP][PASSED] - original_transaction_token = original_transaction_token: null

2020-10-13 11:16:20 - [TEST_STEP][PASSED] - log.logInfo("----> GlobalVariable original_transaction_token = " + original_transaction_token): ----> GlobalVariable original_transaction_token = b53688a4-9984-492f-9e22-655d865cd02b

2020-10-13 11:16:20 - [MESSAGE][INFO] - ----> GlobalVariable original_transaction_token = b53688a4-9984-492f-9e22-655d865cd02b

2020-10-13 11:16:20 - [TEST_STEP][PASSED] - assert response.getStatusCode() == 201: null

2020-10-13 11:16:20 - [MESSAGE][PASSED] - Verify response successfully

2020-10-13 11:16:20 - [MESSAGE][PASSED] - Send request and verify the response successfully

2020-10-13 11:16:20 - [MESSAGE][INFO] - -----> original_transaction_token = b53688a4-9984-492f-9e22-655d865cd02b

2020-10-13 11:16:20 - [MESSAGE][INFO] - ----> GlobalVariable original_transaction_token = b53688a4-9984-492f-9e22-655d865cd02b

2020-10-13 11:16:20 - [MESSAGE][PASSED] - detailed_Onboarding.detailed_onboarding.createTransAuthDeclined is PASSED]]></system-out>
         <system-err><![CDATA[]]></system-err>
      </testcase>
      <testcase name="Test Cases/API Test Cases/Quickstart_with_transactions/Transaction Tests/Card Settled Transaction/Detailed_onboarding_with_card_transaction" time="5.619" classname="Test Cases/API Test Cases/Quickstart_with_transactions/Transaction Tests/Card Settled Transaction/Detailed_onboarding_with_card_transaction" status="PASSED">
         <system-out><![CDATA[2020-10-13 11:16:20 - [TEST_CASE][PASSED] - Test Cases/API Test Cases/Quickstart_with_transactions/Transaction Tests/Card Settled Transaction/Detailed_onboarding_with_card_transaction: Test Cases/API Test Cases/Quickstart_with_transactions/Transaction Tests/Card Settled Transaction/Detailed_onboarding_with_card_transaction

2020-10-13 11:16:20 - [TEST_STEP][PASSED] - card_product_token = detailed_Onboarding.detailed_onboarding.createCardProduct(start_date, card_product_name, payment_instrument, ecommerce, activate_upon_issue): detailed_Onboarding.detailed_onboarding.createCardProduct is PASSED

2020-10-13 11:16:20 - [MESSAGE][INFO] - HAR: /Users/csmall/ApiAutomationProject/Reports/20201013_111607/Detailed Test Suite/Detailed_Onboarding_With_Transactions/20201013_111608/requests/main/7.har

2020-10-13 11:16:20 - [TEST_CASE][PASSED] - Start Test Case : Verification: Verification accomplished successfully

2020-10-13 11:16:20 - [TEST_STEP][PASSED] - log = new com.kms.katalon.core.logging.KeywordLogger(): null

2020-10-13 11:16:20 - [TEST_STEP][PASSED] - request = getInstance().getCurrentRequest(): null

2020-10-13 11:16:20 - [TEST_STEP][PASSED] - println(restUrl.toString()): null

2020-10-13 11:16:20 - [TEST_STEP][PASSED] - println(httpBody.toString()): null

2020-10-13 11:16:20 - [TEST_STEP][PASSED] - log.logInfo("-------> Request Url= " + restUrl.toString()): -------> Request Url= https://sandbox-api.marqeta.com/v3/cardproducts

2020-10-13 11:16:20 - [MESSAGE][INFO] - -------> Request Url= https://sandbox-api.marqeta.com/v3/cardproducts

2020-10-13 11:16:20 - [TEST_STEP][PASSED] - log.logInfo("-------> Request Body= " + httpBody.toString()): -------> Request Body= {
  "start_date": "2020-09-10",
  "name": "Example Card Product",
  "config": {
    "fulfillment": {
      "payment_instrument":"VIRTUAL_PAN"
     },
    "poi": {
      "ecommerce": true,
      "atm": "true"
    },
    "card_life_cycle": {
      "activate_upon_issue": true
    }
  }
}

2020-10-13 11:16:20 - [MESSAGE][INFO] - -------> Request Body= {
  "start_date": "2020-09-10",
  "name": "Example Card Product",
  "config": {
    "fulfillment": {
      "payment_instrument":"VIRTUAL_PAN"
     },
    "poi": {
      "ecommerce": true,
      "atm": "true"
    },
    "card_life_cycle": {
      "activate_upon_issue": true
    }
  }
}

2020-10-13 11:16:20 - [TEST_STEP][PASSED] - response = getInstance().getCurrentResponse(): null

2020-10-13 11:16:20 - [TEST_STEP][PASSED] - println(responseBodyContent.toString()): null

2020-10-13 11:16:20 - [TEST_STEP][PASSED] - log.logInfo("-------> Response Body= " + responseBodyContent.toString()): -------> Response Body= {
  "token" : "b30e79e6-2cd5-46b2-9d1c-7004ba3cbb7b",
  "name" : "Example Card Product",
  "active" : true,
  "start_date" : "2020-09-10",
  "config" : {
    "poi" : {
      "other" : {
        "allow" : true,
        "card_presence_required" : false,
        "cardholder_presence_required" : false
      },
      "ecommerce" : true,
      "atm" : true
    },
    "transaction_controls" : {
      "accepted_countries_token" : "accept_us_only",
      "always_require_pin" : false,
      "always_require_icc" : false,
      "allow_gpa_auth" : true,
      "require_card_not_present_card_security_code" : false,
      "allow_mcc_group_authorization_controls" : true,
      "allow_first_pin_set_via_financial_transaction" : false,
      "ignore_card_suspended_state" : false,
      "allow_chip_fallback" : true,
      "allow_network_load" : false,
      "allow_network_load_card_activation" : false,
      "allow_quasi_cash" : false,
      "enable_partial_auth_approval" : true,
      "address_verification" : {
        "av_messages" : {
          "validate" : true,
          "decline_on_address_number_mismatch" : false,
          "decline_on_postal_code_mismatch" : true
        },
        "auth_messages" : {
          "validate" : true,
          "decline_on_address_number_mismatch" : false,
          "decline_on_postal_code_mismatch" : false
        }
      },
      "strong_customer_authentication_limits" : { }
    },
    "selective_auth" : {
      "sa_mode" : 1,
      "enable_regex_search_chain" : false,
      "dmd_location_sensitivity" : 0
    },
    "special" : {
      "merchant_on_boarding" : false
    },
    "card_life_cycle" : {
      "activate_upon_issue" : true,
      "expiration_offset" : {
        "unit" : "YEARS",
        "value" : 4
      },
      "card_service_code" : 101,
      "update_expiration_upon_activation" : false
    },
    "clearing_and_settlement" : {
      "overdraft_destination" : "GPA"
    },
    "jit_funding" : {
      "paymentcard_funding_source" : {
        "enabled" : false,
        "refunds_destination" : ""
      },
      "programgateway_funding_source" : {
        "enabled" : false,
        "funding_source_token" : "",
        "refunds_destination" : "",
        "always_fund" : true
      },
      "program_funding_source" : {
        "enabled" : false,
        "funding_source_token" : "",
        "refunds_destination" : ""
      }
    },
    "digital_wallet_tokenization" : {
      "provisioning_controls" : {
        "manual_entry" : {
          "enabled" : false,
          "address_verification" : {
            "validate" : true
          }
        },
        "wallet_provider_card_on_file" : {
          "enabled" : false,
          "address_verification" : {
            "validate" : true
          }
        },
        "in_app_provisioning" : {
          "enabled" : false,
          "address_verification" : {
            "validate" : true
          }
        }
      },
      "card_art_id" : ""
    },
    "fulfillment" : {
      "payment_instrument" : "VIRTUAL_PAN",
      "package_id" : "0",
      "all_zero_card_security_code" : false,
      "bin_prefix" : "111111",
      "bulk_ship" : false,
      "pan_length" : "16",
      "fulfillment_provider" : "PERFECTPLASTIC",
      "allow_card_creation" : true,
      "uppercase_name_lines" : true,
      "enable_offline_pin" : false
    }
  },
  "created_time" : "2020-10-13T16:16:20Z",
  "last_modified_time" : "2020-10-13T16:16:20Z"
}

2020-10-13 11:16:20 - [MESSAGE][INFO] - -------> Response Body= {
  "token" : "b30e79e6-2cd5-46b2-9d1c-7004ba3cbb7b",
  "name" : "Example Card Product",
  "active" : true,
  "start_date" : "2020-09-10",
  "config" : {
    "poi" : {
      "other" : {
        "allow" : true,
        "card_presence_required" : false,
        "cardholder_presence_required" : false
      },
      "ecommerce" : true,
      "atm" : true
    },
    "transaction_controls" : {
      "accepted_countries_token" : "accept_us_only",
      "always_require_pin" : false,
      "always_require_icc" : false,
      "allow_gpa_auth" : true,
      "require_card_not_present_card_security_code" : false,
      "allow_mcc_group_authorization_controls" : true,
      "allow_first_pin_set_via_financial_transaction" : false,
      "ignore_card_suspended_state" : false,
      "allow_chip_fallback" : true,
      "allow_network_load" : false,
      "allow_network_load_card_activation" : false,
      "allow_quasi_cash" : false,
      "enable_partial_auth_approval" : true,
      "address_verification" : {
        "av_messages" : {
          "validate" : true,
          "decline_on_address_number_mismatch" : false,
          "decline_on_postal_code_mismatch" : true
        },
        "auth_messages" : {
          "validate" : true,
          "decline_on_address_number_mismatch" : false,
          "decline_on_postal_code_mismatch" : false
        }
      },
      "strong_customer_authentication_limits" : { }
    },
    "selective_auth" : {
      "sa_mode" : 1,
      "enable_regex_search_chain" : false,
      "dmd_location_sensitivity" : 0
    },
    "special" : {
      "merchant_on_boarding" : false
    },
    "card_life_cycle" : {
      "activate_upon_issue" : true,
      "expiration_offset" : {
        "unit" : "YEARS",
        "value" : 4
      },
      "card_service_code" : 101,
      "update_expiration_upon_activation" : false
    },
    "clearing_and_settlement" : {
      "overdraft_destination" : "GPA"
    },
    "jit_funding" : {
      "paymentcard_funding_source" : {
        "enabled" : false,
        "refunds_destination" : ""
      },
      "programgateway_funding_source" : {
        "enabled" : false,
        "funding_source_token" : "",
        "refunds_destination" : "",
        "always_fund" : true
      },
      "program_funding_source" : {
        "enabled" : false,
        "funding_source_token" : "",
        "refunds_destination" : ""
      }
    },
    "digital_wallet_tokenization" : {
      "provisioning_controls" : {
        "manual_entry" : {
          "enabled" : false,
          "address_verification" : {
            "validate" : true
          }
        },
        "wallet_provider_card_on_file" : {
          "enabled" : false,
          "address_verification" : {
            "validate" : true
          }
        },
        "in_app_provisioning" : {
          "enabled" : false,
          "address_verification" : {
            "validate" : true
          }
        }
      },
      "card_art_id" : ""
    },
    "fulfillment" : {
      "payment_instrument" : "VIRTUAL_PAN",
      "package_id" : "0",
      "all_zero_card_security_code" : false,
      "bin_prefix" : "111111",
      "bulk_ship" : false,
      "pan_length" : "16",
      "fulfillment_provider" : "PERFECTPLASTIC",
      "allow_card_creation" : true,
      "uppercase_name_lines" : true,
      "enable_offline_pin" : false
    }
  },
  "created_time" : "2020-10-13T16:16:20Z",
  "last_modified_time" : "2020-10-13T16:16:20Z"
}

2020-10-13 11:16:20 - [TEST_STEP][PASSED] - jsonSlurper = new groovy.json.JsonSlurper(): null

2020-10-13 11:16:20 - [TEST_STEP][PASSED] - jsonResponse = jsonSlurper.parseText(response.getResponseText()): null

2020-10-13 11:16:20 - [TEST_STEP][PASSED] - assert token != null: null

2020-10-13 11:16:20 - [TEST_STEP][PASSED] - println(token): null

2020-10-13 11:16:20 - [TEST_STEP][PASSED] - card_product_token = token: null

2020-10-13 11:16:20 - [TEST_STEP][PASSED] - log.logInfo("-----> card_product_token = " + card_product_token): -----> card_product_token = b30e79e6-2cd5-46b2-9d1c-7004ba3cbb7b

2020-10-13 11:16:20 - [MESSAGE][INFO] - -----> card_product_token = b30e79e6-2cd5-46b2-9d1c-7004ba3cbb7b

2020-10-13 11:16:20 - [TEST_STEP][PASSED] - card_product_token = card_product_token: null

2020-10-13 11:16:20 - [TEST_STEP][PASSED] - log.logInfo("----> GlobalVariable card_product_token = " + card_product_token): ----> GlobalVariable card_product_token = b30e79e6-2cd5-46b2-9d1c-7004ba3cbb7b

2020-10-13 11:16:20 - [MESSAGE][INFO] - ----> GlobalVariable card_product_token = b30e79e6-2cd5-46b2-9d1c-7004ba3cbb7b

2020-10-13 11:16:20 - [TEST_STEP][PASSED] - assert response.getStatusCode() == 201: null

2020-10-13 11:16:20 - [MESSAGE][PASSED] - Verify response successfully

2020-10-13 11:16:20 - [MESSAGE][PASSED] - Send request and verify the response successfully

2020-10-13 11:16:20 - [MESSAGE][INFO] - -----> card_product_token = b30e79e6-2cd5-46b2-9d1c-7004ba3cbb7b

2020-10-13 11:16:20 - [MESSAGE][INFO] - ----> GlobalVariable card_product_token = b30e79e6-2cd5-46b2-9d1c-7004ba3cbb7b

2020-10-13 11:16:20 - [MESSAGE][PASSED] - detailed_Onboarding.detailed_onboarding.createCardProduct is PASSED

2020-10-13 11:16:20 - [TEST_STEP][PASSED] - funding_source_token = detailed_Onboarding.detailed_onboarding.createCardFundingSource(program_name): detailed_Onboarding.detailed_onboarding.createCardFundingSource is PASSED

2020-10-13 11:16:21 - [MESSAGE][INFO] - HAR: /Users/csmall/ApiAutomationProject/Reports/20201013_111607/Detailed Test Suite/Detailed_Onboarding_With_Transactions/20201013_111608/requests/main/8.har

2020-10-13 11:16:21 - [TEST_CASE][PASSED] - Start Test Case : Verification: Verification accomplished successfully

2020-10-13 11:16:21 - [TEST_STEP][PASSED] - log = new com.kms.katalon.core.logging.KeywordLogger(): null

2020-10-13 11:16:21 - [TEST_STEP][PASSED] - request = getInstance().getCurrentRequest(): null

2020-10-13 11:16:21 - [TEST_STEP][PASSED] - println(restUrl.toString()): null

2020-10-13 11:16:21 - [TEST_STEP][PASSED] - println(httpBody.toString()): null

2020-10-13 11:16:21 - [TEST_STEP][PASSED] - log.logInfo("-------> Request Url= " + restUrl.toString()): -------> Request Url= https://sandbox-api.marqeta.com/v3/fundingsources/program

2020-10-13 11:16:21 - [MESSAGE][INFO] - -------> Request Url= https://sandbox-api.marqeta.com/v3/fundingsources/program

2020-10-13 11:16:21 - [TEST_STEP][PASSED] - log.logInfo("-------> Request Body= " + httpBody.toString()): -------> Request Body= {
  "name": "Program Funding"
}

2020-10-13 11:16:21 - [MESSAGE][INFO] - -------> Request Body= {
  "name": "Program Funding"
}

2020-10-13 11:16:21 - [TEST_STEP][PASSED] - response = getInstance().getCurrentResponse(): null

2020-10-13 11:16:21 - [TEST_STEP][PASSED] - println(responseBodyContent.toString()): null

2020-10-13 11:16:21 - [TEST_STEP][PASSED] - log.logInfo("-------> Response Body= " + responseBodyContent.toString()): -------> Response Body= {
  "name" : "Program Funding",
  "active" : true,
  "token" : "5fe6519f-cc6c-4154-95ee-eaa0bc9531d3",
  "created_time" : "2020-10-13T16:16:21Z",
  "last_modified_time" : "2020-10-13T16:16:21Z",
  "account" : "12.003.001.000000"
}

2020-10-13 11:16:21 - [MESSAGE][INFO] - -------> Response Body= {
  "name" : "Program Funding",
  "active" : true,
  "token" : "5fe6519f-cc6c-4154-95ee-eaa0bc9531d3",
  "created_time" : "2020-10-13T16:16:21Z",
  "last_modified_time" : "2020-10-13T16:16:21Z",
  "account" : "12.003.001.000000"
}

2020-10-13 11:16:21 - [TEST_STEP][PASSED] - jsonSlurper = new groovy.json.JsonSlurper(): null

2020-10-13 11:16:21 - [TEST_STEP][PASSED] - jsonResponse = jsonSlurper.parseText(response.getResponseText()): null

2020-10-13 11:16:21 - [TEST_STEP][PASSED] - assert token != null: null

2020-10-13 11:16:21 - [TEST_STEP][PASSED] - println(token): null

2020-10-13 11:16:21 - [TEST_STEP][PASSED] - funding_token = token: null

2020-10-13 11:16:21 - [TEST_STEP][PASSED] - log.logInfo("-----> funding_token = " + funding_token): -----> funding_token = 5fe6519f-cc6c-4154-95ee-eaa0bc9531d3

2020-10-13 11:16:21 - [MESSAGE][INFO] - -----> funding_token = 5fe6519f-cc6c-4154-95ee-eaa0bc9531d3

2020-10-13 11:16:21 - [TEST_STEP][PASSED] - funding_token = funding_token: null

2020-10-13 11:16:21 - [TEST_STEP][PASSED] - log.logInfo("----> GlobalVariable funding_token = " + funding_token): ----> GlobalVariable funding_token = 5fe6519f-cc6c-4154-95ee-eaa0bc9531d3

2020-10-13 11:16:21 - [MESSAGE][INFO] - ----> GlobalVariable funding_token = 5fe6519f-cc6c-4154-95ee-eaa0bc9531d3

2020-10-13 11:16:21 - [TEST_STEP][PASSED] - assert response.getStatusCode() == 201: null

2020-10-13 11:16:21 - [MESSAGE][PASSED] - Verify response successfully

2020-10-13 11:16:21 - [MESSAGE][PASSED] - Send request and verify the response successfully

2020-10-13 11:16:21 - [MESSAGE][INFO] - -----> funding_source_token = 5fe6519f-cc6c-4154-95ee-eaa0bc9531d3

2020-10-13 11:16:21 - [MESSAGE][INFO] - ----> GlobalVariable funding_source_token = 5fe6519f-cc6c-4154-95ee-eaa0bc9531d3

2020-10-13 11:16:21 - [MESSAGE][PASSED] - detailed_Onboarding.detailed_onboarding.createCardFundingSource is PASSED

2020-10-13 11:16:21 - [TEST_STEP][PASSED] - user_token = detailed_Onboarding.detailed_onboarding.createDetailedUser(user_first_name, user_middle_name, user_last_name, active, user_password, phone, gender, user_email, ssn_expiration_date, user_id_type, user_address1, city, user_state, country, birth_date, corporate_card_holder, user_ssn, id_card_number, id_card_expiration_date, nationality, company, uses_parent_account, user_postal_code): detailed_Onboarding.detailed_onboarding.createDetailedUser is PASSED

2020-10-13 11:16:21 - [MESSAGE][INFO] - HAR: /Users/csmall/ApiAutomationProject/Reports/20201013_111607/Detailed Test Suite/Detailed_Onboarding_With_Transactions/20201013_111608/requests/main/9.har

2020-10-13 11:16:21 - [TEST_CASE][PASSED] - Start Test Case : Verification: Verification accomplished successfully

2020-10-13 11:16:21 - [TEST_STEP][PASSED] - log = new com.kms.katalon.core.logging.KeywordLogger(): null

2020-10-13 11:16:21 - [TEST_STEP][PASSED] - request = getInstance().getCurrentRequest(): null

2020-10-13 11:16:21 - [TEST_STEP][PASSED] - println(restUrl.toString()): null

2020-10-13 11:16:21 - [TEST_STEP][PASSED] - println(httpBody.toString()): null

2020-10-13 11:16:21 - [TEST_STEP][PASSED] - log.logInfo("-------> Request Url= " + restUrl.toString()): -------> Request Url= https://sandbox-api.marqeta.com/v3/users

2020-10-13 11:16:21 - [MESSAGE][INFO] - -------> Request Url= https://sandbox-api.marqeta.com/v3/users

2020-10-13 11:16:21 - [TEST_STEP][PASSED] - log.logInfo("-------> Request Body= " + httpBody.toString()): -------> Request Body= {
    "first_name": "Chaseuser",
    "last_name": "Smalluser",
    "active": true
}

2020-10-13 11:16:21 - [MESSAGE][INFO] - -------> Request Body= {
    "first_name": "Chaseuser",
    "last_name": "Smalluser",
    "active": true
}

2020-10-13 11:16:21 - [TEST_STEP][PASSED] - response = getInstance().getCurrentResponse(): null

2020-10-13 11:16:21 - [TEST_STEP][PASSED] - println(responseBodyContent.toString()): null

2020-10-13 11:16:21 - [TEST_STEP][PASSED] - log.logInfo("-------> Response Body= " + responseBodyContent.toString()): -------> Response Body= {
  "token" : "014cc803-a897-4e6f-831a-11f9ff578d99",
  "active" : true,
  "first_name" : "Chaseuser",
  "last_name" : "Smalluser",
  "uses_parent_account" : false,
  "corporate_card_holder" : false,
  "created_time" : "2020-10-13T16:16:21Z",
  "last_modified_time" : "2020-10-13T16:16:21Z",
  "metadata" : { },
  "account_holder_group_token" : "DEFAULT_AHG",
  "status" : "ACTIVE",
  "deposit_account" : {
    "token" : "2bf00d82-cc54-4170-b1ff-6fe4c6a018ae",
    "account_number" : "40013372497871362",
    "routing_number" : "293748000",
    "allow_immediate_credit" : false
  }
}

2020-10-13 11:16:21 - [MESSAGE][INFO] - -------> Response Body= {
  "token" : "014cc803-a897-4e6f-831a-11f9ff578d99",
  "active" : true,
  "first_name" : "Chaseuser",
  "last_name" : "Smalluser",
  "uses_parent_account" : false,
  "corporate_card_holder" : false,
  "created_time" : "2020-10-13T16:16:21Z",
  "last_modified_time" : "2020-10-13T16:16:21Z",
  "metadata" : { },
  "account_holder_group_token" : "DEFAULT_AHG",
  "status" : "ACTIVE",
  "deposit_account" : {
    "token" : "2bf00d82-cc54-4170-b1ff-6fe4c6a018ae",
    "account_number" : "40013372497871362",
    "routing_number" : "293748000",
    "allow_immediate_credit" : false
  }
}

2020-10-13 11:16:21 - [TEST_STEP][PASSED] - jsonSlurper = new groovy.json.JsonSlurper(): null

2020-10-13 11:16:21 - [TEST_STEP][PASSED] - jsonResponse = jsonSlurper.parseText(response.getResponseText()): null

2020-10-13 11:16:21 - [TEST_STEP][PASSED] - assert token != null: null

2020-10-13 11:16:21 - [TEST_STEP][PASSED] - println(token): null

2020-10-13 11:16:21 - [TEST_STEP][PASSED] - user_token = token: null

2020-10-13 11:16:21 - [TEST_STEP][PASSED] - log.logInfo("-----> user_token = " + user_token): -----> user_token = 014cc803-a897-4e6f-831a-11f9ff578d99

2020-10-13 11:16:21 - [MESSAGE][INFO] - -----> user_token = 014cc803-a897-4e6f-831a-11f9ff578d99

2020-10-13 11:16:21 - [TEST_STEP][PASSED] - user_token = user_token: null

2020-10-13 11:16:21 - [TEST_STEP][PASSED] - log.logInfo("----> GlobalVariable user_token = " + user_token): ----> GlobalVariable user_token = 014cc803-a897-4e6f-831a-11f9ff578d99

2020-10-13 11:16:21 - [MESSAGE][INFO] - ----> GlobalVariable user_token = 014cc803-a897-4e6f-831a-11f9ff578d99

2020-10-13 11:16:21 - [TEST_STEP][PASSED] - assert response.getStatusCode() == 201: null

2020-10-13 11:16:21 - [MESSAGE][PASSED] - Verify response successfully

2020-10-13 11:16:21 - [MESSAGE][PASSED] - Send request and verify the response successfully

2020-10-13 11:16:21 - [MESSAGE][INFO] - -----> user_token = 014cc803-a897-4e6f-831a-11f9ff578d99

2020-10-13 11:16:21 - [MESSAGE][INFO] - ----> GlobalVariable user_token = 014cc803-a897-4e6f-831a-11f9ff578d99

2020-10-13 11:16:21 - [MESSAGE][PASSED] - detailed_Onboarding.detailed_onboarding.createDetailedUser is PASSED

2020-10-13 11:16:21 - [TEST_STEP][PASSED] - card_token = detailed_Onboarding.detailed_onboarding.createCard(user_token, card_product_token): detailed_Onboarding.detailed_onboarding.createCard is PASSED

2020-10-13 11:16:22 - [MESSAGE][INFO] - HAR: /Users/csmall/ApiAutomationProject/Reports/20201013_111607/Detailed Test Suite/Detailed_Onboarding_With_Transactions/20201013_111608/requests/main/10.har

2020-10-13 11:16:22 - [TEST_CASE][PASSED] - Start Test Case : Verification: Verification accomplished successfully

2020-10-13 11:16:23 - [TEST_STEP][PASSED] - log = new com.kms.katalon.core.logging.KeywordLogger(): null

2020-10-13 11:16:23 - [TEST_STEP][PASSED] - request = getInstance().getCurrentRequest(): null

2020-10-13 11:16:23 - [TEST_STEP][PASSED] - println(restUrl.toString()): null

2020-10-13 11:16:23 - [TEST_STEP][PASSED] - println(httpBody.toString()): null

2020-10-13 11:16:23 - [TEST_STEP][PASSED] - log.logInfo("-------> Request Url= " + restUrl.toString()): -------> Request Url= https://sandbox-api.marqeta.com/v3/cards

2020-10-13 11:16:23 - [MESSAGE][INFO] - -------> Request Url= https://sandbox-api.marqeta.com/v3/cards

2020-10-13 11:16:23 - [TEST_STEP][PASSED] - log.logInfo("-------> Request Body= " + httpBody.toString()): -------> Request Body= {
  "user_token": "014cc803-a897-4e6f-831a-11f9ff578d99",
  "card_product_token": "b30e79e6-2cd5-46b2-9d1c-7004ba3cbb7b"
}

2020-10-13 11:16:23 - [MESSAGE][INFO] - -------> Request Body= {
  "user_token": "014cc803-a897-4e6f-831a-11f9ff578d99",
  "card_product_token": "b30e79e6-2cd5-46b2-9d1c-7004ba3cbb7b"
}

2020-10-13 11:16:23 - [TEST_STEP][PASSED] - response = getInstance().getCurrentResponse(): null

2020-10-13 11:16:23 - [TEST_STEP][PASSED] - println(responseBodyContent.toString()): null

2020-10-13 11:16:23 - [TEST_STEP][PASSED] - log.logInfo("-------> Response Body= " + responseBodyContent.toString()): -------> Response Body= {
  "created_time" : "2020-10-13T16:16:22Z",
  "last_modified_time" : "2020-10-13T16:16:22Z",
  "token" : "ed20af36-0916-4ecf-9517-03a077a75e77",
  "user_token" : "014cc803-a897-4e6f-831a-11f9ff578d99",
  "card_product_token" : "b30e79e6-2cd5-46b2-9d1c-7004ba3cbb7b",
  "last_four" : "4945",
  "pan" : "111111______4945",
  "expiration" : "1024",
  "expiration_time" : "2024-10-31T23:59:59Z",
  "barcode" : "23213437103601688614",
  "pin_is_set" : false,
  "state" : "ACTIVE",
  "state_reason" : "New card activated",
  "fulfillment_status" : "ISSUED",
  "instrument_type" : "VIRTUAL_PAN",
  "expedite" : false,
  "metadata" : { }
}

2020-10-13 11:16:23 - [MESSAGE][INFO] - -------> Response Body= {
  "created_time" : "2020-10-13T16:16:22Z",
  "last_modified_time" : "2020-10-13T16:16:22Z",
  "token" : "ed20af36-0916-4ecf-9517-03a077a75e77",
  "user_token" : "014cc803-a897-4e6f-831a-11f9ff578d99",
  "card_product_token" : "b30e79e6-2cd5-46b2-9d1c-7004ba3cbb7b",
  "last_four" : "4945",
  "pan" : "111111______4945",
  "expiration" : "1024",
  "expiration_time" : "2024-10-31T23:59:59Z",
  "barcode" : "23213437103601688614",
  "pin_is_set" : false,
  "state" : "ACTIVE",
  "state_reason" : "New card activated",
  "fulfillment_status" : "ISSUED",
  "instrument_type" : "VIRTUAL_PAN",
  "expedite" : false,
  "metadata" : { }
}

2020-10-13 11:16:23 - [TEST_STEP][PASSED] - jsonSlurper = new groovy.json.JsonSlurper(): null

2020-10-13 11:16:23 - [TEST_STEP][PASSED] - jsonResponse = jsonSlurper.parseText(response.getResponseText()): null

2020-10-13 11:16:23 - [TEST_STEP][PASSED] - assert token != null: null

2020-10-13 11:16:23 - [TEST_STEP][PASSED] - println(token): null

2020-10-13 11:16:23 - [TEST_STEP][PASSED] - card_token = token: null

2020-10-13 11:16:23 - [TEST_STEP][PASSED] - log.logInfo("-----> card_token = " + card_token): -----> card_token = ed20af36-0916-4ecf-9517-03a077a75e77

2020-10-13 11:16:23 - [MESSAGE][INFO] - -----> card_token = ed20af36-0916-4ecf-9517-03a077a75e77

2020-10-13 11:16:23 - [TEST_STEP][PASSED] - card_token = card_token: null

2020-10-13 11:16:23 - [TEST_STEP][PASSED] - log.logInfo("----> GlobalVariable card_token = " + card_token): ----> GlobalVariable card_token = ed20af36-0916-4ecf-9517-03a077a75e77

2020-10-13 11:16:23 - [MESSAGE][INFO] - ----> GlobalVariable card_token = ed20af36-0916-4ecf-9517-03a077a75e77

2020-10-13 11:16:23 - [TEST_STEP][PASSED] - assert response.getStatusCode() == 201: null

2020-10-13 11:16:23 - [MESSAGE][PASSED] - Verify response successfully

2020-10-13 11:16:23 - [MESSAGE][PASSED] - Send request and verify the response successfully

2020-10-13 11:16:23 - [MESSAGE][INFO] - -----> card_token = ed20af36-0916-4ecf-9517-03a077a75e77

2020-10-13 11:16:23 - [MESSAGE][INFO] - ----> GlobalVariable card_token = ed20af36-0916-4ecf-9517-03a077a75e77

2020-10-13 11:16:23 - [MESSAGE][PASSED] - detailed_Onboarding.detailed_onboarding.createCard is PASSED

2020-10-13 11:16:23 - [TEST_STEP][PASSED] - gpa_token = detailed_Onboarding.detailed_onboarding.createGpaOrder(user_token, gpaamount, currency_code, funding_source_token): detailed_Onboarding.detailed_onboarding.createGpaOrder is PASSED

2020-10-13 11:16:23 - [MESSAGE][INFO] - HAR: /Users/csmall/ApiAutomationProject/Reports/20201013_111607/Detailed Test Suite/Detailed_Onboarding_With_Transactions/20201013_111608/requests/main/11.har

2020-10-13 11:16:23 - [TEST_CASE][PASSED] - Start Test Case : Verification: Verification accomplished successfully

2020-10-13 11:16:23 - [TEST_STEP][PASSED] - log = new com.kms.katalon.core.logging.KeywordLogger(): null

2020-10-13 11:16:23 - [TEST_STEP][PASSED] - request = getInstance().getCurrentRequest(): null

2020-10-13 11:16:23 - [TEST_STEP][PASSED] - println(restUrl.toString()): null

2020-10-13 11:16:23 - [TEST_STEP][PASSED] - println(httpBody.toString()): null

2020-10-13 11:16:23 - [TEST_STEP][PASSED] - log.logInfo("-------> Request Url= " + restUrl.toString()): -------> Request Url= https://sandbox-api.marqeta.com/v3/gpaorders

2020-10-13 11:16:23 - [MESSAGE][INFO] - -------> Request Url= https://sandbox-api.marqeta.com/v3/gpaorders

2020-10-13 11:16:23 - [TEST_STEP][PASSED] - log.logInfo("-------> Request Body= " + httpBody.toString()): -------> Request Body= {
  "user_token": "014cc803-a897-4e6f-831a-11f9ff578d99",
  "amount": "10000",
  "currency_code": "USD",
  "funding_source_token": "5fe6519f-cc6c-4154-95ee-eaa0bc9531d3"
}

2020-10-13 11:16:23 - [MESSAGE][INFO] - -------> Request Body= {
  "user_token": "014cc803-a897-4e6f-831a-11f9ff578d99",
  "amount": "10000",
  "currency_code": "USD",
  "funding_source_token": "5fe6519f-cc6c-4154-95ee-eaa0bc9531d3"
}

2020-10-13 11:16:23 - [TEST_STEP][PASSED] - response = getInstance().getCurrentResponse(): null

2020-10-13 11:16:23 - [TEST_STEP][PASSED] - println(responseBodyContent.toString()): null

2020-10-13 11:16:23 - [TEST_STEP][PASSED] - log.logInfo("-------> Response Body= " + responseBodyContent.toString()): -------> Response Body= {
  "token" : "8e995185-0850-4f96-b424-8705947cc11b",
  "amount" : 10000,
  "created_time" : "2020-10-13T16:16:23Z",
  "last_modified_time" : "2020-10-13T16:16:23Z",
  "transaction_token" : "6fd945d8-8de9-4e63-8274-910c67bcf414",
  "state" : "COMPLETION",
  "response" : {
    "code" : "0000",
    "memo" : "Approved or completed successfully"
  },
  "funding" : {
    "amount" : 10000,
    "source" : {
      "type" : "program",
      "token" : "**********31d3",
      "active" : true,
      "name" : "Program Funding",
      "is_default_account" : false,
      "created_time" : "2020-10-13T16:16:21Z",
      "last_modified_time" : "2020-10-13T16:16:21Z"
    }
  },
  "funding_source_token" : "**********31d3",
  "user_token" : "014cc803-a897-4e6f-831a-11f9ff578d99",
  "currency_code" : "USD"
}

2020-10-13 11:16:23 - [MESSAGE][INFO] - -------> Response Body= {
  "token" : "8e995185-0850-4f96-b424-8705947cc11b",
  "amount" : 10000,
  "created_time" : "2020-10-13T16:16:23Z",
  "last_modified_time" : "2020-10-13T16:16:23Z",
  "transaction_token" : "6fd945d8-8de9-4e63-8274-910c67bcf414",
  "state" : "COMPLETION",
  "response" : {
    "code" : "0000",
    "memo" : "Approved or completed successfully"
  },
  "funding" : {
    "amount" : 10000,
    "source" : {
      "type" : "program",
      "token" : "**********31d3",
      "active" : true,
      "name" : "Program Funding",
      "is_default_account" : false,
      "created_time" : "2020-10-13T16:16:21Z",
      "last_modified_time" : "2020-10-13T16:16:21Z"
    }
  },
  "funding_source_token" : "**********31d3",
  "user_token" : "014cc803-a897-4e6f-831a-11f9ff578d99",
  "currency_code" : "USD"
}

2020-10-13 11:16:23 - [TEST_STEP][PASSED] - jsonSlurper = new groovy.json.JsonSlurper(): null

2020-10-13 11:16:23 - [TEST_STEP][PASSED] - jsonResponse = jsonSlurper.parseText(response.getResponseText()): null

2020-10-13 11:16:23 - [TEST_STEP][PASSED] - assert token != null: null

2020-10-13 11:16:23 - [TEST_STEP][PASSED] - println(token): null

2020-10-13 11:16:23 - [TEST_STEP][PASSED] - gpa_token = token: null

2020-10-13 11:16:23 - [TEST_STEP][PASSED] - log.logInfo("-----> gpa_token = " + gpa_token): -----> gpa_token = 8e995185-0850-4f96-b424-8705947cc11b

2020-10-13 11:16:23 - [MESSAGE][INFO] - -----> gpa_token = 8e995185-0850-4f96-b424-8705947cc11b

2020-10-13 11:16:23 - [TEST_STEP][PASSED] - user_token = gpa_token: null

2020-10-13 11:16:23 - [TEST_STEP][PASSED] - log.logInfo("----> GlobalVariable gpa_token = " + gpa_token): ----> GlobalVariable gpa_token = 6f3acb6e-3314-4381-8511-404010560389

2020-10-13 11:16:23 - [MESSAGE][INFO] - ----> GlobalVariable gpa_token = 6f3acb6e-3314-4381-8511-404010560389

2020-10-13 11:16:23 - [TEST_STEP][PASSED] - assert response.getStatusCode() == 201: null

2020-10-13 11:16:23 - [MESSAGE][PASSED] - Verify response successfully

2020-10-13 11:16:23 - [MESSAGE][PASSED] - Send request and verify the response successfully

2020-10-13 11:16:23 - [MESSAGE][INFO] - -----> gpa_token = 8e995185-0850-4f96-b424-8705947cc11b

2020-10-13 11:16:23 - [MESSAGE][INFO] - ----> GlobalVariable gpa_token = 8e995185-0850-4f96-b424-8705947cc11b

2020-10-13 11:16:23 - [MESSAGE][PASSED] - detailed_Onboarding.detailed_onboarding.createGpaOrder is PASSED

2020-10-13 11:16:23 - [TEST_STEP][PASSED] - original_transaction_token = detailed_Onboarding.detailed_onboarding.createTransAuth(card_token, trans_amount1, mid, beeceptor_create_transaction, beeceptor_username, beeceptor_password): detailed_Onboarding.detailed_onboarding.createTransAuth is PASSED

2020-10-13 11:16:24 - [MESSAGE][INFO] - HAR: /Users/csmall/ApiAutomationProject/Reports/20201013_111607/Detailed Test Suite/Detailed_Onboarding_With_Transactions/20201013_111608/requests/main/12.har

2020-10-13 11:16:24 - [TEST_CASE][PASSED] - Start Test Case : Verification: Verification accomplished successfully

2020-10-13 11:16:24 - [TEST_STEP][PASSED] - log = new com.kms.katalon.core.logging.KeywordLogger(): null

2020-10-13 11:16:24 - [TEST_STEP][PASSED] - request = getInstance().getCurrentRequest(): null

2020-10-13 11:16:24 - [TEST_STEP][PASSED] - println(restUrl.toString()): null

2020-10-13 11:16:24 - [TEST_STEP][PASSED] - println(httpBody.toString()): null

2020-10-13 11:16:24 - [TEST_STEP][PASSED] - log.logInfo("-------> Request Url= " + restUrl.toString()): -------> Request Url= https://sandbox-api.marqeta.com/v3/simulate/authorization

2020-10-13 11:16:24 - [MESSAGE][INFO] - -------> Request Url= https://sandbox-api.marqeta.com/v3/simulate/authorization

[...]
  }
}

2020-10-13 11:16:37 - [MESSAGE][INFO] - -------> Request Body= {
  "original_transaction_token": "641f8827-521e-408a-854b-36bf8d7c2072",
  "amount": "10",
  "mid": "USD",
  "force_post": "true",
  "webhook": {
    "endpoint": "${beeceptor_settle_transaction}",
    "username": "chase.small@outlook.com",
    "password": "Shredder1991!"
  }
}

2020-10-13 11:16:37 - [TEST_STEP][PASSED] - response = getInstance().getCurrentResponse(): null

2020-10-13 11:16:37 - [TEST_STEP][PASSED] - println(responseBodyContent.toString()): null

2020-10-13 11:16:37 - [TEST_STEP][PASSED] - log.logInfo("-------> Response Body= " + responseBodyContent.toString()): -------> Response Body= {
  "transaction" : {
    "type" : "pindebit.authorization.clearing",
    "state" : "COMPLETION",
    "identifier" : "201",
    "token" : "298c57cf-434a-4ea4-a7c2-be302405b3d2",
    "user_token" : "f1bdd3b2-8a72-4003-922a-5cc8b0ef9bef",
    "acting_user_token" : "f1bdd3b2-8a72-4003-922a-5cc8b0ef9bef",
    "card_token" : "2790bc97-29f6-4507-88b0-42c4df1648b2",
    "preceding_related_transaction_token" : "641f8827-521e-408a-854b-36bf8d7c2072",
    "gpa" : {
      "currency_code" : "USD",
      "ledger_balance" : 9970.00,
      "available_balance" : 9970.00,
      "credit_balance" : 0.00,
      "pending_credits" : 0.00,
      "impacted_amount" : -10.00,
      "balances" : {
        "USD" : {
          "currency_code" : "USD",
          "ledger_balance" : 9970.00,
          "available_balance" : 9970.00,
          "credit_balance" : 0.00,
          "pending_credits" : 0.00,
          "impacted_amount" : -10.00
        }
      }
    },
    "duration" : 67,
    "created_time" : "2020-10-13T16:16:37Z",
    "user_transaction_time" : "2020-10-13T16:16:37Z",
    "settlement_date" : "2020-10-13T00:00:00Z",
    "request_amount" : 10.00,
    "amount" : 10.00,
    "issuer_interchange_amount" : 0,
    "currency_code" : "USD",
    "approval_code" : "199594",
    "response" : {
      "code" : "0000",
      "memo" : "Approved or completed successfully"
    },
    "network" : "DISCOVER",
    "acquirer_fee_amount" : 0,
    "acquirer" : {
      "institution_id_code" : "000000",
      "system_trace_audit_number" : "000064"
    },
    "user" : {
      "metadata" : { }
    },
    "card" : {
      "last_four" : "2441",
      "metadata" : { }
    },
    "issuer_received_time" : "2020-10-13T16:16:37.205Z",
    "issuer_payment_node" : "6e9f8d699bb8de211dde694e995d7011",
    "card_acceptor" : {
      "mid" : "USD",
      "mcc" : "6411",
      "network_mid" : "USD",
      "mcc_groups" : [ "NONE" ],
      "name" : "Marqeta Storefront",
      "address" : "330 Central Ave. St.",
      "city" : "St. Petersburg",
      "state" : "CA",
      "zip" : "33705",
      "country" : "USA",
      "poi" : {
        "partial_approval_capable" : "0"
      }
    },
    "is_recurring" : false,
    "is_installment" : false
  },
  "raw_iso8583" : {
    "0" : "2210",
    "2" : "1111112592952441",
    "3" : "900000",
    "4" : 10.00,
    "7" : "1013161637",
    "11" : "000000000064",
    "12" : "20201013161637",
    "13" : "201013",
    "14" : "2410",
    "15" : "20201013",
    "17" : "1013",
    "25" : "9000",
    "26" : "6411",
    "32" : "000000",
    "37" : "1119",
    "38" : "199594",
    "39" : "0000",
    "42" : "USD",
    "43" : {
      "2" : "Marqeta Storefront",
      "3" : "330 Central Ave. St.",
      "4" : "St. Petersburg",
      "5" : "CA",
      "6" : "33705",
      "7" : "840"
    },
    "44" : {
      "1" : "Approved or completed successfully",
      "3" : "00",
      "4" : "Approved or completed successfully"
    },
    "56" : {
      "7" : "641f8827-521e-408a-854b-36bf8d7c2072"
    },
    "63" : "DISCOVER",
    "112" : {
      "103" : "840"
    },
    "113" : {
      "2" : "106",
      "29" : "Y",
      "35" : "API"
    },
    "180" : "evbvhpcf"
  }
}

2020-10-13 11:16:37 - [MESSAGE][INFO] - -------> Response Body= {
  "transaction" : {
    "type" : "pindebit.authorization.clearing",
    "state" : "COMPLETION",
    "identifier" : "201",
    "token" : "298c57cf-434a-4ea4-a7c2-be302405b3d2",
    "user_token" : "f1bdd3b2-8a72-4003-922a-5cc8b0ef9bef",
    "acting_user_token" : "f1bdd3b2-8a72-4003-922a-5cc8b0ef9bef",
    "card_token" : "2790bc97-29f6-4507-88b0-42c4df1648b2",
    "preceding_related_transaction_token" : "641f8827-521e-408a-854b-36bf8d7c2072",
    "gpa" : {
      "currency_code" : "USD",
      "ledger_balance" : 9970.00,
      "available_balance" : 9970.00,
      "credit_balance" : 0.00,
      "pending_credits" : 0.00,
      "impacted_amount" : -10.00,
      "balances" : {
        "USD" : {
          "currency_code" : "USD",
          "ledger_balance" : 9970.00,
          "available_balance" : 9970.00,
          "credit_balance" : 0.00,
          "pending_credits" : 0.00,
          "impacted_amount" : -10.00
        }
      }
    },
    "duration" : 67,
    "created_time" : "2020-10-13T16:16:37Z",
    "user_transaction_time" : "2020-10-13T16:16:37Z",
    "settlement_date" : "2020-10-13T00:00:00Z",
    "request_amount" : 10.00,
    "amount" : 10.00,
    "issuer_interchange_amount" : 0,
    "currency_code" : "USD",
    "approval_code" : "199594",
    "response" : {
      "code" : "0000",
      "memo" : "Approved or completed successfully"
    },
    "network" : "DISCOVER",
    "acquirer_fee_amount" : 0,
    "acquirer" : {
      "institution_id_code" : "000000",
      "system_trace_audit_number" : "000064"
    },
    "user" : {
      "metadata" : { }
    },
    "card" : {
      "last_four" : "2441",
      "metadata" : { }
    },
    "issuer_received_time" : "2020-10-13T16:16:37.205Z",
    "issuer_payment_node" : "6e9f8d699bb8de211dde694e995d7011",
    "card_acceptor" : {
      "mid" : "USD",
      "mcc" : "6411",
      "network_mid" : "USD",
      "mcc_groups" : [ "NONE" ],
      "name" : "Marqeta Storefront",
      "address" : "330 Central Ave. St.",
      "city" : "St. Petersburg",
      "state" : "CA",
      "zip" : "33705",
      "country" : "USA",
      "poi" : {
        "partial_approval_capable" : "0"
      }
    },
    "is_recurring" : false,
    "is_installment" : false
  },
  "raw_iso8583" : {
    "0" : "2210",
    "2" : "1111112592952441",
    "3" : "900000",
    "4" : 10.00,
    "7" : "1013161637",
    "11" : "000000000064",
    "12" : "20201013161637",
    "13" : "201013",
    "14" : "2410",
    "15" : "20201013",
    "17" : "1013",
    "25" : "9000",
    "26" : "6411",
    "32" : "000000",
    "37" : "1119",
    "38" : "199594",
    "39" : "0000",
    "42" : "USD",
    "43" : {
      "2" : "Marqeta Storefront",
      "3" : "330 Central Ave. St.",
      "4" : "St. Petersburg",
      "5" : "CA",
      "6" : "33705",
      "7" : "840"
    },
    "44" : {
      "1" : "Approved or completed successfully",
      "3" : "00",
      "4" : "Approved or completed successfully"
    },
    "56" : {
      "7" : "641f8827-521e-408a-854b-36bf8d7c2072"
    },
    "63" : "DISCOVER",
    "112" : {
      "103" : "840"
    },
    "113" : {
      "2" : "106",
      "29" : "Y",
      "35" : "API"
    },
    "180" : "evbvhpcf"
  }
}

2020-10-13 11:16:37 - [TEST_STEP][PASSED] - jsonSlurper = new groovy.json.JsonSlurper(): null

2020-10-13 11:16:37 - [TEST_STEP][PASSED] - jsonResponse = jsonSlurper.parseText(response.getResponseText()): null

2020-10-13 11:16:37 - [TEST_STEP][PASSED] - assert token != null: null

2020-10-13 11:16:37 - [TEST_STEP][PASSED] - println(token): null

2020-10-13 11:16:37 - [TEST_STEP][PASSED] - cleared_transaction_token = token: null

2020-10-13 11:16:37 - [TEST_STEP][PASSED] - log.logInfo("-----> cleared_transaction_token = " + cleared_transaction_token): -----> cleared_transaction_token = 298c57cf-434a-4ea4-a7c2-be302405b3d2

2020-10-13 11:16:37 - [MESSAGE][INFO] - -----> cleared_transaction_token = 298c57cf-434a-4ea4-a7c2-be302405b3d2

2020-10-13 11:16:37 - [TEST_STEP][PASSED] - cleared_transaction_token = cleared_transaction_token: null

2020-10-13 11:16:37 - [TEST_STEP][PASSED] - log.logInfo("----> GlobalVariable cleared_transaction_token = " + cleared_transaction_token): ----> GlobalVariable cleared_transaction_token = 298c57cf-434a-4ea4-a7c2-be302405b3d2

2020-10-13 11:16:37 - [MESSAGE][INFO] - ----> GlobalVariable cleared_transaction_token = 298c57cf-434a-4ea4-a7c2-be302405b3d2

2020-10-13 11:16:37 - [TEST_STEP][PASSED] - assert response.getStatusCode() == 201: null

2020-10-13 11:16:37 - [MESSAGE][PASSED] - Verify response successfully

2020-10-13 11:16:37 - [MESSAGE][PASSED] - Send request and verify the response successfully

2020-10-13 11:16:37 - [MESSAGE][INFO] - -----> cleared_transaction_token = 298c57cf-434a-4ea4-a7c2-be302405b3d2

2020-10-13 11:16:37 - [MESSAGE][INFO] - ----> GlobalVariable cleared_transaction_token = 298c57cf-434a-4ea4-a7c2-be302405b3d2

2020-10-13 11:16:37 - [MESSAGE][PASSED] - detailed_Onboarding.detailed_onboarding.createTransClearing is PASSED

2020-10-13 11:16:37 - [TEST_STEP][PASSED] - detailed_Onboarding.detailed_onboarding.createTransClearingRefund(original_transaction_token, trans_amount1, mid, is_refund, beeceptor_create_refund, beeceptor_username, beeceptor_password): detailed_Onboarding.detailed_onboarding.createTransClearingRefund is PASSED

2020-10-13 11:16:38 - [MESSAGE][INFO] - HAR: /Users/csmall/ApiAutomationProject/Reports/20201013_111607/Detailed Test Suite/Detailed_Onboarding_With_Transactions/20201013_111608/requests/main/33.har

2020-10-13 11:16:38 - [TEST_CASE][PASSED] - Start Test Case : Verification: Verification accomplished successfully

2020-10-13 11:16:38 - [TEST_STEP][PASSED] - log = new com.kms.katalon.core.logging.KeywordLogger(): null

2020-10-13 11:16:38 - [TEST_STEP][PASSED] - request = getInstance().getCurrentRequest(): null

2020-10-13 11:16:38 - [TEST_STEP][PASSED] - println(restUrl.toString()): null

2020-10-13 11:16:38 - [TEST_STEP][PASSED] - println(httpBody.toString()): null

2020-10-13 11:16:38 - [TEST_STEP][PASSED] - log.logInfo("-------> Request Url= " + restUrl.toString()): -------> Request Url= https://sandbox-api.marqeta.com/v3/simulate/clearing

2020-10-13 11:16:38 - [MESSAGE][INFO] - -------> Request Url= https://sandbox-api.marqeta.com/v3/simulate/clearing

2020-10-13 11:16:38 - [TEST_STEP][PASSED] - log.logInfo("-------> Request Body= " + httpBody.toString()): -------> Request Body= {
  "original_transaction_token": "641f8827-521e-408a-854b-36bf8d7c2072",
  "amount": "10",
  "mid": "USD",
  "is_refund": "true",
    "webhook": {
    "endpoint": "https://create-transaction.free.beeceptor.com/create-refund",
    "username": "chase.small@outlook.com",
    "password": "Shredder1991!"
  }
}

2020-10-13 11:16:38 - [MESSAGE][INFO] - -------> Request Body= {
  "original_transaction_token": "641f8827-521e-408a-854b-36bf8d7c2072",
  "amount": "10",
  "mid": "USD",
  "is_refund": "true",
    "webhook": {
    "endpoint": "https://create-transaction.free.beeceptor.com/create-refund",
    "username": "chase.small@outlook.com",
    "password": "Shredder1991!"
  }
}

2020-10-13 11:16:38 - [TEST_STEP][PASSED] - response = getInstance().getCurrentResponse(): null

2020-10-13 11:16:38 - [TEST_STEP][PASSED] - println(responseBodyContent.toString()): null

2020-10-13 11:16:38 - [TEST_STEP][PASSED] - log.logInfo("-------> Response Body= " + responseBodyContent.toString()): -------> Response Body= {
  "transaction" : {
    "type" : "refund",
    "state" : "COMPLETION",
    "identifier" : "202",
    "token" : "d40666fe-13f1-422a-94e4-affea978d6a5",
    "user_token" : "f1bdd3b2-8a72-4003-922a-5cc8b0ef9bef",
    "acting_user_token" : "f1bdd3b2-8a72-4003-922a-5cc8b0ef9bef",
    "card_token" : "2790bc97-29f6-4507-88b0-42c4df1648b2",
    "gpa" : {
      "currency_code" : "USD",
      "ledger_balance" : 9980.00,
      "available_balance" : 9980.00,
      "credit_balance" : 0.00,
      "pending_credits" : 0.00,
      "impacted_amount" : 10.00,
      "balances" : {
        "USD" : {
          "currency_code" : "USD",
          "ledger_balance" : 9980.00,
          "available_balance" : 9980.00,
          "credit_balance" : 0.00,
          "pending_credits" : 0.00,
          "impacted_amount" : 10.00
        }
      }
    },
    "duration" : 74,
    "created_time" : "2020-10-13T16:16:37Z",
    "user_transaction_time" : "2020-10-13T16:16:37Z",
    "settlement_date" : "2020-10-13T00:00:00Z",
    "request_amount" : 10.00,
    "amount" : 10.00,
    "issuer_interchange_amount" : 0,
    "currency_code" : "USD",
    "approval_code" : "191064",
    "response" : {
      "code" : "0000",
      "memo" : "Approved or completed successfully"
    },
    "network" : "DISCOVER",
    "acquirer_fee_amount" : 0,
    "acquirer" : {
      "institution_id_code" : "000000",
      "system_trace_audit_number" : "000054"
    },
    "user" : {
      "metadata" : { }
    },
    "card" : {
      "last_four" : "2441",
      "metadata" : { }
    },
    "issuer_received_time" : "2020-10-13T16:16:37.861Z",
    "issuer_payment_node" : "00b8d031e0a4759766b5b5266f5229d8",
    "card_acceptor" : {
      "mid" : "USD",
      "mcc" : "6411",
      "network_mid" : "USD",
      "mcc_groups" : [ "NONE" ],
      "name" : "Marqeta Storefront",
      "address" : "330 Central Ave. St.",
      "city" : "St. Petersburg",
      "state" : "CA",
      "zip" : "33705",
      "country" : "USA",
      "poi" : {
        "partial_approval_capable" : "0"
      }
    },
    "is_recurring" : false,
    "is_installment" : false
  },
  "raw_iso8583" : {
    "0" : "2210",
    "2" : "1111112592952441",
    "3" : "900000",
    "4" : 10.00,
    "7" : "1013161637",
    "11" : "000000000054",
    "12" : "20201013161637",
    "13" : "201013",
    "14" : "2410",
    "15" : "20201013",
    "17" : "1013",
    "25" : "9000",
    "26" : "6411",
    "32" : "000000",
    "37" : "1085",
    "38" : "191064",
    "39" : "0000",
    "42" : "USD",
    "43" : {
      "2" : "Marqeta Storefront",
      "3" : "330 Central Ave. St.",
      "4" : "St. Petersburg",
      "5" : "CA",
      "6" : "33705",
      "7" : "840"
    },
    "44" : {
      "1" : "Approved or completed successfully",
      "3" : "00",
      "4" : "Approved or completed successfully"
    },
    "54" : "00028402C00000099800000018402C000000998000",
    "56" : {
      "7" : "641f8827-521e-408a-854b-36bf8d7c2072"
    },
    "63" : "DISCOVER",
    "112" : {
      "101" : "9980.00",
      "102" : "9980.00",
      "103" : "840"
    },
    "113" : {
      "2" : "106",
      "29" : "Y",
      "35" : "API"
    },
    "180" : "evbvhpcf"
  }
}

2020-10-13 11:16:38 - [MESSAGE][INFO] - -------> Response Body= {
  "transaction" : {
    "type" : "refund",
    "state" : "COMPLETION",
    "identifier" : "202",
    "token" : "d40666fe-13f1-422a-94e4-affea978d6a5",
    "user_token" : "f1bdd3b2-8a72-4003-922a-5cc8b0ef9bef",
    "acting_user_token" : "f1bdd3b2-8a72-4003-922a-5cc8b0ef9bef",
    "card_token" : "2790bc97-29f6-4507-88b0-42c4df1648b2",
    "gpa" : {
      "currency_code" : "USD",
      "ledger_balance" : 9980.00,
      "available_balance" : 9980.00,
      "credit_balance" : 0.00,
      "pending_credits" : 0.00,
      "impacted_amount" : 10.00,
      "balances" : {
        "USD" : {
          "currency_code" : "USD",
          "ledger_balance" : 9980.00,
          "available_balance" : 9980.00,
          "credit_balance" : 0.00,
          "pending_credits" : 0.00,
          "impacted_amount" : 10.00
        }
      }
    },
    "duration" : 74,
    "created_time" : "2020-10-13T16:16:37Z",
    "user_transaction_time" : "2020-10-13T16:16:37Z",
    "settlement_date" : "2020-10-13T00:00:00Z",
    "request_amount" : 10.00,
    "amount" : 10.00,
    "issuer_interchange_amount" : 0,
    "currency_code" : "USD",
    "approval_code" : "191064",
    "response" : {
      "code" : "0000",
      "memo" : "Approved or completed successfully"
    },
    "network" : "DISCOVER",
    "acquirer_fee_amount" : 0,
    "acquirer" : {
      "institution_id_code" : "000000",
      "system_trace_audit_number" : "000054"
    },
    "user" : {
      "metadata" : { }
    },
    "card" : {
      "last_four" : "2441",
      "metadata" : { }
    },
    "issuer_received_time" : "2020-10-13T16:16:37.861Z",
    "issuer_payment_node" : "00b8d031e0a4759766b5b5266f5229d8",
    "card_acceptor" : {
      "mid" : "USD",
      "mcc" : "6411",
      "network_mid" : "USD",
      "mcc_groups" : [ "NONE" ],
      "name" : "Marqeta Storefront",
      "address" : "330 Central Ave. St.",
      "city" : "St. Petersburg",
      "state" : "CA",
      "zip" : "33705",
      "country" : "USA",
      "poi" : {
        "partial_approval_capable" : "0"
      }
    },
    "is_recurring" : false,
    "is_installment" : false
  },
  "raw_iso8583" : {
    "0" : "2210",
    "2" : "1111112592952441",
    "3" : "900000",
    "4" : 10.00,
    "7" : "1013161637",
    "11" : "000000000054",
    "12" : "20201013161637",
    "13" : "201013",
    "14" : "2410",
    "15" : "20201013",
    "17" : "1013",
    "25" : "9000",
    "26" : "6411",
    "32" : "000000",
    "37" : "1085",
    "38" : "191064",
    "39" : "0000",
    "42" : "USD",
    "43" : {
      "2" : "Marqeta Storefront",
      "3" : "330 Central Ave. St.",
      "4" : "St. Petersburg",
      "5" : "CA",
      "6" : "33705",
      "7" : "840"
    },
    "44" : {
      "1" : "Approved or completed successfully",
      "3" : "00",
      "4" : "Approved or completed successfully"
    },
    "54" : "00028402C00000099800000018402C000000998000",
    "56" : {
      "7" : "641f8827-521e-408a-854b-36bf8d7c2072"
    },
    "63" : "DISCOVER",
    "112" : {
      "101" : "9980.00",
      "102" : "9980.00",
      "103" : "840"
    },
    "113" : {
      "2" : "106",
      "29" : "Y",
      "35" : "API"
    },
    "180" : "evbvhpcf"
  }
}

2020-10-13 11:16:38 - [TEST_STEP][PASSED] - jsonSlurper = new groovy.json.JsonSlurper(): null

2020-10-13 11:16:38 - [TEST_STEP][PASSED] - jsonResponse = jsonSlurper.parseText(response.getResponseText()): null

2020-10-13 11:16:38 - [TEST_STEP][PASSED] - assert token != null: null

2020-10-13 11:16:38 - [TEST_STEP][PASSED] - println(token): null

2020-10-13 11:16:38 - [TEST_STEP][PASSED] - refund_transaction_token = token: null

2020-10-13 11:16:38 - [TEST_STEP][PASSED] - log.logInfo("-----> refund_transaction_token = " + refund_transaction_token): -----> refund_transaction_token = d40666fe-13f1-422a-94e4-affea978d6a5

2020-10-13 11:16:38 - [MESSAGE][INFO] - -----> refund_transaction_token = d40666fe-13f1-422a-94e4-affea978d6a5

2020-10-13 11:16:38 - [TEST_STEP][PASSED] - refund_transaction_token = refund_transaction_token: null

2020-10-13 11:16:38 - [TEST_STEP][PASSED] - log.logInfo("----> GlobalVariable refund_transaction_token = " + refund_transaction_token): ----> GlobalVariable refund_transaction_token = d40666fe-13f1-422a-94e4-affea978d6a5

2020-10-13 11:16:38 - [MESSAGE][INFO] - ----> GlobalVariable refund_transaction_token = d40666fe-13f1-422a-94e4-affea978d6a5

2020-10-13 11:16:38 - [TEST_STEP][PASSED] - assert response.getStatusCode() == 201: null

2020-10-13 11:16:38 - [MESSAGE][PASSED] - Verify response successfully

2020-10-13 11:16:38 - [MESSAGE][PASSED] - Send request and verify the response successfully

2020-10-13 11:16:38 - [MESSAGE][INFO] - -----> refund_transaction_token = d40666fe-13f1-422a-94e4-affea978d6a5

2020-10-13 11:16:38 - [MESSAGE][INFO] - ----> GlobalVariable refund_transaction_token = d40666fe-13f1-422a-94e4-affea978d6a5

2020-10-13 11:16:38 - [MESSAGE][PASSED] - detailed_Onboarding.detailed_onboarding.createTransClearingRefund is PASSED]]></system-out>
         <system-err><![CDATA[]]></system-err>
      </testcase>
      <system-out><![CDATA[2020-10-13 11:16:12 - [TEST_SUITE][PASSED] - Detailed_Onboarding_With_Transactions: Test Cases/API Test Cases/Quickstart_with_transactions/Transaction Tests/Financial Settled Transaction/Detailed_onboarding_with_financial_transactions]]></system-out>
      <system-err><![CDATA[]]></system-err>
   </testsuite>
</testsuites>
