<?xml version="1.0" encoding="UTF-8"?>
<testsuites name="Detailed_Onboarding_With_Transactions" time="25.109" tests="4" failures="0" errors="0">
   <testsuite name="Detailed_Onboarding_With_Transactions" tests="4" failures="0" errors="0" time="25.109" timestamp="2020-09-15 21:00:28" hostname="csmall - csmall-mbp" id="Test Suites/Detailed Test Suite/Detailed_Onboarding_With_Transactions">
      <properties>
         <property name="deviceName" value=""/>
         <property name="devicePlatform" value=""/>
         <property name="logFolder" value="/Users/csmall/mq-chase/Reports/20200915_210024/Detailed Test Suite/Detailed_Onboarding_With_Transactions/20200915_210024"/>
         <property name="logFiles" value="/Users/csmall/mq-chase/Reports/20200915_210024/Detailed Test Suite/Detailed_Onboarding_With_Transactions/20200915_210024/execution0.log"/>
         <property name="attachments" value=""/>
         <property name="hostName" value="csmall - csmall-mbp"/>
         <property name="hostAddress" value="192.168.1.45"/>
         <property name="os" value="Mac OS X 64bit"/>
         <property name="katalonVersion" value="null.null"/>
      </properties>
      <testcase name="Test Cases/API Test Cases/Quickstart_with_transactions/Transaction Tests/Card Declined Transaction after CardTransition/Detailed_onboarding_and_cardtransition_result_declined_transaction" time="6.464" classname="Test Cases/API Test Cases/Quickstart_with_transactions/Transaction Tests/Card Declined Transaction after CardTransition/Detailed_onboarding_and_cardtransition_result_declined_transaction" status="PASSED">
         <system-out><![CDATA[2020-09-15 21:00:28 - [TEST_CASE][PASSED] - Test Cases/API Test Cases/Quickstart_with_transactions/Transaction Tests/Card Declined Transaction after CardTransition/Detailed_onboarding_and_cardtransition_result_declined_transaction: Test Cases/API Test Cases/Quickstart_with_transactions/Transaction Tests/Card Declined Transaction after CardTransition/Detailed_onboarding_and_cardtransition_result_declined_transaction

2020-09-15 21:00:28 - [TEST_STEP][PASSED] - card_product_token = detailed_Onboarding.detailed_onboarding.createCardProduct(start_date, card_product_name, payment_instrument, ecommerce, activate_upon_issue): detailed_Onboarding.detailed_onboarding.createCardProduct is PASSED

2020-09-15 21:00:30 - [MESSAGE][INFO] - HAR: /Users/csmall/mq-chase/Reports/20200915_210024/Detailed Test Suite/Detailed_Onboarding_With_Transactions/20200915_210024/requests/main/0.har

2020-09-15 21:00:30 - [TEST_CASE][PASSED] - Start Test Case : Verification: Verification accomplished successfully

2020-09-15 21:00:30 - [TEST_STEP][PASSED] - log = new com.kms.katalon.core.logging.KeywordLogger(): null

2020-09-15 21:00:30 - [TEST_STEP][PASSED] - request = getInstance().getCurrentRequest(): null

2020-09-15 21:00:30 - [TEST_STEP][PASSED] - println(restUrl.toString()): null

2020-09-15 21:00:30 - [TEST_STEP][PASSED] - println(httpBody.toString()): null

2020-09-15 21:00:30 - [TEST_STEP][PASSED] - log.logInfo("-------> Request Url= " + restUrl.toString()): -------> Request Url= https://sandbox-api.marqeta.com/v3/cardproducts

2020-09-15 21:00:30 - [MESSAGE][INFO] - -------> Request Url= https://sandbox-api.marqeta.com/v3/cardproducts

2020-09-15 21:00:30 - [TEST_STEP][PASSED] - log.logInfo("-------> Request Body= " + httpBody.toString()): -------> Request Body= {
  "start_date": "2020-09-10",
  "name": "Example Card Product",
  "config": {
    "fulfillment": {
      "payment_instrument":"VIRTUAL_PAN"
     },
    "poi": {
      "ecommerce": true,
      "atm": "true"
    },
    "card_life_cycle": {
      "activate_upon_issue": true
    }
  }
}

2020-09-15 21:00:30 - [MESSAGE][INFO] - -------> Request Body= {
  "start_date": "2020-09-10",
  "name": "Example Card Product",
  "config": {
    "fulfillment": {
      "payment_instrument":"VIRTUAL_PAN"
     },
    "poi": {
      "ecommerce": true,
      "atm": "true"
    },
    "card_life_cycle": {
      "activate_upon_issue": true
    }
  }
}

2020-09-15 21:00:30 - [TEST_STEP][PASSED] - response = getInstance().getCurrentResponse(): null

2020-09-15 21:00:30 - [TEST_STEP][PASSED] - println(responseBodyContent.toString()): null

2020-09-15 21:00:30 - [TEST_STEP][PASSED] - log.logInfo("-------> Response Body= " + responseBodyContent.toString()): -------> Response Body= {
  "token" : "363bf2f2-e600-4211-af8b-bc0cced847db",
  "name" : "Example Card Product",
  "active" : true,
  "start_date" : "2020-09-10",
  "config" : {
    "poi" : {
      "other" : {
        "allow" : true,
        "card_presence_required" : false,
        "cardholder_presence_required" : false
      },
      "ecommerce" : true,
      "atm" : true
    },
    "transaction_controls" : {
      "accepted_countries_token" : "accept_us_only",
      "always_require_pin" : false,
      "always_require_icc" : false,
      "allow_gpa_auth" : true,
      "require_card_not_present_card_security_code" : false,
      "allow_mcc_group_authorization_controls" : true,
      "allow_first_pin_set_via_financial_transaction" : false,
      "ignore_card_suspended_state" : false,
      "allow_chip_fallback" : true,
      "allow_network_load" : false,
      "allow_network_load_card_activation" : false,
      "allow_quasi_cash" : false,
      "enable_partial_auth_approval" : true,
      "address_verification" : {
        "av_messages" : {
          "validate" : true,
          "decline_on_address_number_mismatch" : false,
          "decline_on_postal_code_mismatch" : true
        },
        "auth_messages" : {
          "validate" : true,
          "decline_on_address_number_mismatch" : false,
          "decline_on_postal_code_mismatch" : false
        }
      }
    },
    "selective_auth" : {
      "sa_mode" : 1,
      "enable_regex_search_chain" : false,
      "dmd_location_sensitivity" : 0
    },
    "special" : {
      "merchant_on_boarding" : false
    },
    "card_life_cycle" : {
      "activate_upon_issue" : true,
      "expiration_offset" : {
        "unit" : "YEARS",
        "value" : 4
      },
      "card_service_code" : 101,
      "update_expiration_upon_activation" : false
    },
    "clearing_and_settlement" : {
      "overdraft_destination" : "GPA"
    },
    "jit_funding" : {
      "paymentcard_funding_source" : {
        "enabled" : false,
        "refunds_destination" : ""
      },
      "programgateway_funding_source" : {
        "enabled" : false,
        "funding_source_token" : "",
        "refunds_destination" : "",
        "always_fund" : true
      },
      "program_funding_source" : {
        "enabled" : false,
        "funding_source_token" : "",
        "refunds_destination" : ""
      }
    },
    "digital_wallet_tokenization" : {
      "provisioning_controls" : {
        "manual_entry" : {
          "enabled" : false,
          "address_verification" : {
            "validate" : true
          }
        },
        "wallet_provider_card_on_file" : {
          "enabled" : false,
          "address_verification" : {
            "validate" : true
          }
        },
        "in_app_provisioning" : {
          "enabled" : false,
          "address_verification" : {
            "validate" : true
          }
        }
      }
    },
    "fulfillment" : {
      "payment_instrument" : "VIRTUAL_PAN",
      "package_id" : "0",
      "all_zero_card_security_code" : false,
      "bin_prefix" : "111111",
      "bulk_ship" : false,
      "pan_length" : "16",
      "fulfillment_provider" : "PERFECTPLASTIC",
      "allow_card_creation" : true,
      "uppercase_name_lines" : true,
      "enable_offline_pin" : false
    }
  },
  "created_time" : "2020-09-16T02:00:30Z",
  "last_modified_time" : "2020-09-16T02:00:30Z"
}

2020-09-15 21:00:30 - [MESSAGE][INFO] - -------> Response Body= {
  "token" : "363bf2f2-e600-4211-af8b-bc0cced847db",
  "name" : "Example Card Product",
  "active" : true,
  "start_date" : "2020-09-10",
  "config" : {
    "poi" : {
      "other" : {
        "allow" : true,
        "card_presence_required" : false,
        "cardholder_presence_required" : false
      },
      "ecommerce" : true,
      "atm" : true
    },
    "transaction_controls" : {
      "accepted_countries_token" : "accept_us_only",
      "always_require_pin" : false,
      "always_require_icc" : false,
      "allow_gpa_auth" : true,
      "require_card_not_present_card_security_code" : false,
      "allow_mcc_group_authorization_controls" : true,
      "allow_first_pin_set_via_financial_transaction" : false,
      "ignore_card_suspended_state" : false,
      "allow_chip_fallback" : true,
      "allow_network_load" : false,
      "allow_network_load_card_activation" : false,
      "allow_quasi_cash" : false,
      "enable_partial_auth_approval" : true,
      "address_verification" : {
        "av_messages" : {
          "validate" : true,
          "decline_on_address_number_mismatch" : false,
          "decline_on_postal_code_mismatch" : true
        },
        "auth_messages" : {
          "validate" : true,
          "decline_on_address_number_mismatch" : false,
          "decline_on_postal_code_mismatch" : false
        }
      }
    },
    "selective_auth" : {
      "sa_mode" : 1,
      "enable_regex_search_chain" : false,
      "dmd_location_sensitivity" : 0
    },
    "special" : {
      "merchant_on_boarding" : false
    },
    "card_life_cycle" : {
      "activate_upon_issue" : true,
      "expiration_offset" : {
        "unit" : "YEARS",
        "value" : 4
      },
      "card_service_code" : 101,
      "update_expiration_upon_activation" : false
    },
    "clearing_and_settlement" : {
      "overdraft_destination" : "GPA"
    },
    "jit_funding" : {
      "paymentcard_funding_source" : {
        "enabled" : false,
        "refunds_destination" : ""
      },
      "programgateway_funding_source" : {
        "enabled" : false,
        "funding_source_token" : "",
        "refunds_destination" : "",
        "always_fund" : true
      },
      "program_funding_source" : {
        "enabled" : false,
        "funding_source_token" : "",
        "refunds_destination" : ""
      }
    },
    "digital_wallet_tokenization" : {
      "provisioning_controls" : {
        "manual_entry" : {
          "enabled" : false,
          "address_verification" : {
            "validate" : true
          }
        },
        "wallet_provider_card_on_file" : {
          "enabled" : false,
          "address_verification" : {
            "validate" : true
          }
        },
        "in_app_provisioning" : {
          "enabled" : false,
          "address_verification" : {
            "validate" : true
          }
        }
      }
    },
    "fulfillment" : {
      "payment_instrument" : "VIRTUAL_PAN",
      "package_id" : "0",
      "all_zero_card_security_code" : false,
      "bin_prefix" : "111111",
      "bulk_ship" : false,
      "pan_length" : "16",
      "fulfillment_provider" : "PERFECTPLASTIC",
      "allow_card_creation" : true,
      "uppercase_name_lines" : true,
      "enable_offline_pin" : false
    }
  },
  "created_time" : "2020-09-16T02:00:30Z",
  "last_modified_time" : "2020-09-16T02:00:30Z"
}

2020-09-15 21:00:30 - [TEST_STEP][PASSED] - jsonSlurper = new groovy.json.JsonSlurper(): null

2020-09-15 21:00:30 - [TEST_STEP][PASSED] - jsonResponse = jsonSlurper.parseText(response.getResponseText()): null

2020-09-15 21:00:30 - [TEST_STEP][PASSED] - assert token != null: null

2020-09-15 21:00:30 - [TEST_STEP][PASSED] - println(token): null

2020-09-15 21:00:30 - [TEST_STEP][PASSED] - card_product_token = token: null

2020-09-15 21:00:30 - [TEST_STEP][PASSED] - log.logInfo("-----> card_product_token = " + card_product_token): -----> card_product_token = 363bf2f2-e600-4211-af8b-bc0cced847db

2020-09-15 21:00:30 - [MESSAGE][INFO] - -----> card_product_token = 363bf2f2-e600-4211-af8b-bc0cced847db

2020-09-15 21:00:30 - [TEST_STEP][PASSED] - card_product_token = card_product_token: null

2020-09-15 21:00:30 - [TEST_STEP][PASSED] - log.logInfo("----> GlobalVariable card_product_token = " + card_product_token): ----> GlobalVariable card_product_token = 363bf2f2-e600-4211-af8b-bc0cced847db

2020-09-15 21:00:30 - [MESSAGE][INFO] - ----> GlobalVariable card_product_token = 363bf2f2-e600-4211-af8b-bc0cced847db

2020-09-15 21:00:30 - [TEST_STEP][PASSED] - assert response.getStatusCode() == 201: null

2020-09-15 21:00:30 - [MESSAGE][PASSED] - Verify response successfully

2020-09-15 21:00:30 - [MESSAGE][PASSED] - Send request and verify the response successfully

2020-09-15 21:00:30 - [MESSAGE][INFO] - -----> card_product_token = 363bf2f2-e600-4211-af8b-bc0cced847db

2020-09-15 21:00:30 - [MESSAGE][INFO] - ----> GlobalVariable card_product_token = 363bf2f2-e600-4211-af8b-bc0cced847db

2020-09-15 21:00:30 - [MESSAGE][PASSED] - detailed_Onboarding.detailed_onboarding.createCardProduct is PASSED

2020-09-15 21:00:30 - [TEST_STEP][PASSED] - funding_source_token = detailed_Onboarding.detailed_onboarding.createCardFundingSource(program_name): detailed_Onboarding.detailed_onboarding.createCardFundingSource is PASSED

2020-09-15 21:00:31 - [MESSAGE][INFO] - HAR: /Users/csmall/mq-chase/Reports/20200915_210024/Detailed Test Suite/Detailed_Onboarding_With_Transactions/20200915_210024/requests/main/1.har

2020-09-15 21:00:31 - [TEST_CASE][PASSED] - Start Test Case : Verification: Verification accomplished successfully

2020-09-15 21:00:31 - [TEST_STEP][PASSED] - log = new com.kms.katalon.core.logging.KeywordLogger(): null

2020-09-15 21:00:31 - [TEST_STEP][PASSED] - request = getInstance().getCurrentRequest(): null

2020-09-15 21:00:31 - [TEST_STEP][PASSED] - println(restUrl.toString()): null

2020-09-15 21:00:31 - [TEST_STEP][PASSED] - println(httpBody.toString()): null

2020-09-15 21:00:31 - [TEST_STEP][PASSED] - log.logInfo("-------> Request Url= " + restUrl.toString()): -------> Request Url= https://sandbox-api.marqeta.com/v3/fundingsources/program

2020-09-15 21:00:31 - [MESSAGE][INFO] - -------> Request Url= https://sandbox-api.marqeta.com/v3/fundingsources/program

2020-09-15 21:00:31 - [TEST_STEP][PASSED] - log.logInfo("-------> Request Body= " + httpBody.toString()): -------> Request Body= {
  "name": "Program Funding"
}

2020-09-15 21:00:31 - [MESSAGE][INFO] - -------> Request Body= {
  "name": "Program Funding"
}

2020-09-15 21:00:31 - [TEST_STEP][PASSED] - response = getInstance().getCurrentResponse(): null

2020-09-15 21:00:31 - [TEST_STEP][PASSED] - println(responseBodyContent.toString()): null

2020-09-15 21:00:31 - [TEST_STEP][PASSED] - log.logInfo("-------> Response Body= " + responseBodyContent.toString()): -------> Response Body= {
  "name" : "Program Funding",
  "active" : true,
  "token" : "ff941f0a-d663-4269-89ca-e6a3161e3fb0",
  "created_time" : "2020-09-16T02:00:31Z",
  "last_modified_time" : "2020-09-16T02:00:31Z",
  "account" : "12.003.001.000000"
}

2020-09-15 21:00:31 - [MESSAGE][INFO] - -------> Response Body= {
  "name" : "Program Funding",
  "active" : true,
  "token" : "ff941f0a-d663-4269-89ca-e6a3161e3fb0",
  "created_time" : "2020-09-16T02:00:31Z",
  "last_modified_time" : "2020-09-16T02:00:31Z",
  "account" : "12.003.001.000000"
}

2020-09-15 21:00:31 - [TEST_STEP][PASSED] - jsonSlurper = new groovy.json.JsonSlurper(): null

2020-09-15 21:00:31 - [TEST_STEP][PASSED] - jsonResponse = jsonSlurper.parseText(response.getResponseText()): null

2020-09-15 21:00:31 - [TEST_STEP][PASSED] - assert token != null: null

2020-09-15 21:00:31 - [TEST_STEP][PASSED] - println(token): null

2020-09-15 21:00:31 - [TEST_STEP][PASSED] - funding_token = token: null

2020-09-15 21:00:31 - [TEST_STEP][PASSED] - log.logInfo("-----> funding_token = " + funding_token): -----> funding_token = ff941f0a-d663-4269-89ca-e6a3161e3fb0

2020-09-15 21:00:31 - [MESSAGE][INFO] - -----> funding_token = ff941f0a-d663-4269-89ca-e6a3161e3fb0

2020-09-15 21:00:31 - [TEST_STEP][PASSED] - funding_token = funding_token: null

2020-09-15 21:00:31 - [TEST_STEP][PASSED] - log.logInfo("----> GlobalVariable funding_token = " + funding_token): ----> GlobalVariable funding_token = ff941f0a-d663-4269-89ca-e6a3161e3fb0

2020-09-15 21:00:31 - [MESSAGE][INFO] - ----> GlobalVariable funding_token = ff941f0a-d663-4269-89ca-e6a3161e3fb0

2020-09-15 21:00:31 - [TEST_STEP][PASSED] - assert response.getStatusCode() == 201: null

2020-09-15 21:00:31 - [MESSAGE][PASSED] - Verify response successfully

2020-09-15 21:00:31 - [MESSAGE][PASSED] - Send request and verify the response successfully

2020-09-15 21:00:31 - [MESSAGE][INFO] - -----> funding_source_token = ff941f0a-d663-4269-89ca-e6a3161e3fb0

2020-09-15 21:00:31 - [MESSAGE][INFO] - ----> GlobalVariable funding_source_token = ff941f0a-d663-4269-89ca-e6a3161e3fb0

2020-09-15 21:00:31 - [MESSAGE][PASSED] - detailed_Onboarding.detailed_onboarding.createCardFundingSource is PASSED

2020-09-15 21:00:31 - [TEST_STEP][PASSED] - user_token = detailed_Onboarding.detailed_onboarding.createDetailedUser(user_first_name, user_middle_name, user_last_name, active, user_password, phone, gender, user_email, ssn_expiration_date, user_id_type, user_address1, city, user_state, country, birth_date, corporate_card_holder, user_ssn, id_card_number, id_card_expiration_date, nationality, company, uses_parent_account, user_postal_code): detailed_Onboarding.detailed_onboarding.createDetailedUser is PASSED

2020-09-15 21:00:31 - [MESSAGE][INFO] - HAR: /Users/csmall/mq-chase/Reports/20200915_210024/Detailed Test Suite/Detailed_Onboarding_With_Transactions/20200915_210024/requests/main/2.har

2020-09-15 21:00:31 - [TEST_CASE][PASSED] - Start Test Case : Verification: Verification accomplished successfully

2020-09-15 21:00:31 - [TEST_STEP][PASSED] - log = new com.kms.katalon.core.logging.KeywordLogger(): null

2020-09-15 21:00:31 - [TEST_STEP][PASSED] - request = getInstance().getCurrentRequest(): null

2020-09-15 21:00:31 - [TEST_STEP][PASSED] - println(restUrl.toString()): null

2020-09-15 21:00:31 - [TEST_STEP][PASSED] - println(httpBody.toString()): null

2020-09-15 21:00:31 - [TEST_STEP][PASSED] - log.logInfo("-------> Request Url= " + restUrl.toString()): -------> Request Url= https://sandbox-api.marqeta.com/v3/users

2020-09-15 21:00:31 - [MESSAGE][INFO] - -------> Request Url= https://sandbox-api.marqeta.com/v3/users

2020-09-15 21:00:31 - [TEST_STEP][PASSED] - log.logInfo("-------> Request Body= " + httpBody.toString()): -------> Request Body= {
    "first_name": "Chaseuser",
    "last_name": "Smalluser",
    "active": true
}

2020-09-15 21:00:31 - [MESSAGE][INFO] - -------> Request Body= {
    "first_name": "Chaseuser",
    "last_name": "Smalluser",
    "active": true
}

2020-09-15 21:00:31 - [TEST_STEP][PASSED] - response = getInstance().getCurrentResponse(): null

2020-09-15 21:00:31 - [TEST_STEP][PASSED] - println(responseBodyContent.toString()): null

2020-09-15 21:00:31 - [TEST_STEP][PASSED] - log.logInfo("-------> Response Body= " + responseBodyContent.toString()): -------> Response Body= {
  "token" : "fa25185c-8b1c-486f-99d7-0ae53a646a23",
  "active" : true,
  "first_name" : "Chaseuser",
  "last_name" : "Smalluser",
  "uses_parent_account" : false,
  "corporate_card_holder" : false,
  "created_time" : "2020-09-16T02:00:31Z",
  "last_modified_time" : "2020-09-16T02:00:31Z",
  "metadata" : { },
  "account_holder_group_token" : "DEFAULT_AHG",
  "status" : "ACTIVE",
  "deposit_account" : {
    "token" : "6054e14e-64b9-458e-8e37-5ff2da644b19",
    "account_number" : "40013372138458413",
    "routing_number" : "293748000",
    "allow_immediate_credit" : false
  }
}

2020-09-15 21:00:31 - [MESSAGE][INFO] - -------> Response Body= {
  "token" : "fa25185c-8b1c-486f-99d7-0ae53a646a23",
  "active" : true,
  "first_name" : "Chaseuser",
  "last_name" : "Smalluser",
  "uses_parent_account" : false,
  "corporate_card_holder" : false,
  "created_time" : "2020-09-16T02:00:31Z",
  "last_modified_time" : "2020-09-16T02:00:31Z",
  "metadata" : { },
  "account_holder_group_token" : "DEFAULT_AHG",
  "status" : "ACTIVE",
  "deposit_account" : {
    "token" : "6054e14e-64b9-458e-8e37-5ff2da644b19",
    "account_number" : "40013372138458413",
    "routing_number" : "293748000",
    "allow_immediate_credit" : false
  }
}

2020-09-15 21:00:31 - [TEST_STEP][PASSED] - jsonSlurper = new groovy.json.JsonSlurper(): null

2020-09-15 21:00:31 - [TEST_STEP][PASSED] - jsonResponse = jsonSlurper.parseText(response.getResponseText()): null

2020-09-15 21:00:31 - [TEST_STEP][PASSED] - assert token != null: null

2020-09-15 21:00:31 - [TEST_STEP][PASSED] - println(token): null

2020-09-15 21:00:31 - [TEST_STEP][PASSED] - user_token = token: null

2020-09-15 21:00:31 - [TEST_STEP][PASSED] - log.logInfo("-----> user_token = " + user_token): -----> user_token = fa25185c-8b1c-486f-99d7-0ae53a646a23

2020-09-15 21:00:31 - [MESSAGE][INFO] - -----> user_token = fa25185c-8b1c-486f-99d7-0ae53a646a23

2020-09-15 21:00:31 - [TEST_STEP][PASSED] - user_token = user_token: null

2020-09-15 21:00:31 - [TEST_STEP][PASSED] - log.logInfo("----> GlobalVariable user_token = " + user_token): ----> GlobalVariable user_token = fa25185c-8b1c-486f-99d7-0ae53a646a23

2020-09-15 21:00:31 - [MESSAGE][INFO] - ----> GlobalVariable user_token = fa25185c-8b1c-486f-99d7-0ae53a646a23

2020-09-15 21:00:31 - [TEST_STEP][PASSED] - assert response.getStatusCode() == 201: null

2020-09-15 21:00:31 - [MESSAGE][PASSED] - Verify response successfully

2020-09-15 21:00:31 - [MESSAGE][PASSED] - Send request and verify the response successfully

2020-09-15 21:00:31 - [MESSAGE][INFO] - -----> user_token = fa25185c-8b1c-486f-99d7-0ae53a646a23

2020-09-15 21:00:31 - [MESSAGE][INFO] - ----> GlobalVariable user_token = fa25185c-8b1c-486f-99d7-0ae53a646a23

2020-09-15 21:00:31 - [MESSAGE][PASSED] - detailed_Onboarding.detailed_onboarding.createDetailedUser is PASSED

2020-09-15 21:00:31 - [TEST_STEP][PASSED] - card_token = detailed_Onboarding.detailed_onboarding.createCard(user_token, card_product_token): detailed_Onboarding.detailed_onboarding.createCard is PASSED

2020-09-15 21:00:32 - [MESSAGE][INFO] - HAR: /Users/csmall/mq-chase/Reports/20200915_210024/Detailed Test Suite/Detailed_Onboarding_With_Transactions/20200915_210024/requests/main/3.har

2020-09-15 21:00:32 - [TEST_CASE][PASSED] - Start Test Case : Verification: Verification accomplished successfully

2020-09-15 21:00:32 - [TEST_STEP][PASSED] - log = new com.kms.katalon.core.logging.KeywordLogger(): null

2020-09-15 21:00:32 - [TEST_STEP][PASSED] - request = getInstance().getCurrentRequest(): null

2020-09-15 21:00:32 - [TEST_STEP][PASSED] - println(restUrl.toString()): null

2020-09-15 21:00:32 - [TEST_STEP][PASSED] - println(httpBody.toString()): null

2020-09-15 21:00:32 - [TEST_STEP][PASSED] - log.logInfo("-------> Request Url= " + restUrl.toString()): -------> Request Url= https://sandbox-api.marqeta.com/v3/cards

2020-09-15 21:00:32 - [MESSAGE][INFO] - -------> Request Url= https://sandbox-api.marqeta.com/v3/cards

2020-09-15 21:00:32 - [TEST_STEP][PASSED] - log.logInfo("-------> Request Body= " + httpBody.toString()): -------> Request Body= {
  "user_token": "fa25185c-8b1c-486f-99d7-0ae53a646a23",
  "card_product_token": "363bf2f2-e600-4211-af8b-bc0cced847db"
}

2020-09-15 21:00:32 - [MESSAGE][INFO] - -------> Request Body= {
  "user_token": "fa25185c-8b1c-486f-99d7-0ae53a646a23",
  "card_product_token": "363bf2f2-e600-4211-af8b-bc0cced847db"
}

2020-09-15 21:00:32 - [TEST_STEP][PASSED] - response = getInstance().getCurrentResponse(): null

2020-09-15 21:00:32 - [TEST_STEP][PASSED] - println(responseBodyContent.toString()): null

2020-09-15 21:00:32 - [TEST_STEP][PASSED] - log.logInfo("-------> Response Body= " + responseBodyContent.toString()): -------> Response Body= {
  "created_time" : "2020-09-16T02:00:32Z",
  "last_modified_time" : "2020-09-16T02:00:32Z",
  "token" : "f864ddcc-0c79-4359-814e-96f5b79dd534",
  "user_token" : "fa25185c-8b1c-486f-99d7-0ae53a646a23",
  "card_product_token" : "363bf2f2-e600-4211-af8b-bc0cced847db",
  "last_four" : "9128",
  "pan" : "111111______9128",
  "expiration" : "0924",
  "expiration_time" : "2024-09-30T23:59:59Z",
  "barcode" : "31574482965120999095",
  "pin_is_set" : false,
  "state" : "ACTIVE",
  "state_reason" : "New card activated",
  "fulfillment_status" : "ISSUED",
  "instrument_type" : "VIRTUAL_PAN",
  "expedite" : false,
  "metadata" : { }
}

2020-09-15 21:00:32 - [MESSAGE][INFO] - -------> Response Body= {
  "created_time" : "2020-09-16T02:00:32Z",
  "last_modified_time" : "2020-09-16T02:00:32Z",
  "token" : "f864ddcc-0c79-4359-814e-96f5b79dd534",
  "user_token" : "fa25185c-8b1c-486f-99d7-0ae53a646a23",
  "card_product_token" : "363bf2f2-e600-4211-af8b-bc0cced847db",
  "last_four" : "9128",
  "pan" : "111111______9128",
  "expiration" : "0924",
  "expiration_time" : "2024-09-30T23:59:59Z",
  "barcode" : "31574482965120999095",
  "pin_is_set" : false,
  "state" : "ACTIVE",
  "state_reason" : "New card activated",
  "fulfillment_status" : "ISSUED",
  "instrument_type" : "VIRTUAL_PAN",
  "expedite" : false,
  "metadata" : { }
}

2020-09-15 21:00:32 - [TEST_STEP][PASSED] - jsonSlurper = new groovy.json.JsonSlurper(): null

2020-09-15 21:00:32 - [TEST_STEP][PASSED] - jsonResponse = jsonSlurper.parseText(response.getResponseText()): null

2020-09-15 21:00:32 - [TEST_STEP][PASSED] - assert token != null: null

2020-09-15 21:00:32 - [TEST_STEP][PASSED] - println(token): null

2020-09-15 21:00:32 - [TEST_STEP][PASSED] - card_token = token: null

2020-09-15 21:00:32 - [TEST_STEP][PASSED] - log.logInfo("-----> card_token = " + card_token): -----> card_token = f864ddcc-0c79-4359-814e-96f5b79dd534

2020-09-15 21:00:32 - [MESSAGE][INFO] - -----> card_token = f864ddcc-0c79-4359-814e-96f5b79dd534

2020-09-15 21:00:32 - [TEST_STEP][PASSED] - card_token = card_token: null

2020-09-15 21:00:32 - [TEST_STEP][PASSED] - log.logInfo("----> GlobalVariable card_token = " + card_token): ----> GlobalVariable card_token = f864ddcc-0c79-4359-814e-96f5b79dd534

2020-09-15 21:00:32 - [MESSAGE][INFO] - ----> GlobalVariable card_token = f864ddcc-0c79-4359-814e-96f5b79dd534

2020-09-15 21:00:32 - [TEST_STEP][PASSED] - assert response.getStatusCode() == 201: null

2020-09-15 21:00:32 - [MESSAGE][PASSED] - Verify response successfully

2020-09-15 21:00:32 - [MESSAGE][PASSED] - Send request and verify the response successfully

2020-09-15 21:00:32 - [MESSAGE][INFO] - -----> card_token = f864ddcc-0c79-4359-814e-96f5b79dd534

2020-09-15 21:00:32 - [MESSAGE][INFO] - ----> GlobalVariable card_token = f864ddcc-0c79-4359-814e-96f5b79dd534

2020-09-15 21:00:32 - [MESSAGE][PASSED] - detailed_Onboarding.detailed_onboarding.createCard is PASSED

2020-09-15 21:00:32 - [TEST_STEP][PASSED] - gpa_token = detailed_Onboarding.detailed_onboarding.createGpaOrder(user_token, gpaamount, currency_code, funding_source_token): detailed_Onboarding.detailed_onboarding.createGpaOrder is PASSED

2020-09-15 21:00:33 - [MESSAGE][INFO] - HAR: /Users/csmall/mq-chase/Reports/20200915_210024/Detailed Test Suite/Detailed_Onboarding_With_Transactions/20200915_210024/requests/main/4.har

2020-09-15 21:00:33 - [TEST_CASE][PASSED] - Start Test Case : Verification: Verification accomplished successfully

2020-09-15 21:00:33 - [TEST_STEP][PASSED] - log = new com.kms.katalon.core.logging.KeywordLogger(): null

2020-09-15 21:00:33 - [TEST_STEP][PASSED] - request = getInstance().getCurrentRequest(): null

2020-09-15 21:00:33 - [TEST_STEP][PASSED] - println(restUrl.toString()): null

2020-09-15 21:00:33 - [TEST_STEP][PASSED] - println(httpBody.toString()): null

2020-09-15 21:00:33 - [TEST_STEP][PASSED] - log.logInfo("-------> Request Url= " + restUrl.toString()): -------> Request Url= https://sandbox-api.marqeta.com/v3/gpaorders

2020-09-15 21:00:33 - [MESSAGE][INFO] - -------> Request Url= https://sandbox-api.marqeta.com/v3/gpaorders

2020-09-15 21:00:33 - [TEST_STEP][PASSED] - log.logInfo("-------> Request Body= " + httpBody.toString()): -------> Request Body= {
  "user_token": "fa25185c-8b1c-486f-99d7-0ae53a646a23",
  "amount": "10000",
  "currency_code": "USD",
  "funding_source_token": "ff941f0a-d663-4269-89ca-e6a3161e3fb0"
}

2020-09-15 21:00:33 - [MESSAGE][INFO] - -------> Request Body= {
  "user_token": "fa25185c-8b1c-486f-99d7-0ae53a646a23",
  "amount": "10000",
  "currency_code": "USD",
  "funding_source_token": "ff941f0a-d663-4269-89ca-e6a3161e3fb0"
}

2020-09-15 21:00:33 - [TEST_STEP][PASSED] - response = getInstance().getCurrentResponse(): null

2020-09-15 21:00:33 - [TEST_STEP][PASSED] - println(responseBodyContent.toString()): null

2020-09-15 21:00:33 - [TEST_STEP][PASSED] - log.logInfo("-------> Response Body= " + responseBodyContent.toString()): -------> Response Body= {
  "token" : "6f5152cb-2eff-42da-83e6-f1e34aac5f76",
  "amount" : 10000,
  "created_time" : "2020-09-16T02:00:33Z",
  "last_modified_time" : "2020-09-16T02:00:33Z",
  "transaction_token" : "1b452035-c3e8-4221-bf19-b7b8ed5e5549",
  "state" : "COMPLETION",
  "response" : {
    "code" : "0000",
    "memo" : "Approved or completed successfully"
  },
  "funding" : {
    "amount" : 10000,
    "source" : {
      "type" : "program",
      "token" : "**********3fb0",
      "active" : true,
      "name" : "Program Funding",
      "is_default_account" : false,
      "created_time" : "2020-09-16T02:00:31Z",
      "last_modified_time" : "2020-09-16T02:00:31Z"
    }
  },
  "funding_source_token" : "**********3fb0",
  "user_token" : "fa25185c-8b1c-486f-99d7-0ae53a646a23",
  "currency_code" : "USD"
}

2020-09-15 21:00:33 - [MESSAGE][INFO] - -------> Response Body= {
  "token" : "6f5152cb-2eff-42da-83e6-f1e34aac5f76",
  "amount" : 10000,
  "created_time" : "2020-09-16T02:00:33Z",
  "last_modified_time" : "2020-09-16T02:00:33Z",
  "transaction_token" : "1b452035-c3e8-4221-bf19-b7b8ed5e5549",
  "state" : "COMPLETION",
  "response" : {
    "code" : "0000",
    "memo" : "Approved or completed successfully"
  },
  "funding" : {
    "amount" : 10000,
    "source" : {
      "type" : "program",
      "token" : "**********3fb0",
      "active" : true,
      "name" : "Program Funding",
      "is_default_account" : false,
      "created_time" : "2020-09-16T02:00:31Z",
      "last_modified_time" : "2020-09-16T02:00:31Z"
    }
  },
  "funding_source_token" : "**********3fb0",
  "user_token" : "fa25185c-8b1c-486f-99d7-0ae53a646a23",
  "currency_code" : "USD"
}

2020-09-15 21:00:33 - [TEST_STEP][PASSED] - jsonSlurper = new groovy.json.JsonSlurper(): null

2020-09-15 21:00:33 - [TEST_STEP][PASSED] - jsonResponse = jsonSlurper.parseText(response.getResponseText()): null

2020-09-15 21:00:33 - [TEST_STEP][PASSED] - assert token != null: null

2020-09-15 21:00:33 - [TEST_STEP][PASSED] - println(token): null

2020-09-15 21:00:33 - [TEST_STEP][PASSED] - gpa_token = token: null

2020-09-15 21:00:33 - [TEST_STEP][PASSED] - log.logInfo("-----> gpa_token = " + gpa_token): -----> gpa_token = 6f5152cb-2eff-42da-83e6-f1e34aac5f76

2020-09-15 21:00:33 - [MESSAGE][INFO] - -----> gpa_token = 6f5152cb-2eff-42da-83e6-f1e34aac5f76

2020-09-15 21:00:33 - [TEST_STEP][PASSED] - user_token = gpa_token: null

2020-09-15 21:00:33 - [TEST_STEP][PASSED] - log.logInfo("----> GlobalVariable gpa_token = " + gpa_token): ----> GlobalVariable gpa_token = 

2020-09-15 21:00:33 - [MESSAGE][INFO] - ----> GlobalVariable gpa_token = 

2020-09-15 21:00:33 - [TEST_STEP][PASSED] - assert response.getStatusCode() == 201: null

2020-09-15 21:00:33 - [MESSAGE][PASSED] - Verify response successfully

2020-09-15 21:00:33 - [MESSAGE][PASSED] - Send request and verify the response successfully

2020-09-15 21:00:33 - [MESSAGE][INFO] - -----> gpa_token = 6f5152cb-2eff-42da-83e6-f1e34aac5f76

2020-09-15 21:00:33 - [MESSAGE][INFO] - ----> GlobalVariable gpa_token = 6f5152cb-2eff-42da-83e6-f1e34aac5f76

2020-09-15 21:00:33 - [MESSAGE][PASSED] - detailed_Onboarding.detailed_onboarding.createGpaOrder is PASSED

2020-09-15 21:00:33 - [TEST_STEP][PASSED] - detailed_Onboarding.detailed_onboarding.createCardTransition(card_token, "SUSPENDED", channel, "01"): detailed_Onboarding.detailed_onboarding.createCardTransition is PASSED

2020-09-15 21:00:33 - [MESSAGE][INFO] - HAR: /Users/csmall/mq-chase/Reports/20200915_210024/Detailed Test Suite/Detailed_Onboarding_With_Transactions/20200915_210024/requests/main/5.har

2020-09-15 21:00:34 - [TEST_CASE][PASSED] - Start Test Case : Verification: Verification accomplished successfully

2020-09-15 21:00:34 - [TEST_STEP][PASSED] - log = new com.kms.katalon.core.logging.KeywordLogger(): null

2020-09-15 21:00:34 - [TEST_STEP][PASSED] - request = getInstance().getCurrentRequest(): null

2020-09-15 21:00:34 - [TEST_STEP][PASSED] - println(restUrl.toString()): null

2020-09-15 21:00:34 - [TEST_STEP][PASSED] - println(httpBody.toString()): null

2020-09-15 21:00:34 - [TEST_STEP][PASSED] - log.logInfo("-------> Request Url= " + restUrl.toString()): -------> Request Url= https://sandbox-api.marqeta.com/v3/cardtransitions

2020-09-15 21:00:34 - [MESSAGE][INFO] - -------> Request Url= https://sandbox-api.marqeta.com/v3/cardtransitions

2020-09-15 21:00:34 - [TEST_STEP][PASSED] - log.logInfo("-------> Request Body= " + httpBody.toString()): -------> Request Body= {
  "card_token": "f864ddcc-0c79-4359-814e-96f5b79dd534",
  "state": "SUSPENDED",
  "channel": "API",
  "reason_code": "01"
}

2020-09-15 21:00:34 - [MESSAGE][INFO] - -------> Request Body= {
  "card_token": "f864ddcc-0c79-4359-814e-96f5b79dd534",
  "state": "SUSPENDED",
  "channel": "API",
  "reason_code": "01"
}

2020-09-15 21:00:34 - [TEST_STEP][PASSED] - response = getInstance().getCurrentResponse(): null

2020-09-15 21:00:34 - [TEST_STEP][PASSED] - println(responseBodyContent.toString()): null

2020-09-15 21:00:34 - [TEST_STEP][PASSED] - log.logInfo("-------> Response Body= " + responseBodyContent.toString()): -------> Response Body= {
  "token" : "b1574830-e927-4ea5-b034-06ef19e35ef7",
  "card_token" : "f864ddcc-0c79-4359-814e-96f5b79dd534",
  "user_token" : "fa25185c-8b1c-486f-99d7-0ae53a646a23",
  "state" : "SUSPENDED",
  "reason" : "Suspended card",
  "reason_code" : "01",
  "channel" : "API",
  "fulfillment_status" : "ISSUED",
  "validations" : {
    "user" : {
      "birth_date" : false,
      "phone" : false,
      "ssn" : false,
      "random_name_line1_postfix" : false
    }
  },
  "type" : "state.suspended",
  "created_time" : "2020-09-16T02:00:33Z",
  "card_product_token" : "363bf2f2-e600-4211-af8b-bc0cced847db",
  "last_four" : "9128",
  "pan" : "111111______9128",
  "expiration" : "0924",
  "expiration_time" : "2024-09-30T23:59:59.000Z",
  "barcode" : "31574482965120999095",
  "pin_is_set" : false,
  "user" : {
    "metadata" : { }
  },
  "card" : {
    "metadata" : { }
  }
}

2020-09-15 21:00:34 - [MESSAGE][INFO] - -------> Response Body= {
  "token" : "b1574830-e927-4ea5-b034-06ef19e35ef7",
  "card_token" : "f864ddcc-0c79-4359-814e-96f5b79dd534",
  "user_token" : "fa25185c-8b1c-486f-99d7-0ae53a646a23",
  "state" : "SUSPENDED",
  "reason" : "Suspended card",
  "reason_code" : "01",
  "channel" : "API",
  "fulfillment_status" : "ISSUED",
  "validations" : {
    "user" : {
      "birth_date" : false,
      "phone" : false,
      "ssn" : false,
      "random_name_line1_postfix" : false
    }
  },
  "type" : "state.suspended",
  "created_time" : "2020-09-16T02:00:33Z",
  "card_product_token" : "363bf2f2-e600-4211-af8b-bc0cced847db",
  "last_four" : "9128",
  "pan" : "111111______9128",
  "expiration" : "0924",
  "expiration_time" : "2024-09-30T23:59:59.000Z",
  "barcode" : "31574482965120999095",
  "pin_is_set" : false,
  "user" : {
    "metadata" : { }
  },
  "card" : {
    "metadata" : { }
  }
}

2020-09-15 21:00:34 - [TEST_STEP][PASSED] - jsonSlurper = new groovy.json.JsonSlurper(): null

2020-09-15 21:00:34 - [TEST_STEP][PASSED] - jsonResponse = jsonSlurper.parseText(response.getResponseText()): null

2020-09-15 21:00:34 - [TEST_STEP][PASSED] - assert token != null: null

2020-09-15 21:00:34 - [TEST_STEP][PASSED] - assert response.getStatusCode() == 201: null

2020-09-15 21:00:34 - [MESSAGE][PASSED] - Verify response successfully

2020-09-15 21:00:34 - [MESSAGE][PASSED] - Send request and verify the response successfully

2020-09-15 21:00:34 - [MESSAGE][INFO] - -----> transition_reason = Suspended card

2020-09-15 21:00:34 - [MESSAGE][INFO] - -----> transitionState = SUSPENDED

2020-09-15 21:00:34 - [MESSAGE][PASSED] - detailed_Onboarding.detailed_onboarding.createCardTransition is PASSED

2020-09-15 21:00:34 - [TEST_STEP][PASSED] - original_transaction_token = detailed_Onboarding.detailed_onboarding.createTransAuthDeclined(card_token, trans_amount1, mid, beeceptor_declined_transaction, beeceptor_username, beeceptor_password): detailed_Onboarding.detailed_onboarding.createTransAuthDeclined is PASSED

2020-09-15 21:00:34 - [MESSAGE][INFO] - HAR: /Users/csmall/mq-chase/Reports/20200915_210024/Detailed Test Suite/Detailed_Onboarding_With_Transactions/20200915_210024/requests/main/6.har

2020-09-15 21:00:34 - [TEST_CASE][PASSED] - Start Test Case : Verification: Verification accomplished successfully

2020-09-15 21:00:34 - [TEST_STEP][PASSED] - log = new com.kms.katalon.core.logging.KeywordLogger(): null

2020-09-15 21:00:34 - [TEST_STEP][PASSED] - request = getInstance().getCurrentRequest(): null

2020-09-15 21:00:34 - [TEST_STEP][PASSED] - println(restUrl.toString()): null

2020-09-15 21:00:34 - [TEST_STEP][PASSED] - println(httpBody.toString()): null

2020-09-15 21:00:34 - [TEST_STEP][PASSED] - log.logInfo("-------> Request Url= " + restUrl.toString()): -------> Request Url= https://sandbox-api.marqeta.com/v3/simulate/authorization

2020-09-15 21:00:34 - [MESSAGE][INFO] - -------> Request Url= https://sandbox-api.marqeta.com/v3/simulate/authorization

2020-09-15 21:00:34 - [TEST_STEP][PASSED] - log.logInfo("-------> Request Body= " + httpBody.toString()): -------> Request Body= {
  "card_token": "f864ddcc-0c79-4359-814e-96f5b79dd534",
  "amount": "10",
  "mid": "USD",
  "webhook": {
    "endpoint": "https://create-transaction.free.beeceptor.com/declined-transaction",
    "username": "chase.small@outlook.com",
    "password": "Shredder1991!"
  }
}

2020-09-15 21:00:34 - [MESSAGE][INFO] - -------> Request Body= {
  "card_token": "f864ddcc-0c79-4359-814e-96f5b79dd534",
  "amount": "10",
  "mid": "USD",
  "webhook": {
    "endpoint": "https://create-transaction.free.beeceptor.com/declined-transaction",
    "username": "chase.small@outlook.com",
    "password": "Shredder1991!"
  }
}

2020-09-15 21:00:34 - [TEST_STEP][PASSED] - response = getInstance().getCurrentResponse(): null

2020-09-15 21:00:34 - [TEST_STEP][PASSED] - println(responseBodyContent.toString()): null

2020-09-15 21:00:34 - [TEST_STEP][PASSED] - log.logInfo("-------> Response Body= " + responseBodyContent.toString()): -------> Response Body= {
  "transaction" : {
    "type" : "authorization",
    "state" : "DECLINED",
    "identifier" : "124",
    "token" : "60cc9316-7ec9-4018-b5ea-6c1809992eeb",
    "user_token" : "fa25185c-8b1c-486f-99d7-0ae53a646a23",
    "acting_user_token" : "fa25185c-8b1c-486f-99d7-0ae53a646a23",
    "card_token" : "f864ddcc-0c79-4359-814e-96f5b79dd534",
    "gpa" : {
      "currency_code" : "USD",
      "ledger_balance" : 10000.00,
      "available_balance" : 10000.00,
      "credit_balance" : 0.00,
      "pending_credits" : 0.00,
      "balances" : {
        "USD" : {
          "currency_code" : "USD",
          "ledger_balance" : 10000.00,
          "available_balance" : 10000.00,
          "credit_balance" : 0.00,
          "pending_credits" : 0.00
        }
      }
    },
    "duration" : 31,
    "created_time" : "2020-09-16T02:00:34Z",
    "user_transaction_time" : "2020-09-16T02:00:34Z",
    "settlement_date" : "2020-09-16T00:00:00Z",
    "request_amount" : 10.00,
    "amount" : 10.00,
    "issuer_interchange_amount" : 0,
    "currency_code" : "USD",
    "response" : {
      "code" : "1003",
      "memo" : "Card suspended"
    },
    "network" : "DISCOVER",
    "acquirer_fee_amount" : 0,
    "acquirer" : {
      "system_trace_audit_number" : "097700"
    },
    "user" : {
      "metadata" : { }
    },
    "card" : {
      "last_four" : "9128",
      "metadata" : { }
    },
    "issuer_received_time" : "2020-09-16T02:00:34.457Z",
    "issuer_payment_node" : "6e9f8d699bb8de211dde694e995d7011",
    "network_reference_id" : "231404805168",
    "card_acceptor" : {
      "mid" : "USD",
      "mcc" : "6411",
      "network_mid" : "USD",
      "name" : "Marqeta Storefront",
      "address" : "330 Central Ave. St.",
      "city" : "St. Petersburg",
      "state" : "CA",
      "zip" : "33705",
      "country" : "USA",
      "poi" : {
        "partial_approval_capable" : "1"
      }
    },
    "is_recurring" : false
  },
  "raw_iso8583" : {
    "0" : "2110",
    "2" : "1111114058029128",
    "3" : "000000",
    "4" : 10.00,
    "7" : "0916020034",
    "11" : "000008097700",
    "12" : "20200916020034",
    "13" : "200916",
    "14" : "2409",
    "15" : "20200916",
    "17" : "0916",
    "21" : "231404805168",
    "22" : "10000000020000000100000001000000",
    "24" : "181",
    "26" : "6411",
    "37" : "1863",
    "39" : "0014",
    "42" : "USD",
    "43" : {
      "2" : "Marqeta Storefront",
      "3" : "330 Central Ave. St.",
      "4" : "St. Petersburg",
      "5" : "CA",
      "6" : "33705",
      "7" : "840"
    },
    "44" : {
      "1" : "Card suspended",
      "2" : "Card suspended",
      "3" : "59",
      "4" : "Card suspended"
    },
    "63" : "DISCOVER",
    "112" : {
      "22" : "0200010000700",
      "103" : "840"
    },
    "113" : {
      "2" : "106",
      "29" : "Y",
      "34" : "Y",
      "35" : "API"
    },
    "180" : "evbvhpcf"
  }
}

2020-09-15 21:00:34 - [MESSAGE][INFO] - -------> Response Body= {
  "transaction" : {
    "type" : "authorization",
    "state" : "DECLINED",
    "identifier" : "124",
    "token" : "60cc9316-7ec9-4018-b5ea-6c1809992eeb",
    "user_token" : "fa25185c-8b1c-486f-99d7-0ae53a646a23",
    "acting_user_token" : "fa25185c-8b1c-486f-99d7-0ae53a646a23",
    "card_token" : "f864ddcc-0c79-4359-814e-96f5b79dd534",
    "gpa" : {
      "currency_code" : "USD",
      "ledger_balance" : 10000.00,
      "available_balance" : 10000.00,
      "credit_balance" : 0.00,
      "pending_credits" : 0.00,
      "balances" : {
        "USD" : {
          "currency_code" : "USD",
          "ledger_balance" : 10000.00,
          "available_balance" : 10000.00,
          "credit_balance" : 0.00,
          "pending_credits" : 0.00
        }
      }
    },
    "duration" : 31,
    "created_time" : "2020-09-16T02:00:34Z",
    "user_transaction_time" : "2020-09-16T02:00:34Z",
    "settlement_date" : "2020-09-16T00:00:00Z",
    "request_amount" : 10.00,
    "amount" : 10.00,
    "issuer_interchange_amount" : 0,
    "currency_code" : "USD",
    "response" : {
      "code" : "1003",
      "memo" : "Card suspended"
    },
    "network" : "DISCOVER",
    "acquirer_fee_amount" : 0,
    "acquirer" : {
      "system_trace_audit_number" : "097700"
    },
    "user" : {
      "metadata" : { }
    },
    "card" : {
      "last_four" : "9128",
      "metadata" : { }
    },
    "issuer_received_time" : "2020-09-16T02:00:34.457Z",
    "issuer_payment_node" : "6e9f8d699bb8de211dde694e995d7011",
    "network_reference_id" : "231404805168",
    "card_acceptor" : {
      "mid" : "USD",
      "mcc" : "6411",
      "network_mid" : "USD",
      "name" : "Marqeta Storefront",
      "address" : "330 Central Ave. St.",
      "city" : "St. Petersburg",
      "state" : "CA",
      "zip" : "33705",
      "country" : "USA",
      "poi" : {
        "partial_approval_capable" : "1"
      }
    },
    "is_recurring" : false
  },
  "raw_iso8583" : {
    "0" : "2110",
    "2" : "1111114058029128",
    "3" : "000000",
    "4" : 10.00,
    "7" : "0916020034",
    "11" : "000008097700",
    "12" : "20200916020034",
    "13" : "200916",
    "14" : "2409",
    "15" : "20200916",
    "17" : "0916",
    "21" : "231404805168",
    "22" : "10000000020000000100000001000000",
    "24" : "181",
    "26" : "6411",
    "37" : "1863",
    "39" : "0014",
    "42" : "USD",
    "43" : {
      "2" : "Marqeta Storefront",
      "3" : "330 Central Ave. St.",
      "4" : "St. Petersburg",
      "5" : "CA",
      "6" : "33705",
      "7" : "840"
    },
    "44" : {
      "1" : "Card suspended",
      "2" : "Card suspended",
      "3" : "59",
      "4" : "Card suspended"
    },
    "63" : "DISCOVER",
    "112" : {
      "22" : "0200010000700",
      "103" : "840"
    },
    "113" : {
      "2" : "106",
      "29" : "Y",
      "34" : "Y",
      "35" : "API"
    },
    "180" : "evbvhpcf"
  }
}

2020-09-15 21:00:34 - [TEST_STEP][PASSED] - jsonSlurper = new groovy.json.JsonSlurper(): null

2020-09-15 21:00:34 - [TEST_STEP][PASSED] - jsonResponse = jsonSlurper.parseText(response.getResponseText()): null

2020-09-15 21:00:34 - [TEST_STEP][PASSED] - declinedState = state: null

2020-09-15 21:00:34 - [TEST_STEP][PASSED] - log.logInfo("-----> transaction.state = " + declinedState): -----> transaction.state = DECLINED

2020-09-15 21:00:34 - [MESSAGE][INFO] - -----> transaction.state = DECLINED

2020-09-15 21:00:34 - [TEST_STEP][PASSED] - verifyElementPropertyValue(response, "transaction.state", "DECLINED"): Verify element property value successfully

2020-09-15 21:00:34 - [MESSAGE][PASSED] - Verify element property value successfully

2020-09-15 21:00:34 - [TEST_STEP][PASSED] - declined_response_reason = memo: null

2020-09-15 21:00:34 - [TEST_STEP][PASSED] - log.logInfo("-----> declined_response_reason = " + declined_response_reason): -----> declined_response_reason = Card suspended

2020-09-15 21:00:34 - [MESSAGE][INFO] - -----> declined_response_reason = Card suspended

2020-09-15 21:00:34 - [TEST_STEP][PASSED] - assert token != null: null

2020-09-15 21:00:34 - [TEST_STEP][PASSED] - println(token): null

2020-09-15 21:00:34 - [TEST_STEP][PASSED] - original_transaction_token = token: null

2020-09-15 21:00:34 - [TEST_STEP][PASSED] - log.logInfo("-----> original_transaction_token = " + original_transaction_token): -----> original_transaction_token = 60cc9316-7ec9-4018-b5ea-6c1809992eeb

2020-09-15 21:00:34 - [MESSAGE][INFO] - -----> original_transaction_token = 60cc9316-7ec9-4018-b5ea-6c1809992eeb

2020-09-15 21:00:34 - [TEST_STEP][PASSED] - original_transaction_token = original_transaction_token: null

2020-09-15 21:00:34 - [TEST_STEP][PASSED] - log.logInfo("----> GlobalVariable original_transaction_token = " + original_transaction_token): ----> GlobalVariable original_transaction_token = 60cc9316-7ec9-4018-b5ea-6c1809992eeb

2020-09-15 21:00:34 - [MESSAGE][INFO] - ----> GlobalVariable original_transaction_token = 60cc9316-7ec9-4018-b5ea-6c1809992eeb

2020-09-15 21:00:34 - [TEST_STEP][PASSED] - assert response.getStatusCode() == 201: null

2020-09-15 21:00:34 - [MESSAGE][PASSED] - Verify response successfully

2020-09-15 21:00:34 - [MESSAGE][PASSED] - Send request and verify the response successfully

2020-09-15 21:00:34 - [MESSAGE][INFO] - -----> original_transaction_token = 60cc9316-7ec9-4018-b5ea-6c1809992eeb

2020-09-15 21:00:34 - [MESSAGE][INFO] - ----> GlobalVariable original_transaction_token = 60cc9316-7ec9-4018-b5ea-6c1809992eeb

2020-09-15 21:00:34 - [MESSAGE][PASSED] - detailed_Onboarding.detailed_onboarding.createTransAuthDeclined is PASSED]]></system-out>
         <system-err><![CDATA[]]></system-err>
      </testcase>
      <testcase name="Test Cases/API Test Cases/Quickstart_with_transactions/Transaction Tests/Card Settled Transaction/Detailed_onboarding_with_card_transaction" time="5.604" classname="Test Cases/API Test Cases/Quickstart_with_transactions/Transaction Tests/Card Settled Transaction/Detailed_onboarding_with_card_transaction" status="PASSED">
         <system-out><![CDATA[2020-09-15 21:00:34 - [TEST_CASE][PASSED] - Test Cases/API Test Cases/Quickstart_with_transactions/Transaction Tests/Card Settled Transaction/Detailed_onboarding_with_card_transaction: Test Cases/API Test Cases/Quickstart_with_transactions/Transaction Tests/Card Settled Transaction/Detailed_onboarding_with_card_transaction

2020-09-15 21:00:34 - [TEST_STEP][PASSED] - card_product_token = detailed_Onboarding.detailed_onboarding.createCardProduct(start_date, card_product_name, payment_instrument, ecommerce, activate_upon_issue): detailed_Onboarding.detailed_onboarding.createCardProduct is PASSED

2020-09-15 21:00:35 - [MESSAGE][INFO] - HAR: /Users/csmall/mq-chase/Reports/20200915_210024/Detailed Test Suite/Detailed_Onboarding_With_Transactions/20200915_210024/requests/main/7.har

2020-09-15 21:00:35 - [TEST_CASE][PASSED] - Start Test Case : Verification: Verification accomplished successfully

2020-09-15 21:00:35 - [TEST_STEP][PASSED] - log = new com.kms.katalon.core.logging.KeywordLogger(): null

2020-09-15 21:00:35 - [TEST_STEP][PASSED] - request = getInstance().getCurrentRequest(): null

2020-09-15 21:00:35 - [TEST_STEP][PASSED] - println(restUrl.toString()): null

2020-09-15 21:00:35 - [TEST_STEP][PASSED] - println(httpBody.toString()): null

2020-09-15 21:00:35 - [TEST_STEP][PASSED] - log.logInfo("-------> Request Url= " + restUrl.toString()): -------> Request Url= https://sandbox-api.marqeta.com/v3/cardproducts

2020-09-15 21:00:35 - [MESSAGE][INFO] - -------> Request Url= https://sandbox-api.marqeta.com/v3/cardproducts

2020-09-15 21:00:35 - [TEST_STEP][PASSED] - log.logInfo("-------> Request Body= " + httpBody.toString()): -------> Request Body= {
  "start_date": "2020-09-10",
  "name": "Example Card Product",
  "config": {
    "fulfillment": {
      "payment_instrument":"VIRTUAL_PAN"
     },
    "poi": {
      "ecommerce": true,
      "atm": "true"
    },
    "card_life_cycle": {
      "activate_upon_issue": true
    }
  }
}

2020-09-15 21:00:35 - [MESSAGE][INFO] - -------> Request Body= {
  "start_date": "2020-09-10",
  "name": "Example Card Product",
  "config": {
    "fulfillment": {
      "payment_instrument":"VIRTUAL_PAN"
     },
    "poi": {
      "ecommerce": true,
      "atm": "true"
    },
    "card_life_cycle": {
      "activate_upon_issue": true
    }
  }
}

2020-09-15 21:00:35 - [TEST_STEP][PASSED] - response = getInstance().getCurrentResponse(): null

2020-09-15 21:00:35 - [TEST_STEP][PASSED] - println(responseBodyContent.toString()): null

2020-09-15 21:00:35 - [TEST_STEP][PASSED] - log.logInfo("-------> Response Body= " + responseBodyContent.toString()): -------> Response Body= {
  "token" : "665ba205-a1d5-4194-80c6-b05bc005a759",
  "name" : "Example Card Product",
  "active" : true,
  "start_date" : "2020-09-10",
  "config" : {
    "poi" : {
      "other" : {
        "allow" : true,
        "card_presence_required" : false,
        "cardholder_presence_required" : false
      },
      "ecommerce" : true,
      "atm" : true
    },
    "transaction_controls" : {
      "accepted_countries_token" : "accept_us_only",
      "always_require_pin" : false,
      "always_require_icc" : false,
      "allow_gpa_auth" : true,
      "require_card_not_present_card_security_code" : false,
      "allow_mcc_group_authorization_controls" : true,
      "allow_first_pin_set_via_financial_transaction" : false,
      "ignore_card_suspended_state" : false,
      "allow_chip_fallback" : true,
      "allow_network_load" : false,
      "allow_network_load_card_activation" : false,
      "allow_quasi_cash" : false,
      "enable_partial_auth_approval" : true,
      "address_verification" : {
        "av_messages" : {
          "validate" : true,
          "decline_on_address_number_mismatch" : false,
          "decline_on_postal_code_mismatch" : true
        },
        "auth_messages" : {
          "validate" : true,
          "decline_on_address_number_mismatch" : false,
          "decline_on_postal_code_mismatch" : false
        }
      }
    },
    "selective_auth" : {
      "sa_mode" : 1,
      "enable_regex_search_chain" : false,
      "dmd_location_sensitivity" : 0
    },
    "special" : {
      "merchant_on_boarding" : false
    },
    "card_life_cycle" : {
      "activate_upon_issue" : true,
      "expiration_offset" : {
        "unit" : "YEARS",
        "value" : 4
      },
      "card_service_code" : 101,
      "update_expiration_upon_activation" : false
    },
    "clearing_and_settlement" : {
      "overdraft_destination" : "GPA"
    },
    "jit_funding" : {
      "paymentcard_funding_source" : {
        "enabled" : false,
        "refunds_destination" : ""
      },
      "programgateway_funding_source" : {
        "enabled" : false,
        "funding_source_token" : "",
        "refunds_destination" : "",
        "always_fund" : true
      },
      "program_funding_source" : {
        "enabled" : false,
        "funding_source_token" : "",
        "refunds_destination" : ""
      }
    },
    "digital_wallet_tokenization" : {
      "provisioning_controls" : {
        "manual_entry" : {
          "enabled" : false,
          "address_verification" : {
            "validate" : true
          }
        },
        "wallet_provider_card_on_file" : {
          "enabled" : false,
          "address_verification" : {
            "validate" : true
          }
        },
        "in_app_provisioning" : {
          "enabled" : false,
          "address_verification" : {
            "validate" : true
          }
        }
      }
    },
    "fulfillment" : {
      "payment_instrument" : "VIRTUAL_PAN",
      "package_id" : "0",
      "all_zero_card_security_code" : false,
      "bin_prefix" : "111111",
      "bulk_ship" : false,
      "pan_length" : "16",
      "fulfillment_provider" : "PERFECTPLASTIC",
      "allow_card_creation" : true,
      "uppercase_name_lines" : true,
      "enable_offline_pin" : false
    }
  },
  "created_time" : "2020-09-16T02:00:35Z",
  "last_modified_time" : "2020-09-16T02:00:35Z"
}

2020-09-15 21:00:35 - [MESSAGE][INFO] - -------> Response Body= {
  "token" : "665ba205-a1d5-4194-80c6-b05bc005a759",
  "name" : "Example Card Product",
  "active" : true,
  "start_date" : "2020-09-10",
  "config" : {
    "poi" : {
      "other" : {
        "allow" : true,
        "card_presence_required" : false,
        "cardholder_presence_required" : false
      },
      "ecommerce" : true,
      "atm" : true
    },
    "transaction_controls" : {
      "accepted_countries_token" : "accept_us_only",
      "always_require_pin" : false,
      "always_require_icc" : false,
      "allow_gpa_auth" : true,
      "require_card_not_present_card_security_code" : false,
      "allow_mcc_group_authorization_controls" : true,
      "allow_first_pin_set_via_financial_transaction" : false,
      "ignore_card_suspended_state" : false,
      "allow_chip_fallback" : true,
      "allow_network_load" : false,
      "allow_network_load_card_activation" : false,
      "allow_quasi_cash" : false,
      "enable_partial_auth_approval" : true,
      "address_verification" : {
        "av_messages" : {
          "validate" : true,
          "decline_on_address_number_mismatch" : false,
          "decline_on_postal_code_mismatch" : true
        },
        "auth_messages" : {
          "validate" : true,
          "decline_on_address_number_mismatch" : false,
          "decline_on_postal_code_mismatch" : false
        }
      }
    },
    "selective_auth" : {
      "sa_mode" : 1,
      "enable_regex_search_chain" : false,
      "dmd_location_sensitivity" : 0
    },
    "special" : {
      "merchant_on_boarding" : false
    },
    "card_life_cycle" : {
      "activate_upon_issue" : true,
      "expiration_offset" : {
        "unit" : "YEARS",
        "value" : 4
      },
      "card_service_code" : 101,
      "update_expiration_upon_activation" : false
    },
    "clearing_and_settlement" : {
      "overdraft_destination" : "GPA"
    },
    "jit_funding" : {
      "paymentcard_funding_source" : {
        "enabled" : false,
        "refunds_destination" : ""
      },
      "programgateway_funding_source" : {
        "enabled" : false,
        "funding_source_token" : "",
        "refunds_destination" : "",
        "always_fund" : true
      },
      "program_funding_source" : {
        "enabled" : false,
        "funding_source_token" : "",
        "refunds_destination" : ""
      }
    },
    "digital_wallet_tokenization" : {
      "provisioning_controls" : {
        "manual_entry" : {
          "enabled" : false,
          "address_verification" : {
            "validate" : true
          }
        },
        "wallet_provider_card_on_file" : {
          "enabled" : false,
          "address_verification" : {
            "validate" : true
          }
        },
        "in_app_provisioning" : {
          "enabled" : false,
          "address_verification" : {
            "validate" : true
          }
        }
      }
    },
    "fulfillment" : {
      "payment_instrument" : "VIRTUAL_PAN",
      "package_id" : "0",
      "all_zero_card_security_code" : false,
      "bin_prefix" : "111111",
      "bulk_ship" : false,
      "pan_length" : "16",
      "fulfillment_provider" : "PERFECTPLASTIC",
      "allow_card_creation" : true,
      "uppercase_name_lines" : true,
      "enable_offline_pin" : false
    }
  },
  "created_time" : "2020-09-16T02:00:35Z",
  "last_modified_time" : "2020-09-16T02:00:35Z"
}

2020-09-15 21:00:35 - [TEST_STEP][PASSED] - jsonSlurper = new groovy.json.JsonSlurper(): null

2020-09-15 21:00:35 - [TEST_STEP][PASSED] - jsonResponse = jsonSlurper.parseText(response.getResponseText()): null

2020-09-15 21:00:35 - [TEST_STEP][PASSED] - assert token != null: null

2020-09-15 21:00:35 - [TEST_STEP][PASSED] - println(token): null

2020-09-15 21:00:35 - [TEST_STEP][PASSED] - card_product_token = token: null

2020-09-15 21:00:35 - [TEST_STEP][PASSED] - log.logInfo("-----> card_product_token = " + card_product_token): -----> card_product_token = 665ba205-a1d5-4194-80c6-b05bc005a759

2020-09-15 21:00:35 - [MESSAGE][INFO] - -----> card_product_token = 665ba205-a1d5-4194-80c6-b05bc005a759

2020-09-15 21:00:35 - [TEST_STEP][PASSED] - card_product_token = card_product_token: null

2020-09-15 21:00:35 - [TEST_STEP][PASSED] - log.logInfo("----> GlobalVariable card_product_token = " + card_product_token): ----> GlobalVariable card_product_token = 665ba205-a1d5-4194-80c6-b05bc005a759

2020-09-15 21:00:35 - [MESSAGE][INFO] - ----> GlobalVariable card_product_token = 665ba205-a1d5-4194-80c6-b05bc005a759

2020-09-15 21:00:35 - [TEST_STEP][PASSED] - assert response.getStatusCode() == 201: null

2020-09-15 21:00:35 - [MESSAGE][PASSED] - Verify response successfully

2020-09-15 21:00:35 - [MESSAGE][PASSED] - Send request and verify the response successfully

2020-09-15 21:00:35 - [MESSAGE][INFO] - -----> card_product_token = 665ba205-a1d5-4194-80c6-b05bc005a759

2020-09-15 21:00:35 - [MESSAGE][INFO] - ----> GlobalVariable card_product_token = 665ba205-a1d5-4194-80c6-b05bc005a759

2020-09-15 21:00:35 - [MESSAGE][PASSED] - detailed_Onboarding.detailed_onboarding.createCardProduct is PASSED

2020-09-15 21:00:35 - [TEST_STEP][PASSED] - funding_source_token = detailed_Onboarding.detailed_onboarding.createCardFundingSource(program_name): detailed_Onboarding.detailed_onboarding.createCardFundingSource is PASSED

2020-09-15 21:00:35 - [MESSAGE][INFO] - HAR: /Users/csmall/mq-chase/Reports/20200915_210024/Detailed Test Suite/Detailed_Onboarding_With_Transactions/20200915_210024/requests/main/8.har

2020-09-15 21:00:35 - [TEST_CASE][PASSED] - Start Test Case : Verification: Verification accomplished successfully

2020-09-15 21:00:36 - [TEST_STEP][PASSED] - log = new com.kms.katalon.core.logging.KeywordLogger(): null

2020-09-15 21:00:36 - [TEST_STEP][PASSED] - request = getInstance().getCurrentRequest(): null

2020-09-15 21:00:36 - [TEST_STEP][PASSED] - println(restUrl.toString()): null

2020-09-15 21:00:36 - [TEST_STEP][PASSED] - println(httpBody.toString()): null

2020-09-15 21:00:36 - [TEST_STEP][PASSED] - log.logInfo("-------> Request Url= " + restUrl.toString()): -------> Request Url= https://sandbox-api.marqeta.com/v3/fundingsources/program

2020-09-15 21:00:36 - [MESSAGE][INFO] - -------> Request Url= https://sandbox-api.marqeta.com/v3/fundingsources/program

2020-09-15 21:00:36 - [TEST_STEP][PASSED] - log.logInfo("-------> Request Body= " + httpBody.toString()): -------> Request Body= {
  "name": "Program Funding"
}

2020-09-15 21:00:36 - [MESSAGE][INFO] - -------> Request Body= {
  "name": "Program Funding"
}

2020-09-15 21:00:36 - [TEST_STEP][PASSED] - response = getInstance().getCurrentResponse(): null

2020-09-15 21:00:36 - [TEST_STEP][PASSED] - println(responseBodyContent.toString()): null

2020-09-15 21:00:36 - [TEST_STEP][PASSED] - log.logInfo("-------> Response Body= " + responseBodyContent.toString()): -------> Response Body= {
  "name" : "Program Funding",
  "active" : true,
  "token" : "d38e2072-8fb2-40c2-a365-b8b957d60690",
  "created_time" : "2020-09-16T02:00:35Z",
  "last_modified_time" : "2020-09-16T02:00:35Z",
  "account" : "12.003.001.000000"
}

2020-09-15 21:00:36 - [MESSAGE][INFO] - -------> Response Body= {
  "name" : "Program Funding",
  "active" : true,
  "token" : "d38e2072-8fb2-40c2-a365-b8b957d60690",
  "created_time" : "2020-09-16T02:00:35Z",
  "last_modified_time" : "2020-09-16T02:00:35Z",
  "account" : "12.003.001.000000"
}

2020-09-15 21:00:36 - [TEST_STEP][PASSED] - jsonSlurper = new groovy.json.JsonSlurper(): null

2020-09-15 21:00:36 - [TEST_STEP][PASSED] - jsonResponse = jsonSlurper.parseText(response.getResponseText()): null

2020-09-15 21:00:36 - [TEST_STEP][PASSED] - assert token != null: null

2020-09-15 21:00:36 - [TEST_STEP][PASSED] - println(token): null

2020-09-15 21:00:36 - [TEST_STEP][PASSED] - funding_token = token: null

2020-09-15 21:00:36 - [TEST_STEP][PASSED] - log.logInfo("-----> funding_token = " + funding_token): -----> funding_token = d38e2072-8fb2-40c2-a365-b8b957d60690

2020-09-15 21:00:36 - [MESSAGE][INFO] - -----> funding_token = d38e2072-8fb2-40c2-a365-b8b957d60690

2020-09-15 21:00:36 - [TEST_STEP][PASSED] - funding_token = funding_token: null

2020-09-15 21:00:36 - [TEST_STEP][PASSED] - log.logInfo("----> GlobalVariable funding_token = " + funding_token): ----> GlobalVariable funding_token = d38e2072-8fb2-40c2-a365-b8b957d60690

2020-09-15 21:00:36 - [MESSAGE][INFO] - ----> GlobalVariable funding_token = d38e2072-8fb2-40c2-a365-b8b957d60690

2020-09-15 21:00:36 - [TEST_STEP][PASSED] - assert response.getStatusCode() == 201: null

2020-09-15 21:00:36 - [MESSAGE][PASSED] - Verify response successfully

2020-09-15 21:00:36 - [MESSAGE][PASSED] - Send request and verify the response successfully

2020-09-15 21:00:36 - [MESSAGE][INFO] - -----> funding_source_token = d38e2072-8fb2-40c2-a365-b8b957d60690

2020-09-15 21:00:36 - [MESSAGE][INFO] - ----> GlobalVariable funding_source_token = d38e2072-8fb2-40c2-a365-b8b957d60690

2020-09-15 21:00:36 - [MESSAGE][PASSED] - detailed_Onboarding.detailed_onboarding.createCardFundingSource is PASSED

2020-09-15 21:00:36 - [TEST_STEP][PASSED] - user_token = detailed_Onboarding.detailed_onboarding.createDetailedUser(user_first_name, user_middle_name, user_last_name, active, user_password, phone, gender, user_email, ssn_expiration_date, user_id_type, user_address1, city, user_state, country, birth_date, corporate_card_holder, user_ssn, id_card_number, id_card_expiration_date, nationality, company, uses_parent_account, user_postal_code): detailed_Onboarding.detailed_onboarding.createDetailedUser is PASSED

2020-09-15 21:00:36 - [MESSAGE][INFO] - HAR: /Users/csmall/mq-chase/Reports/20200915_210024/Detailed Test Suite/Detailed_Onboarding_With_Transactions/20200915_210024/requests/main/9.har

2020-09-15 21:00:36 - [TEST_CASE][PASSED] - Start Test Case : Verification: Verification accomplished successfully

2020-09-15 21:00:36 - [TEST_STEP][PASSED] - log = new com.kms.katalon.core.logging.KeywordLogger(): null

2020-09-15 21:00:36 - [TEST_STEP][PASSED] - request = getInstance().getCurrentRequest(): null

2020-09-15 21:00:36 - [TEST_STEP][PASSED] - println(restUrl.toString()): null

2020-09-15 21:00:36 - [TEST_STEP][PASSED] - println(httpBody.toString()): null

2020-09-15 21:00:36 - [TEST_STEP][PASSED] - log.logInfo("-------> Request Url= " + restUrl.toString()): -------> Request Url= https://sandbox-api.marqeta.com/v3/users

2020-09-15 21:00:36 - [MESSAGE][INFO] - -------> Request Url= https://sandbox-api.marqeta.com/v3/users

2020-09-15 21:00:36 - [TEST_STEP][PASSED] - log.logInfo("-------> Request Body= " + httpBody.toString()): -------> Request Body= {
    "first_name": "Chaseuser",
    "last_name": "Smalluser",
    "active": true
}

2020-09-15 21:00:36 - [MESSAGE][INFO] - -------> Request Body= {
    "first_name": "Chaseuser",
    "last_name": "Smalluser",
    "active": true
}

2020-09-15 21:00:36 - [TEST_STEP][PASSED] - response = getInstance().getCurrentResponse(): null

2020-09-15 21:00:36 - [TEST_STEP][PASSED] - println(responseBodyContent.toString()): null

2020-09-15 21:00:36 - [TEST_STEP][PASSED] - log.logInfo("-------> Response Body= " + responseBodyContent.toString()): -------> Response Body= {
  "token" : "6a7cfbf3-35ae-403e-becf-2d4d68662267",
  "active" : true,
  "first_name" : "Chaseuser",
  "last_name" : "Smalluser",
  "uses_parent_account" : false,
  "corporate_card_holder" : false,
  "created_time" : "2020-09-16T02:00:36Z",
  "last_modified_time" : "2020-09-16T02:00:36Z",
  "metadata" : { },
  "account_holder_group_token" : "DEFAULT_AHG",
  "status" : "ACTIVE",
  "deposit_account" : {
    "token" : "f56323f9-1e6d-488d-973b-6f96e1074702",
    "account_number" : "40013372147763365",
    "routing_number" : "293748000",
    "allow_immediate_credit" : false
  }
}

2020-09-15 21:00:36 - [MESSAGE][INFO] - -------> Response Body= {
  "token" : "6a7cfbf3-35ae-403e-becf-2d4d68662267",
  "active" : true,
  "first_name" : "Chaseuser",
  "last_name" : "Smalluser",
  "uses_parent_account" : false,
  "corporate_card_holder" : false,
  "created_time" : "2020-09-16T02:00:36Z",
  "last_modified_time" : "2020-09-16T02:00:36Z",
  "metadata" : { },
  "account_holder_group_token" : "DEFAULT_AHG",
  "status" : "ACTIVE",
  "deposit_account" : {
    "token" : "f56323f9-1e6d-488d-973b-6f96e1074702",
    "account_number" : "40013372147763365",
    "routing_number" : "293748000",
    "allow_immediate_credit" : false
  }
}

2020-09-15 21:00:36 - [TEST_STEP][PASSED] - jsonSlurper = new groovy.json.JsonSlurper(): null

2020-09-15 21:00:36 - [TEST_STEP][PASSED] - jsonResponse = jsonSlurper.parseText(response.getResponseText()): null

2020-09-15 21:00:36 - [TEST_STEP][PASSED] - assert token != null: null

2020-09-15 21:00:36 - [TEST_STEP][PASSED] - println(token): null

2020-09-15 21:00:36 - [TEST_STEP][PASSED] - user_token = token: null

2020-09-15 21:00:36 - [TEST_STEP][PASSED] - log.logInfo("-----> user_token = " + user_token): -----> user_token = 6a7cfbf3-35ae-403e-becf-2d4d68662267

2020-09-15 21:00:36 - [MESSAGE][INFO] - -----> user_token = 6a7cfbf3-35ae-403e-becf-2d4d68662267

2020-09-15 21:00:36 - [TEST_STEP][PASSED] - user_token = user_token: null

2020-09-15 21:00:36 - [TEST_STEP][PASSED] - log.logInfo("----> GlobalVariable user_token = " + user_token): ----> GlobalVariable user_token = 6a7cfbf3-35ae-403e-becf-2d4d68662267

2020-09-15 21:00:36 - [MESSAGE][INFO] - ----> GlobalVariable user_token = 6a7cfbf3-35ae-403e-becf-2d4d68662267

2020-09-15 21:00:36 - [TEST_STEP][PASSED] - assert response.getStatusCode() == 201: null

2020-09-15 21:00:36 - [MESSAGE][PASSED] - Verify response successfully

2020-09-15 21:00:36 - [MESSAGE][PASSED] - Send request and verify the response successfully

2020-09-15 21:00:36 - [MESSAGE][INFO] - -----> user_token = 6a7cfbf3-35ae-403e-becf-2d4d68662267

2020-09-15 21:00:36 - [MESSAGE][INFO] - ----> GlobalVariable user_token = 6a7cfbf3-35ae-403e-becf-2d4d68662267

2020-09-15 21:00:36 - [MESSAGE][PASSED] - detailed_Onboarding.detailed_onboarding.createDetailedUser is PASSED

2020-09-15 21:00:36 - [TEST_STEP][PASSED] - card_token = detailed_Onboarding.detailed_onboarding.createCard(user_token, card_product_token): detailed_Onboarding.detailed_onboarding.createCard is PASSED

2020-09-15 21:00:37 - [MESSAGE][INFO] - HAR: /Users/csmall/mq-chase/Reports/20200915_210024/Detailed Test Suite/Detailed_Onboarding_With_Transactions/20200915_210024/requests/main/10.har

2020-09-15 21:00:37 - [TEST_CASE][PASSED] - Start Test Case : Verification: Verification accomplished successfully

2020-09-15 21:00:37 - [TEST_STEP][PASSED] - log = new com.kms.katalon.core.logging.KeywordLogger(): null

2020-09-15 21:00:37 - [TEST_STEP][PASSED] - request = getInstance().getCurrentRequest(): null

2020-09-15 21:00:37 - [TEST_STEP][PASSED] - println(restUrl.toString()): null

2020-09-15 21:00:37 - [TEST_STEP][PASSED] - println(httpBody.toString()): null

2020-09-15 21:00:37 - [TEST_STEP][PASSED] - log.logInfo("-------> Request Url= " + restUrl.toString()): -------> Request Url= https://sandbox-api.marqeta.com/v3/cards

2020-09-15 21:00:37 - [MESSAGE][INFO] - -------> Request Url= https://sandbox-api.marqeta.com/v3/cards

2020-09-15 21:00:37 - [TEST_STEP][PASSED] - log.logInfo("-------> Request Body= " + httpBody.toString()): -------> Request Body= {
  "user_token": "6a7cfbf3-35ae-403e-becf-2d4d68662267",
  "card_product_token": "665ba205-a1d5-4194-80c6-b05bc005a759"
}

2020-09-15 21:00:37 - [MESSAGE][INFO] - -------> Request Body= {
  "user_token": "6a7cfbf3-35ae-403e-becf-2d4d68662267",
  "card_product_token": "665ba205-a1d5-4194-80c6-b05bc005a759"
}

2020-09-15 21:00:37 - [TEST_STEP][PASSED] - response = getInstance().getCurrentResponse(): null

2020-09-15 21:00:37 - [TEST_STEP][PASSED] - println(responseBodyContent.toString()): null

2020-09-15 21:00:37 - [TEST_STEP][PASSED] - log.logInfo("-------> Response Body= " + responseBodyContent.toString()): -------> Response Body= {
  "created_time" : "2020-09-16T02:00:37Z",
  "last_modified_time" : "2020-09-16T02:00:37Z",
  "token" : "d6662607-f162-4218-97cf-a4222b4c2e85",
  "user_token" : "6a7cfbf3-35ae-403e-becf-2d4d68662267",
  "card_product_token" : "665ba205-a1d5-4194-80c6-b05bc005a759",
  "last_four" : "4031",
  "pan" : "111111______4031",
  "expiration" : "0924",
  "expiration_time" : "2024-09-30T23:59:59Z",
  "barcode" : "45013748189036920647",
  "pin_is_set" : false,
  "state" : "ACTIVE",
  "state_reason" : "New card activated",
  "fulfillment_status" : "ISSUED",
  "instrument_type" : "VIRTUAL_PAN",
  "expedite" : false,
  "metadata" : { }
}

2020-09-15 21:00:37 - [MESSAGE][INFO] - -------> Response Body= {
  "created_time" : "2020-09-16T02:00:37Z",
  "last_modified_time" : "2020-09-16T02:00:37Z",
  "token" : "d6662607-f162-4218-97cf-a4222b4c2e85",
  "user_token" : "6a7cfbf3-35ae-403e-becf-2d4d68662267",
  "card_product_token" : "665ba205-a1d5-4194-80c6-b05bc005a759",
  "last_four" : "4031",
  "pan" : "111111______4031",
  "expiration" : "0924",
  "expiration_time" : "2024-09-30T23:59:59Z",
  "barcode" : "45013748189036920647",
  "pin_is_set" : false,
  "state" : "ACTIVE",
  "state_reason" : "New card activated",
  "fulfillment_status" : "ISSUED",
  "instrument_type" : "VIRTUAL_PAN",
  "expedite" : false,
  "metadata" : { }
}

2020-09-15 21:00:37 - [TEST_STEP][PASSED] - jsonSlurper = new groovy.json.JsonSlurper(): null

2020-09-15 21:00:37 - [TEST_STEP][PASSED] - jsonResponse = jsonSlurper.parseText(response.getResponseText()): null

2020-09-15 21:00:37 - [TEST_STEP][PASSED] - assert token != null: null

2020-09-15 21:00:37 - [TEST_STEP][PASSED] - println(token): null

2020-09-15 21:00:37 - [TEST_STEP][PASSED] - card_token = token: null

2020-09-15 21:00:37 - [TEST_STEP][PASSED] - log.logInfo("-----> card_token = " + card_token): -----> card_token = d6662607-f162-4218-97cf-a4222b4c2e85

2020-09-15 21:00:37 - [MESSAGE][INFO] - -----> card_token = d6662607-f162-4218-97cf-a4222b4c2e85

2020-09-15 21:00:37 - [TEST_STEP][PASSED] - card_token = card_token: null

2020-09-15 21:00:37 - [TEST_STEP][PASSED] - log.logInfo("----> GlobalVariable card_token = " + card_token): ----> GlobalVariable card_token = d6662607-f162-4218-97cf-a4222b4c2e85

2020-09-15 21:00:37 - [MESSAGE][INFO] - ----> GlobalVariable card_token = d6662607-f162-4218-97cf-a4222b4c2e85

2020-09-15 21:00:37 - [TEST_STEP][PASSED] - assert response.getStatusCode() == 201: null

2020-09-15 21:00:37 - [MESSAGE][PASSED] - Verify response successfully

2020-09-15 21:00:37 - [MESSAGE][PASSED] - Send request and verify the response successfully

2020-09-15 21:00:37 - [MESSAGE][INFO] - -----> card_token = d6662607-f162-4218-97cf-a4222b4c2e85

2020-09-15 21:00:37 - [MESSAGE][INFO] - ----> GlobalVariable card_token = d6662607-f162-4218-97cf-a4222b4c2e85

2020-09-15 21:00:37 - [MESSAGE][PASSED] - detailed_Onboarding.detailed_onboarding.createCard is PASSED

2020-09-15 21:00:37 - [TEST_STEP][PASSED] - gpa_token = detailed_Onboarding.detailed_onboarding.createGpaOrder(user_token, gpaamount, currency_code, funding_source_token): detailed_Onboarding.detailed_onboarding.createGpaOrder is PASSED

2020-09-15 21:00:38 - [MESSAGE][INFO] - HAR: /Users/csmall/mq-chase/Reports/20200915_210024/Detailed Test Suite/Detailed_Onboarding_With_Transactions/20200915_210024/requests/main/11.har

2020-09-15 21:00:38 - [TEST_CASE][PASSED] - Start Test Case : Verification: Verification accomplished successfully

2020-09-15 21:00:38 - [TEST_STEP][PASSED] - log = new com.kms.katalon.core.logging.KeywordLogger(): null

2020-09-15 21:00:38 - [TEST_STEP][PASSED] - request = getInstance().getCurrentRequest(): null

2020-09-15 21:00:38 - [TEST_STEP][PASSED] - println(restUrl.toString()): null

2020-09-15 21:00:38 - [TEST_STEP][PASSED] - println(httpBody.toString()): null

2020-09-15 21:00:38 - [TEST_STEP][PASSED] - log.logInfo("-------> Request Url= " + restUrl.toString()): -------> Request Url= https://sandbox-api.marqeta.com/v3/gpaorders

2020-09-15 21:00:38 - [MESSAGE][INFO] - -------> Request Url= https://sandbox-api.marqeta.com/v3/gpaorders

2020-09-15 21:00:38 - [TEST_STEP][PASSED] - log.logInfo("-------> Request Body= " + httpBody.toString()): -------> Request Body= {
  "user_token": "6a7cfbf3-35ae-403e-becf-2d4d68662267",
  "amount": "10000",
  "currency_code": "USD",
  "funding_source_token": "d38e2072-8fb2-40c2-a365-b8b957d60690"
}

2020-09-15 21:00:38 - [MESSAGE][INFO] - -------> Request Body= {
  "user_token": "6a7cfbf3-35ae-403e-becf-2d4d68662267",
  "amount": "10000",
  "currency_code": "USD",
  "funding_source_token": "d38e2072-8fb2-40c2-a365-b8b957d60690"
}

2020-09-15 21:00:38 - [TEST_STEP][PASSED] - response = getInstance().getCurrentResponse(): null

2020-09-15 21:00:38 - [TEST_STEP][PASSED] - println(responseBodyContent.toString()): null

2020-09-15 21:00:38 - [TEST_STEP][PASSED] - log.logInfo("-------> Response Body= " + responseBodyContent.toString()): -------> Response Body= {
  "token" : "ba63521c-ef54-4268-a3ce-4d1c34032941",
  "amount" : 10000,
  "created_time" : "2020-09-16T02:00:38Z",
  "last_modified_time" : "2020-09-16T02:00:38Z",
  "transaction_token" : "cc1ea967-4b57-48a0-abbc-68088591a124",
  "state" : "COMPLETION",
  "response" : {
    "code" : "0000",
    "memo" : "Approved or completed successfully"
  },
  "funding" : {
    "amount" : 10000,
    "source" : {
      "type" : "program",
      "token" : "**********0690",
      "active" : true,
      "name" : "Program Funding",
      "is_default_account" : false,
      "created_time" : "2020-09-16T02:00:35Z",
      "last_modified_time" : "2020-09-16T02:00:35Z"
    }
  },
  "funding_source_token" : "**********0690",
  "user_token" : "6a7cfbf3-35ae-403e-becf-2d4d68662267",
  "currency_code" : "USD"
}

2020-09-15 21:00:38 - [MESSAGE][INFO] - -------> Response Body= {
  "token" : "ba63521c-ef54-4268-a3ce-4d1c34032941",
  "amount" : 10000,
  "created_time" : "2020-09-16T02:00:38Z",
  "last_modified_time" : "2020-09-16T02:00:38Z",
  "transaction_token" : "cc1ea967-4b57-48a0-abbc-68088591a124",
  "state" : "COMPLETION",
  "response" : {
    "code" : "0000",
    "memo" : "Approved or completed successfully"
  },
  "funding" : {
    "amount" : 10000,
    "source" : {
      "type" : "program",
      "token" : "**********0690",
      "active" : true,
      "name" : "Program Funding",
      "is_default_account" : false,
      "created_time" : "2020-09-16T02:00:35Z",
      "last_modified_time" : "2020-09-16T02:00:35Z"
    }
  },
  "funding_source_token" : "**********0690",
  "user_token" : "6a7cfbf3-35ae-403e-becf-2d4d68662267",
  "currency_code" : "USD"
}

2020-09-15 21:00:38 - [TEST_STEP][PASSED] - jsonSlurper = new groovy.json.JsonSlurper(): null

2020-09-15 21:00:38 - [TEST_STEP][PASSED] - jsonResponse = jsonSlurper.parseText(response.getResponseText()): null

2020-09-15 21:00:38 - [TEST_STEP][PASSED] - assert token != null: null

2020-09-15 21:00:38 - [TEST_STEP][PASSED] - println(token): null

2020-09-15 21:00:38 - [TEST_STEP][PASSED] - gpa_token = token: null

2020-09-15 21:00:38 - [TEST_STEP][PASSED] - log.logInfo("-----> gpa_token = " + gpa_token): -----> gpa_token = ba63521c-ef54-4268-a3ce-4d1c34032941

2020-09-15 21:00:38 - [MESSAGE][INFO] - -----> gpa_token = ba63521c-ef54-4268-a3ce-4d1c34032941

2020-09-15 21:00:38 - [TEST_STEP][PASSED] - user_token = gpa_token: null

2020-09-15 21:00:38 - [TEST_STEP][PASSED] - log.logInfo("----> GlobalVariable gpa_token = " + gpa_token): ----> GlobalVariable gpa_token = 6f5152cb-2eff-42da-83e6-f1e34aac5f76

2020-09-15 21:00:38 - [MESSAGE][INFO] - ----> GlobalVariable gpa_token = 6f5152cb-2eff-42da-83e6-f1e34aac5f76

2020-09-15 21:00:38 - [TEST_STEP][PASSED] - assert response.getStatusCode() == 201: null

2020-09-15 21:00:38 - [MESSAGE][PASSED] - Verify response successfully

2020-09-15 21:00:38 - [MESSAGE][PASSED] - Send request and verify the response successfully

2020-09-15 21:00:38 - [MESSAGE][INFO] - -----> gpa_token = ba63521c-ef54-4268-a3ce-4d1c34032941

2020-09-15 21:00:38 - [MESSAGE][INFO] - ----> GlobalVariable gpa_token = ba63521c-ef54-4268-a3ce-4d1c34032941

2020-09-15 21:00:38 - [MESSAGE][PASSED] - detailed_Onboarding.detailed_onboarding.createGpaOrder is PASSED

2020-09-15 21:00:38 - [TEST_STEP][PASSED] - original_transaction_token = detailed_Onboarding.detailed_onboarding.createTransAuth(card_token, trans_amount1, mid, beeceptor_create_transaction, beeceptor_username, beeceptor_password): detailed_Onboarding.detailed_onboarding.createTransAuth is PASSED

2020-09-15 21:00:38 - [MESSAGE][INFO] - HAR: /Users/csmall/mq-chase/Reports/20200915_210024/Detailed Test Suite/Detailed_Onboarding_With_Transactions/20200915_210024/requests/main/12.har

2020-09-15 21:00:38 - [TEST_CASE][PASSED] - Start Test Case : Verification: Verification accomplished successfully

2020-09-15 21:00:39 - [TEST_STEP][PASSED] - log = new com.kms.katalon.core.logging.KeywordLogger(): null

2020-09-15 21:00:39 - [TEST_STEP][PASSED] - request = getInstance().getCurrentRequest(): null

2020-09-15 21:00:39 - [TEST_STEP][PASSED] - println(restUrl.toString()): null

2020-09-15 21:00:39 - [TEST_STEP][PASSED] - println(httpBody.toString()): null

2020-09-15 21:00:39 - [TEST_STEP][PASSED] - log.logInfo("-------> Request Url= " + restUrl.toString()): -------> Request Url= https://sandbox-api.marqeta.com/v3/simulate/authorization

2020-09-15 21:00:39 - [MESSAGE][INFO] - -------> Request Url= https://sandbox-api.marqeta.com/v3/simulate/authorization

2020-09-15 21:00:39 - [TEST_STEP][PASSED] - log.logInfo("-------> Request Body= " + httpBody.toString()): -------> Request Body= {
  "card_token": "d6662607-f162-4218-97cf-a4222b4c2e85",
  "amount": "10",
  "mid": "USD",
  "webhook": {
    "endpoint": "https://create-transaction.free.beeceptor.com/create-transaction",
    "username": "chase.small@outlook.com",
    "password": "Shredder1991!"
  }
}

2020-09-15 21:00:39 - [MESSAGE][INFO] - -------> Request Body= {
  "card_token": "d6662607-f162-4218-97cf-a4222b4c2e85",
  "amount": "10",
[...]
  "webhook": {
    "endpoint": "${beeceptor_settle_transaction}",
    "username": "chase.small@outlook.com",
    "password": "Shredder1991!"
  }
}

2020-09-15 21:00:52 - [MESSAGE][INFO] - -------> Request Body= {
  "original_transaction_token": "fc06f482-8ecd-4220-99ab-498661a1970a",
  "amount": "10",
  "mid": "USD",
  "force_post": "true",
  "webhook": {
    "endpoint": "${beeceptor_settle_transaction}",
    "username": "chase.small@outlook.com",
    "password": "Shredder1991!"
  }
}

2020-09-15 21:00:52 - [TEST_STEP][PASSED] - response = getInstance().getCurrentResponse(): null

2020-09-15 21:00:52 - [TEST_STEP][PASSED] - println(responseBodyContent.toString()): null

2020-09-15 21:00:52 - [TEST_STEP][PASSED] - log.logInfo("-------> Response Body= " + responseBodyContent.toString()): -------> Response Body= {
  "transaction" : {
    "type" : "pindebit.authorization.clearing",
    "state" : "COMPLETION",
    "identifier" : "137",
    "token" : "919db19a-24ba-4d80-aa1f-0b27634871d7",
    "user_token" : "c41d56da-1caa-4c54-932d-3c1c4cfc7ceb",
    "acting_user_token" : "c41d56da-1caa-4c54-932d-3c1c4cfc7ceb",
    "card_token" : "6234fe21-bdae-4d0a-8209-108d6e44bf9f",
    "preceding_related_transaction_token" : "fc06f482-8ecd-4220-99ab-498661a1970a",
    "gpa" : {
      "currency_code" : "USD",
      "ledger_balance" : 9970.00,
      "available_balance" : 9970.00,
      "credit_balance" : 0.00,
      "pending_credits" : 0.00,
      "impacted_amount" : -10.00,
      "balances" : {
        "USD" : {
          "currency_code" : "USD",
          "ledger_balance" : 9970.00,
          "available_balance" : 9970.00,
          "credit_balance" : 0.00,
          "pending_credits" : 0.00,
          "impacted_amount" : -10.00
        }
      }
    },
    "duration" : 66,
    "created_time" : "2020-09-16T02:00:52Z",
    "user_transaction_time" : "2020-09-16T02:00:52Z",
    "settlement_date" : "2020-09-16T00:00:00Z",
    "request_amount" : 10.00,
    "amount" : 10.00,
    "issuer_interchange_amount" : 0,
    "currency_code" : "USD",
    "approval_code" : "892449",
    "response" : {
      "code" : "0000",
      "memo" : "Approved or completed successfully"
    },
    "network" : "DISCOVER",
    "acquirer_fee_amount" : 0,
    "acquirer" : {
      "institution_id_code" : "000000",
      "system_trace_audit_number" : "000057"
    },
    "user" : {
      "metadata" : { }
    },
    "card" : {
      "last_four" : "5759",
      "metadata" : { }
    },
    "issuer_received_time" : "2020-09-16T02:00:52.300Z",
    "issuer_payment_node" : "00b8d031e0a4759766b5b5266f5229d8",
    "card_acceptor" : {
      "mid" : "USD",
      "mcc" : "6411",
      "network_mid" : "USD",
      "mcc_groups" : [ "NONE" ],
      "name" : "Marqeta Storefront",
      "address" : "330 Central Ave. St.",
      "city" : "St. Petersburg",
      "state" : "CA",
      "zip" : "33705",
      "country" : "USA",
      "poi" : {
        "partial_approval_capable" : "0"
      }
    },
    "is_recurring" : false
  },
  "raw_iso8583" : {
    "0" : "2210",
    "2" : "1111117679575759",
    "3" : "900000",
    "4" : 10.00,
    "7" : "0916020052",
    "11" : "000000000057",
    "12" : "20200916020052",
    "13" : "200916",
    "14" : "2409",
    "15" : "20200916",
    "17" : "0916",
    "25" : "9000",
    "26" : "6411",
    "32" : "000000",
    "37" : "1884",
    "38" : "892449",
    "39" : "0000",
    "42" : "USD",
    "43" : {
      "2" : "Marqeta Storefront",
      "3" : "330 Central Ave. St.",
      "4" : "St. Petersburg",
      "5" : "CA",
      "6" : "33705",
      "7" : "840"
    },
    "44" : {
      "1" : "Approved or completed successfully",
      "3" : "00",
      "4" : "Approved or completed successfully"
    },
    "56" : {
      "7" : "fc06f482-8ecd-4220-99ab-498661a1970a"
    },
    "63" : "DISCOVER",
    "112" : {
      "103" : "840"
    },
    "113" : {
      "2" : "106",
      "29" : "Y",
      "35" : "API"
    },
    "180" : "evbvhpcf"
  }
}

2020-09-15 21:00:52 - [MESSAGE][INFO] - -------> Response Body= {
  "transaction" : {
    "type" : "pindebit.authorization.clearing",
    "state" : "COMPLETION",
    "identifier" : "137",
    "token" : "919db19a-24ba-4d80-aa1f-0b27634871d7",
    "user_token" : "c41d56da-1caa-4c54-932d-3c1c4cfc7ceb",
    "acting_user_token" : "c41d56da-1caa-4c54-932d-3c1c4cfc7ceb",
    "card_token" : "6234fe21-bdae-4d0a-8209-108d6e44bf9f",
    "preceding_related_transaction_token" : "fc06f482-8ecd-4220-99ab-498661a1970a",
    "gpa" : {
      "currency_code" : "USD",
      "ledger_balance" : 9970.00,
      "available_balance" : 9970.00,
      "credit_balance" : 0.00,
      "pending_credits" : 0.00,
      "impacted_amount" : -10.00,
      "balances" : {
        "USD" : {
          "currency_code" : "USD",
          "ledger_balance" : 9970.00,
          "available_balance" : 9970.00,
          "credit_balance" : 0.00,
          "pending_credits" : 0.00,
          "impacted_amount" : -10.00
        }
      }
    },
    "duration" : 66,
    "created_time" : "2020-09-16T02:00:52Z",
    "user_transaction_time" : "2020-09-16T02:00:52Z",
    "settlement_date" : "2020-09-16T00:00:00Z",
    "request_amount" : 10.00,
    "amount" : 10.00,
    "issuer_interchange_amount" : 0,
    "currency_code" : "USD",
    "approval_code" : "892449",
    "response" : {
      "code" : "0000",
      "memo" : "Approved or completed successfully"
    },
    "network" : "DISCOVER",
    "acquirer_fee_amount" : 0,
    "acquirer" : {
      "institution_id_code" : "000000",
      "system_trace_audit_number" : "000057"
    },
    "user" : {
      "metadata" : { }
    },
    "card" : {
      "last_four" : "5759",
      "metadata" : { }
    },
    "issuer_received_time" : "2020-09-16T02:00:52.300Z",
    "issuer_payment_node" : "00b8d031e0a4759766b5b5266f5229d8",
    "card_acceptor" : {
      "mid" : "USD",
      "mcc" : "6411",
      "network_mid" : "USD",
      "mcc_groups" : [ "NONE" ],
      "name" : "Marqeta Storefront",
      "address" : "330 Central Ave. St.",
      "city" : "St. Petersburg",
      "state" : "CA",
      "zip" : "33705",
      "country" : "USA",
      "poi" : {
        "partial_approval_capable" : "0"
      }
    },
    "is_recurring" : false
  },
  "raw_iso8583" : {
    "0" : "2210",
    "2" : "1111117679575759",
    "3" : "900000",
    "4" : 10.00,
    "7" : "0916020052",
    "11" : "000000000057",
    "12" : "20200916020052",
    "13" : "200916",
    "14" : "2409",
    "15" : "20200916",
    "17" : "0916",
    "25" : "9000",
    "26" : "6411",
    "32" : "000000",
    "37" : "1884",
    "38" : "892449",
    "39" : "0000",
    "42" : "USD",
    "43" : {
      "2" : "Marqeta Storefront",
      "3" : "330 Central Ave. St.",
      "4" : "St. Petersburg",
      "5" : "CA",
      "6" : "33705",
      "7" : "840"
    },
    "44" : {
      "1" : "Approved or completed successfully",
      "3" : "00",
      "4" : "Approved or completed successfully"
    },
    "56" : {
      "7" : "fc06f482-8ecd-4220-99ab-498661a1970a"
    },
    "63" : "DISCOVER",
    "112" : {
      "103" : "840"
    },
    "113" : {
      "2" : "106",
      "29" : "Y",
      "35" : "API"
    },
    "180" : "evbvhpcf"
  }
}

2020-09-15 21:00:52 - [TEST_STEP][PASSED] - jsonSlurper = new groovy.json.JsonSlurper(): null

2020-09-15 21:00:52 - [TEST_STEP][PASSED] - jsonResponse = jsonSlurper.parseText(response.getResponseText()): null

2020-09-15 21:00:52 - [TEST_STEP][PASSED] - assert token != null: null

2020-09-15 21:00:52 - [TEST_STEP][PASSED] - println(token): null

2020-09-15 21:00:52 - [TEST_STEP][PASSED] - cleared_transaction_token = token: null

2020-09-15 21:00:52 - [TEST_STEP][PASSED] - log.logInfo("-----> cleared_transaction_token = " + cleared_transaction_token): -----> cleared_transaction_token = 919db19a-24ba-4d80-aa1f-0b27634871d7

2020-09-15 21:00:52 - [MESSAGE][INFO] - -----> cleared_transaction_token = 919db19a-24ba-4d80-aa1f-0b27634871d7

2020-09-15 21:00:52 - [TEST_STEP][PASSED] - cleared_transaction_token = cleared_transaction_token: null

2020-09-15 21:00:52 - [TEST_STEP][PASSED] - log.logInfo("----> GlobalVariable cleared_transaction_token = " + cleared_transaction_token): ----> GlobalVariable cleared_transaction_token = 919db19a-24ba-4d80-aa1f-0b27634871d7

2020-09-15 21:00:52 - [MESSAGE][INFO] - ----> GlobalVariable cleared_transaction_token = 919db19a-24ba-4d80-aa1f-0b27634871d7

2020-09-15 21:00:52 - [TEST_STEP][PASSED] - assert response.getStatusCode() == 201: null

2020-09-15 21:00:52 - [MESSAGE][PASSED] - Verify response successfully

2020-09-15 21:00:52 - [MESSAGE][PASSED] - Send request and verify the response successfully

2020-09-15 21:00:52 - [MESSAGE][INFO] - -----> cleared_transaction_token = 919db19a-24ba-4d80-aa1f-0b27634871d7

2020-09-15 21:00:52 - [MESSAGE][INFO] - ----> GlobalVariable cleared_transaction_token = 919db19a-24ba-4d80-aa1f-0b27634871d7

2020-09-15 21:00:52 - [MESSAGE][PASSED] - detailed_Onboarding.detailed_onboarding.createTransClearing is PASSED

2020-09-15 21:00:52 - [TEST_STEP][PASSED] - detailed_Onboarding.detailed_onboarding.createTransClearingRefund(original_transaction_token, trans_amount1, mid, is_refund, beeceptor_create_refund, beeceptor_username, beeceptor_password): detailed_Onboarding.detailed_onboarding.createTransClearingRefund is PASSED

2020-09-15 21:00:53 - [MESSAGE][INFO] - HAR: /Users/csmall/mq-chase/Reports/20200915_210024/Detailed Test Suite/Detailed_Onboarding_With_Transactions/20200915_210024/requests/main/33.har

2020-09-15 21:00:53 - [TEST_CASE][PASSED] - Start Test Case : Verification: Verification accomplished successfully

2020-09-15 21:00:53 - [TEST_STEP][PASSED] - log = new com.kms.katalon.core.logging.KeywordLogger(): null

2020-09-15 21:00:53 - [TEST_STEP][PASSED] - request = getInstance().getCurrentRequest(): null

2020-09-15 21:00:53 - [TEST_STEP][PASSED] - println(restUrl.toString()): null

2020-09-15 21:00:53 - [TEST_STEP][PASSED] - println(httpBody.toString()): null

2020-09-15 21:00:53 - [TEST_STEP][PASSED] - log.logInfo("-------> Request Url= " + restUrl.toString()): -------> Request Url= https://sandbox-api.marqeta.com/v3/simulate/clearing

2020-09-15 21:00:53 - [MESSAGE][INFO] - -------> Request Url= https://sandbox-api.marqeta.com/v3/simulate/clearing

2020-09-15 21:00:53 - [TEST_STEP][PASSED] - log.logInfo("-------> Request Body= " + httpBody.toString()): -------> Request Body= {
  "original_transaction_token": "fc06f482-8ecd-4220-99ab-498661a1970a",
  "amount": "10",
  "mid": "USD",
  "is_refund": "true",
    "webhook": {
    "endpoint": "https://create-transaction.free.beeceptor.com/create-refund",
    "username": "chase.small@outlook.com",
    "password": "Shredder1991!"
  }
}

2020-09-15 21:00:53 - [MESSAGE][INFO] - -------> Request Body= {
  "original_transaction_token": "fc06f482-8ecd-4220-99ab-498661a1970a",
  "amount": "10",
  "mid": "USD",
  "is_refund": "true",
    "webhook": {
    "endpoint": "https://create-transaction.free.beeceptor.com/create-refund",
    "username": "chase.small@outlook.com",
    "password": "Shredder1991!"
  }
}

2020-09-15 21:00:53 - [TEST_STEP][PASSED] - response = getInstance().getCurrentResponse(): null

2020-09-15 21:00:53 - [TEST_STEP][PASSED] - println(responseBodyContent.toString()): null

2020-09-15 21:00:53 - [TEST_STEP][PASSED] - log.logInfo("-------> Response Body= " + responseBodyContent.toString()): -------> Response Body= {
  "transaction" : {
    "type" : "refund",
    "state" : "COMPLETION",
    "identifier" : "138",
    "token" : "1e53a658-f7c7-4776-8a3b-904ec40f7065",
    "user_token" : "c41d56da-1caa-4c54-932d-3c1c4cfc7ceb",
    "acting_user_token" : "c41d56da-1caa-4c54-932d-3c1c4cfc7ceb",
    "card_token" : "6234fe21-bdae-4d0a-8209-108d6e44bf9f",
    "gpa" : {
      "currency_code" : "USD",
      "ledger_balance" : 9980.00,
      "available_balance" : 9980.00,
      "credit_balance" : 0.00,
      "pending_credits" : 0.00,
      "impacted_amount" : 10.00,
      "balances" : {
        "USD" : {
          "currency_code" : "USD",
          "ledger_balance" : 9980.00,
          "available_balance" : 9980.00,
          "credit_balance" : 0.00,
          "pending_credits" : 0.00,
          "impacted_amount" : 10.00
        }
      }
    },
    "duration" : 74,
    "created_time" : "2020-09-16T02:00:53Z",
    "user_transaction_time" : "2020-09-16T02:00:53Z",
    "settlement_date" : "2020-09-16T00:00:00Z",
    "request_amount" : 10.00,
    "amount" : 10.00,
    "issuer_interchange_amount" : 0,
    "currency_code" : "USD",
    "approval_code" : "661428",
    "response" : {
      "code" : "0000",
      "memo" : "Approved or completed successfully"
    },
    "network" : "DISCOVER",
    "acquirer_fee_amount" : 0,
    "acquirer" : {
      "institution_id_code" : "000000",
      "system_trace_audit_number" : "000058"
    },
    "user" : {
      "metadata" : { }
    },
    "card" : {
      "last_four" : "5759",
      "metadata" : { }
    },
    "issuer_received_time" : "2020-09-16T02:00:53.050Z",
    "issuer_payment_node" : "00b8d031e0a4759766b5b5266f5229d8",
    "card_acceptor" : {
      "mid" : "USD",
      "mcc" : "6411",
      "network_mid" : "USD",
      "mcc_groups" : [ "NONE" ],
      "name" : "Marqeta Storefront",
      "address" : "330 Central Ave. St.",
      "city" : "St. Petersburg",
      "state" : "CA",
      "zip" : "33705",
      "country" : "USA",
      "poi" : {
        "partial_approval_capable" : "0"
      }
    },
    "is_recurring" : false
  },
  "raw_iso8583" : {
    "0" : "2210",
    "2" : "1111117679575759",
    "3" : "900000",
    "4" : 10.00,
    "7" : "0916020053",
    "11" : "000000000058",
    "12" : "20200916020053",
    "13" : "200916",
    "14" : "2409",
    "15" : "20200916",
    "17" : "0916",
    "25" : "9000",
    "26" : "6411",
    "32" : "000000",
    "37" : "1885",
    "38" : "661428",
    "39" : "0000",
    "42" : "USD",
    "43" : {
      "2" : "Marqeta Storefront",
      "3" : "330 Central Ave. St.",
      "4" : "St. Petersburg",
      "5" : "CA",
      "6" : "33705",
      "7" : "840"
    },
    "44" : {
      "1" : "Approved or completed successfully",
      "3" : "00",
      "4" : "Approved or completed successfully"
    },
    "54" : "00028402C00000099800000018402C000000998000",
    "56" : {
      "7" : "fc06f482-8ecd-4220-99ab-498661a1970a"
    },
    "63" : "DISCOVER",
    "112" : {
      "101" : "9980.00",
      "102" : "9980.00",
      "103" : "840"
    },
    "113" : {
      "2" : "106",
      "29" : "Y",
      "35" : "API"
    },
    "180" : "evbvhpcf"
  }
}

2020-09-15 21:00:53 - [MESSAGE][INFO] - -------> Response Body= {
  "transaction" : {
    "type" : "refund",
    "state" : "COMPLETION",
    "identifier" : "138",
    "token" : "1e53a658-f7c7-4776-8a3b-904ec40f7065",
    "user_token" : "c41d56da-1caa-4c54-932d-3c1c4cfc7ceb",
    "acting_user_token" : "c41d56da-1caa-4c54-932d-3c1c4cfc7ceb",
    "card_token" : "6234fe21-bdae-4d0a-8209-108d6e44bf9f",
    "gpa" : {
      "currency_code" : "USD",
      "ledger_balance" : 9980.00,
      "available_balance" : 9980.00,
      "credit_balance" : 0.00,
      "pending_credits" : 0.00,
      "impacted_amount" : 10.00,
      "balances" : {
        "USD" : {
          "currency_code" : "USD",
          "ledger_balance" : 9980.00,
          "available_balance" : 9980.00,
          "credit_balance" : 0.00,
          "pending_credits" : 0.00,
          "impacted_amount" : 10.00
        }
      }
    },
    "duration" : 74,
    "created_time" : "2020-09-16T02:00:53Z",
    "user_transaction_time" : "2020-09-16T02:00:53Z",
    "settlement_date" : "2020-09-16T00:00:00Z",
    "request_amount" : 10.00,
    "amount" : 10.00,
    "issuer_interchange_amount" : 0,
    "currency_code" : "USD",
    "approval_code" : "661428",
    "response" : {
      "code" : "0000",
      "memo" : "Approved or completed successfully"
    },
    "network" : "DISCOVER",
    "acquirer_fee_amount" : 0,
    "acquirer" : {
      "institution_id_code" : "000000",
      "system_trace_audit_number" : "000058"
    },
    "user" : {
      "metadata" : { }
    },
    "card" : {
      "last_four" : "5759",
      "metadata" : { }
    },
    "issuer_received_time" : "2020-09-16T02:00:53.050Z",
    "issuer_payment_node" : "00b8d031e0a4759766b5b5266f5229d8",
    "card_acceptor" : {
      "mid" : "USD",
      "mcc" : "6411",
      "network_mid" : "USD",
      "mcc_groups" : [ "NONE" ],
      "name" : "Marqeta Storefront",
      "address" : "330 Central Ave. St.",
      "city" : "St. Petersburg",
      "state" : "CA",
      "zip" : "33705",
      "country" : "USA",
      "poi" : {
        "partial_approval_capable" : "0"
      }
    },
    "is_recurring" : false
  },
  "raw_iso8583" : {
    "0" : "2210",
    "2" : "1111117679575759",
    "3" : "900000",
    "4" : 10.00,
    "7" : "0916020053",
    "11" : "000000000058",
    "12" : "20200916020053",
    "13" : "200916",
    "14" : "2409",
    "15" : "20200916",
    "17" : "0916",
    "25" : "9000",
    "26" : "6411",
    "32" : "000000",
    "37" : "1885",
    "38" : "661428",
    "39" : "0000",
    "42" : "USD",
    "43" : {
      "2" : "Marqeta Storefront",
      "3" : "330 Central Ave. St.",
      "4" : "St. Petersburg",
      "5" : "CA",
      "6" : "33705",
      "7" : "840"
    },
    "44" : {
      "1" : "Approved or completed successfully",
      "3" : "00",
      "4" : "Approved or completed successfully"
    },
    "54" : "00028402C00000099800000018402C000000998000",
    "56" : {
      "7" : "fc06f482-8ecd-4220-99ab-498661a1970a"
    },
    "63" : "DISCOVER",
    "112" : {
      "101" : "9980.00",
      "102" : "9980.00",
      "103" : "840"
    },
    "113" : {
      "2" : "106",
      "29" : "Y",
      "35" : "API"
    },
    "180" : "evbvhpcf"
  }
}

2020-09-15 21:00:53 - [TEST_STEP][PASSED] - jsonSlurper = new groovy.json.JsonSlurper(): null

2020-09-15 21:00:53 - [TEST_STEP][PASSED] - jsonResponse = jsonSlurper.parseText(response.getResponseText()): null

2020-09-15 21:00:53 - [TEST_STEP][PASSED] - assert token != null: null

2020-09-15 21:00:53 - [TEST_STEP][PASSED] - println(token): null

2020-09-15 21:00:53 - [TEST_STEP][PASSED] - refund_transaction_token = token: null

2020-09-15 21:00:53 - [TEST_STEP][PASSED] - log.logInfo("-----> refund_transaction_token = " + refund_transaction_token): -----> refund_transaction_token = 1e53a658-f7c7-4776-8a3b-904ec40f7065

2020-09-15 21:00:53 - [MESSAGE][INFO] - -----> refund_transaction_token = 1e53a658-f7c7-4776-8a3b-904ec40f7065

2020-09-15 21:00:53 - [TEST_STEP][PASSED] - refund_transaction_token = refund_transaction_token: null

2020-09-15 21:00:53 - [TEST_STEP][PASSED] - log.logInfo("----> GlobalVariable refund_transaction_token = " + refund_transaction_token): ----> GlobalVariable refund_transaction_token = 1e53a658-f7c7-4776-8a3b-904ec40f7065

2020-09-15 21:00:53 - [MESSAGE][INFO] - ----> GlobalVariable refund_transaction_token = 1e53a658-f7c7-4776-8a3b-904ec40f7065

2020-09-15 21:00:53 - [TEST_STEP][PASSED] - assert response.getStatusCode() == 201: null

2020-09-15 21:00:53 - [MESSAGE][PASSED] - Verify response successfully

2020-09-15 21:00:53 - [MESSAGE][PASSED] - Send request and verify the response successfully

2020-09-15 21:00:53 - [MESSAGE][INFO] - -----> refund_transaction_token = 1e53a658-f7c7-4776-8a3b-904ec40f7065

2020-09-15 21:00:53 - [MESSAGE][INFO] - ----> GlobalVariable refund_transaction_token = 1e53a658-f7c7-4776-8a3b-904ec40f7065

2020-09-15 21:00:53 - [MESSAGE][PASSED] - detailed_Onboarding.detailed_onboarding.createTransClearingRefund is PASSED]]></system-out>
         <system-err><![CDATA[]]></system-err>
      </testcase>
      <system-out><![CDATA[2020-09-15 21:00:28 - [TEST_SUITE][PASSED] - Detailed_Onboarding_With_Transactions: Test Cases/API Test Cases/Quickstart_with_transactions/Transaction Tests/Financial Settled Transaction/Detailed_onboarding_with_financial_transactions]]></system-out>
      <system-err><![CDATA[]]></system-err>
   </testsuite>
</testsuites>
