<?xml version="1.0" encoding="UTF-8"?>
<testsuites name="Mq_Automation_Project_Test_Suite_Collection" time="57.159" tests="6" failures="0" errors="0">
   <testsuite name="Detailed_Onboarding_With_Transactions" tests="4" failures="0" errors="0" time="30.628" timestamp="2020-10-13 11:14:31" hostname="csmall - csmall-mbp" id="Test Suites/Detailed Test Suite/Detailed_Onboarding_With_Transactions">
      <properties>
         <property name="deviceName" value=""/>
         <property name="devicePlatform" value=""/>
         <property name="logFolder" value="/Users/csmall/ApiAutomationProject/Reports/20201013_111419/Detailed Test Suite/Detailed_Onboarding_With_Transactions/20201013_111420"/>
         <property name="logFiles" value="/Users/csmall/ApiAutomationProject/Reports/20201013_111419/Detailed Test Suite/Detailed_Onboarding_With_Transactions/20201013_111420/execution0.log"/>
         <property name="attachments" value=""/>
         <property name="hostName" value="csmall - csmall-mbp"/>
         <property name="hostAddress" value="192.168.1.45"/>
         <property name="os" value="Mac OS X 64bit"/>
         <property name="katalonVersion" value="null.null"/>
      </properties>
      <testcase name="Test Cases/API Test Cases/Quickstart_with_transactions/Transaction Tests/Card Declined Transaction after CardTransition/Detailed_onboarding_and_cardtransition_result_declined_transaction" time="10.551" classname="Test Cases/API Test Cases/Quickstart_with_transactions/Transaction Tests/Card Declined Transaction after CardTransition/Detailed_onboarding_and_cardtransition_result_declined_transaction" status="PASSED">
         <system-out><![CDATA[2020-10-13 11:14:32 - [TEST_CASE][PASSED] - Test Cases/API Test Cases/Quickstart_with_transactions/Transaction Tests/Card Declined Transaction after CardTransition/Detailed_onboarding_and_cardtransition_result_declined_transaction: Test Cases/API Test Cases/Quickstart_with_transactions/Transaction Tests/Card Declined Transaction after CardTransition/Detailed_onboarding_and_cardtransition_result_declined_transaction

2020-10-13 11:14:32 - [TEST_STEP][PASSED] - card_product_token = detailed_Onboarding.detailed_onboarding.createCardProduct(start_date, card_product_name, payment_instrument, ecommerce, activate_upon_issue): detailed_Onboarding.detailed_onboarding.createCardProduct is PASSED

2020-10-13 11:14:36 - [MESSAGE][INFO] - HAR: /Users/csmall/ApiAutomationProject/Reports/20201013_111419/Detailed Test Suite/Detailed_Onboarding_With_Transactions/20201013_111420/requests/main/0.har

2020-10-13 11:14:36 - [TEST_CASE][PASSED] - Start Test Case : Verification: Verification accomplished successfully

2020-10-13 11:14:36 - [TEST_STEP][PASSED] - log = new com.kms.katalon.core.logging.KeywordLogger(): null

2020-10-13 11:14:36 - [TEST_STEP][PASSED] - request = getInstance().getCurrentRequest(): null

2020-10-13 11:14:36 - [TEST_STEP][PASSED] - println(restUrl.toString()): null

2020-10-13 11:14:37 - [TEST_STEP][PASSED] - println(httpBody.toString()): null

2020-10-13 11:14:37 - [TEST_STEP][PASSED] - log.logInfo("-------> Request Url= " + restUrl.toString()): -------> Request Url= https://sandbox-api.marqeta.com/v3/cardproducts

2020-10-13 11:14:37 - [MESSAGE][INFO] - -------> Request Url= https://sandbox-api.marqeta.com/v3/cardproducts

2020-10-13 11:14:37 - [TEST_STEP][PASSED] - log.logInfo("-------> Request Body= " + httpBody.toString()): -------> Request Body= {
  "start_date": "2020-09-10",
  "name": "Example Card Product",
  "config": {
    "fulfillment": {
      "payment_instrument":"VIRTUAL_PAN"
     },
    "poi": {
      "ecommerce": true,
      "atm": "true"
    },
    "card_life_cycle": {
      "activate_upon_issue": true
    }
  }
}

2020-10-13 11:14:37 - [MESSAGE][INFO] - -------> Request Body= {
  "start_date": "2020-09-10",
  "name": "Example Card Product",
  "config": {
    "fulfillment": {
      "payment_instrument":"VIRTUAL_PAN"
     },
    "poi": {
      "ecommerce": true,
      "atm": "true"
    },
    "card_life_cycle": {
      "activate_upon_issue": true
    }
  }
}

2020-10-13 11:14:37 - [TEST_STEP][PASSED] - response = getInstance().getCurrentResponse(): null

2020-10-13 11:14:37 - [TEST_STEP][PASSED] - println(responseBodyContent.toString()): null

2020-10-13 11:14:37 - [TEST_STEP][PASSED] - log.logInfo("-------> Response Body= " + responseBodyContent.toString()): -------> Response Body= {
  "token" : "fe6427b8-9123-4248-a54b-2202a9d958f2",
  "name" : "Example Card Product",
  "active" : true,
  "start_date" : "2020-09-10",
  "config" : {
    "poi" : {
      "other" : {
        "allow" : true,
        "card_presence_required" : false,
        "cardholder_presence_required" : false
      },
      "ecommerce" : true,
      "atm" : true
    },
    "transaction_controls" : {
      "accepted_countries_token" : "accept_us_only",
      "always_require_pin" : false,
      "always_require_icc" : false,
      "allow_gpa_auth" : true,
      "require_card_not_present_card_security_code" : false,
      "allow_mcc_group_authorization_controls" : true,
      "allow_first_pin_set_via_financial_transaction" : false,
      "ignore_card_suspended_state" : false,
      "allow_chip_fallback" : true,
      "allow_network_load" : false,
      "allow_network_load_card_activation" : false,
      "allow_quasi_cash" : false,
      "enable_partial_auth_approval" : true,
      "address_verification" : {
        "av_messages" : {
          "validate" : true,
          "decline_on_address_number_mismatch" : false,
          "decline_on_postal_code_mismatch" : true
        },
        "auth_messages" : {
          "validate" : true,
          "decline_on_address_number_mismatch" : false,
          "decline_on_postal_code_mismatch" : false
        }
      },
      "strong_customer_authentication_limits" : { }
    },
    "selective_auth" : {
      "sa_mode" : 1,
      "enable_regex_search_chain" : false,
      "dmd_location_sensitivity" : 0
    },
    "special" : {
      "merchant_on_boarding" : false
    },
    "card_life_cycle" : {
      "activate_upon_issue" : true,
      "expiration_offset" : {
        "unit" : "YEARS",
        "value" : 4
      },
      "card_service_code" : 101,
      "update_expiration_upon_activation" : false
    },
    "clearing_and_settlement" : {
      "overdraft_destination" : "GPA"
    },
    "jit_funding" : {
      "paymentcard_funding_source" : {
        "enabled" : false,
        "refunds_destination" : ""
      },
      "programgateway_funding_source" : {
        "enabled" : false,
        "funding_source_token" : "",
        "refunds_destination" : "",
        "always_fund" : true
      },
      "program_funding_source" : {
        "enabled" : false,
        "funding_source_token" : "",
        "refunds_destination" : ""
      }
    },
    "digital_wallet_tokenization" : {
      "provisioning_controls" : {
        "manual_entry" : {
          "enabled" : false,
          "address_verification" : {
            "validate" : true
          }
        },
        "wallet_provider_card_on_file" : {
          "enabled" : false,
          "address_verification" : {
            "validate" : true
          }
        },
        "in_app_provisioning" : {
          "enabled" : false,
          "address_verification" : {
            "validate" : true
          }
        }
      },
      "card_art_id" : ""
    },
    "fulfillment" : {
      "payment_instrument" : "VIRTUAL_PAN",
      "package_id" : "0",
      "all_zero_card_security_code" : false,
      "bin_prefix" : "111111",
      "bulk_ship" : false,
      "pan_length" : "16",
      "fulfillment_provider" : "PERFECTPLASTIC",
      "allow_card_creation" : true,
      "uppercase_name_lines" : true,
      "enable_offline_pin" : false
    }
  },
  "created_time" : "2020-10-13T16:14:36Z",
  "last_modified_time" : "2020-10-13T16:14:36Z"
}

2020-10-13 11:14:37 - [MESSAGE][INFO] - -------> Response Body= {
  "token" : "fe6427b8-9123-4248-a54b-2202a9d958f2",
  "name" : "Example Card Product",
  "active" : true,
  "start_date" : "2020-09-10",
  "config" : {
    "poi" : {
      "other" : {
        "allow" : true,
        "card_presence_required" : false,
        "cardholder_presence_required" : false
      },
      "ecommerce" : true,
      "atm" : true
    },
    "transaction_controls" : {
      "accepted_countries_token" : "accept_us_only",
      "always_require_pin" : false,
      "always_require_icc" : false,
      "allow_gpa_auth" : true,
      "require_card_not_present_card_security_code" : false,
      "allow_mcc_group_authorization_controls" : true,
      "allow_first_pin_set_via_financial_transaction" : false,
      "ignore_card_suspended_state" : false,
      "allow_chip_fallback" : true,
      "allow_network_load" : false,
      "allow_network_load_card_activation" : false,
      "allow_quasi_cash" : false,
      "enable_partial_auth_approval" : true,
      "address_verification" : {
        "av_messages" : {
          "validate" : true,
          "decline_on_address_number_mismatch" : false,
          "decline_on_postal_code_mismatch" : true
        },
        "auth_messages" : {
          "validate" : true,
          "decline_on_address_number_mismatch" : false,
          "decline_on_postal_code_mismatch" : false
        }
      },
      "strong_customer_authentication_limits" : { }
    },
    "selective_auth" : {
      "sa_mode" : 1,
      "enable_regex_search_chain" : false,
      "dmd_location_sensitivity" : 0
    },
    "special" : {
      "merchant_on_boarding" : false
    },
    "card_life_cycle" : {
      "activate_upon_issue" : true,
      "expiration_offset" : {
        "unit" : "YEARS",
        "value" : 4
      },
      "card_service_code" : 101,
      "update_expiration_upon_activation" : false
    },
    "clearing_and_settlement" : {
      "overdraft_destination" : "GPA"
    },
    "jit_funding" : {
      "paymentcard_funding_source" : {
        "enabled" : false,
        "refunds_destination" : ""
      },
      "programgateway_funding_source" : {
        "enabled" : false,
        "funding_source_token" : "",
        "refunds_destination" : "",
        "always_fund" : true
      },
      "program_funding_source" : {
        "enabled" : false,
        "funding_source_token" : "",
        "refunds_destination" : ""
      }
    },
    "digital_wallet_tokenization" : {
      "provisioning_controls" : {
        "manual_entry" : {
          "enabled" : false,
          "address_verification" : {
            "validate" : true
          }
        },
        "wallet_provider_card_on_file" : {
          "enabled" : false,
          "address_verification" : {
            "validate" : true
          }
        },
        "in_app_provisioning" : {
          "enabled" : false,
          "address_verification" : {
            "validate" : true
          }
        }
      },
      "card_art_id" : ""
    },
    "fulfillment" : {
      "payment_instrument" : "VIRTUAL_PAN",
      "package_id" : "0",
      "all_zero_card_security_code" : false,
      "bin_prefix" : "111111",
      "bulk_ship" : false,
      "pan_length" : "16",
      "fulfillment_provider" : "PERFECTPLASTIC",
      "allow_card_creation" : true,
      "uppercase_name_lines" : true,
      "enable_offline_pin" : false
    }
  },
  "created_time" : "2020-10-13T16:14:36Z",
  "last_modified_time" : "2020-10-13T16:14:36Z"
}

2020-10-13 11:14:37 - [TEST_STEP][PASSED] - jsonSlurper = new groovy.json.JsonSlurper(): null

2020-10-13 11:14:37 - [TEST_STEP][PASSED] - jsonResponse = jsonSlurper.parseText(response.getResponseText()): null

2020-10-13 11:14:37 - [TEST_STEP][PASSED] - assert token != null: null

2020-10-13 11:14:37 - [TEST_STEP][PASSED] - println(token): null

2020-10-13 11:14:37 - [TEST_STEP][PASSED] - card_product_token = token: null

2020-10-13 11:14:37 - [TEST_STEP][PASSED] - log.logInfo("-----> card_product_token = " + card_product_token): -----> card_product_token = fe6427b8-9123-4248-a54b-2202a9d958f2

2020-10-13 11:14:37 - [MESSAGE][INFO] - -----> card_product_token = fe6427b8-9123-4248-a54b-2202a9d958f2

2020-10-13 11:14:37 - [TEST_STEP][PASSED] - card_product_token = card_product_token: null

2020-10-13 11:14:37 - [TEST_STEP][PASSED] - log.logInfo("----> GlobalVariable card_product_token = " + card_product_token): ----> GlobalVariable card_product_token = fe6427b8-9123-4248-a54b-2202a9d958f2

2020-10-13 11:14:37 - [MESSAGE][INFO] - ----> GlobalVariable card_product_token = fe6427b8-9123-4248-a54b-2202a9d958f2

2020-10-13 11:14:37 - [TEST_STEP][PASSED] - assert response.getStatusCode() == 201: null

2020-10-13 11:14:37 - [MESSAGE][PASSED] - Verify response successfully

2020-10-13 11:14:37 - [MESSAGE][PASSED] - Send request and verify the response successfully

2020-10-13 11:14:37 - [MESSAGE][INFO] - -----> card_product_token = fe6427b8-9123-4248-a54b-2202a9d958f2

2020-10-13 11:14:37 - [MESSAGE][INFO] - ----> GlobalVariable card_product_token = fe6427b8-9123-4248-a54b-2202a9d958f2

2020-10-13 11:14:37 - [MESSAGE][PASSED] - detailed_Onboarding.detailed_onboarding.createCardProduct is PASSED

2020-10-13 11:14:37 - [TEST_STEP][PASSED] - funding_source_token = detailed_Onboarding.detailed_onboarding.createCardFundingSource(program_name): detailed_Onboarding.detailed_onboarding.createCardFundingSource is PASSED

2020-10-13 11:14:38 - [MESSAGE][INFO] - HAR: /Users/csmall/ApiAutomationProject/Reports/20201013_111419/Detailed Test Suite/Detailed_Onboarding_With_Transactions/20201013_111420/requests/main/1.har

2020-10-13 11:14:38 - [TEST_CASE][PASSED] - Start Test Case : Verification: Verification accomplished successfully

2020-10-13 11:14:38 - [TEST_STEP][PASSED] - log = new com.kms.katalon.core.logging.KeywordLogger(): null

2020-10-13 11:14:38 - [TEST_STEP][PASSED] - request = getInstance().getCurrentRequest(): null

2020-10-13 11:14:38 - [TEST_STEP][PASSED] - println(restUrl.toString()): null

2020-10-13 11:14:38 - [TEST_STEP][PASSED] - println(httpBody.toString()): null

2020-10-13 11:14:38 - [TEST_STEP][PASSED] - log.logInfo("-------> Request Url= " + restUrl.toString()): -------> Request Url= https://sandbox-api.marqeta.com/v3/fundingsources/program

2020-10-13 11:14:38 - [MESSAGE][INFO] - -------> Request Url= https://sandbox-api.marqeta.com/v3/fundingsources/program

2020-10-13 11:14:38 - [TEST_STEP][PASSED] - log.logInfo("-------> Request Body= " + httpBody.toString()): -------> Request Body= {
  "name": "Program Funding"
}

2020-10-13 11:14:38 - [MESSAGE][INFO] - -------> Request Body= {
  "name": "Program Funding"
}

2020-10-13 11:14:38 - [TEST_STEP][PASSED] - response = getInstance().getCurrentResponse(): null

2020-10-13 11:14:38 - [TEST_STEP][PASSED] - println(responseBodyContent.toString()): null

2020-10-13 11:14:38 - [TEST_STEP][PASSED] - log.logInfo("-------> Response Body= " + responseBodyContent.toString()): -------> Response Body= {
  "name" : "Program Funding",
  "active" : true,
  "token" : "d1a07d39-b074-47d6-8a57-592dd7275266",
  "created_time" : "2020-10-13T16:14:38Z",
  "last_modified_time" : "2020-10-13T16:14:38Z",
  "account" : "12.003.001.000000"
}

2020-10-13 11:14:38 - [MESSAGE][INFO] - -------> Response Body= {
  "name" : "Program Funding",
  "active" : true,
  "token" : "d1a07d39-b074-47d6-8a57-592dd7275266",
  "created_time" : "2020-10-13T16:14:38Z",
  "last_modified_time" : "2020-10-13T16:14:38Z",
  "account" : "12.003.001.000000"
}

2020-10-13 11:14:38 - [TEST_STEP][PASSED] - jsonSlurper = new groovy.json.JsonSlurper(): null

2020-10-13 11:14:38 - [TEST_STEP][PASSED] - jsonResponse = jsonSlurper.parseText(response.getResponseText()): null

2020-10-13 11:14:38 - [TEST_STEP][PASSED] - assert token != null: null

2020-10-13 11:14:38 - [TEST_STEP][PASSED] - println(token): null

2020-10-13 11:14:38 - [TEST_STEP][PASSED] - funding_token = token: null

2020-10-13 11:14:38 - [TEST_STEP][PASSED] - log.logInfo("-----> funding_token = " + funding_token): -----> funding_token = d1a07d39-b074-47d6-8a57-592dd7275266

2020-10-13 11:14:38 - [MESSAGE][INFO] - -----> funding_token = d1a07d39-b074-47d6-8a57-592dd7275266

2020-10-13 11:14:38 - [TEST_STEP][PASSED] - funding_token = funding_token: null

2020-10-13 11:14:38 - [TEST_STEP][PASSED] - log.logInfo("----> GlobalVariable funding_token = " + funding_token): ----> GlobalVariable funding_token = d1a07d39-b074-47d6-8a57-592dd7275266

2020-10-13 11:14:38 - [MESSAGE][INFO] - ----> GlobalVariable funding_token = d1a07d39-b074-47d6-8a57-592dd7275266

2020-10-13 11:14:38 - [TEST_STEP][PASSED] - assert response.getStatusCode() == 201: null

2020-10-13 11:14:38 - [MESSAGE][PASSED] - Verify response successfully

2020-10-13 11:14:38 - [MESSAGE][PASSED] - Send request and verify the response successfully

2020-10-13 11:14:38 - [MESSAGE][INFO] - -----> funding_source_token = d1a07d39-b074-47d6-8a57-592dd7275266

2020-10-13 11:14:38 - [MESSAGE][INFO] - ----> GlobalVariable funding_source_token = d1a07d39-b074-47d6-8a57-592dd7275266

2020-10-13 11:14:38 - [MESSAGE][PASSED] - detailed_Onboarding.detailed_onboarding.createCardFundingSource is PASSED

2020-10-13 11:14:38 - [TEST_STEP][PASSED] - user_token = detailed_Onboarding.detailed_onboarding.createDetailedUser(user_first_name, user_middle_name, user_last_name, active, user_password, phone, gender, user_email, ssn_expiration_date, user_id_type, user_address1, city, user_state, country, birth_date, corporate_card_holder, user_ssn, id_card_number, id_card_expiration_date, nationality, company, uses_parent_account, user_postal_code): detailed_Onboarding.detailed_onboarding.createDetailedUser is PASSED

2020-10-13 11:14:39 - [MESSAGE][INFO] - HAR: /Users/csmall/ApiAutomationProject/Reports/20201013_111419/Detailed Test Suite/Detailed_Onboarding_With_Transactions/20201013_111420/requests/main/2.har

2020-10-13 11:14:39 - [TEST_CASE][PASSED] - Start Test Case : Verification: Verification accomplished successfully

2020-10-13 11:14:39 - [TEST_STEP][PASSED] - log = new com.kms.katalon.core.logging.KeywordLogger(): null

2020-10-13 11:14:39 - [TEST_STEP][PASSED] - request = getInstance().getCurrentRequest(): null

2020-10-13 11:14:39 - [TEST_STEP][PASSED] - println(restUrl.toString()): null

2020-10-13 11:14:39 - [TEST_STEP][PASSED] - println(httpBody.toString()): null

2020-10-13 11:14:39 - [TEST_STEP][PASSED] - log.logInfo("-------> Request Url= " + restUrl.toString()): -------> Request Url= https://sandbox-api.marqeta.com/v3/users

2020-10-13 11:14:39 - [MESSAGE][INFO] - -------> Request Url= https://sandbox-api.marqeta.com/v3/users

2020-10-13 11:14:39 - [TEST_STEP][PASSED] - log.logInfo("-------> Request Body= " + httpBody.toString()): -------> Request Body= {
    "first_name": "Chaseuser",
    "last_name": "Smalluser",
    "active": true
}

2020-10-13 11:14:39 - [MESSAGE][INFO] - -------> Request Body= {
    "first_name": "Chaseuser",
    "last_name": "Smalluser",
    "active": true
}

2020-10-13 11:14:39 - [TEST_STEP][PASSED] - response = getInstance().getCurrentResponse(): null

2020-10-13 11:14:39 - [TEST_STEP][PASSED] - println(responseBodyContent.toString()): null

2020-10-13 11:14:39 - [TEST_STEP][PASSED] - log.logInfo("-------> Response Body= " + responseBodyContent.toString()): -------> Response Body= {
  "token" : "6573d3cd-1b70-4a40-a071-07b955efc077",
  "active" : true,
  "first_name" : "Chaseuser",
  "last_name" : "Smalluser",
  "uses_parent_account" : false,
  "corporate_card_holder" : false,
  "created_time" : "2020-10-13T16:14:39Z",
  "last_modified_time" : "2020-10-13T16:14:39Z",
  "metadata" : { },
  "account_holder_group_token" : "DEFAULT_AHG",
  "status" : "ACTIVE",
  "deposit_account" : {
    "token" : "69b2c29d-f77c-47aa-8548-3622fc6a4246",
    "account_number" : "40013372351530419",
    "routing_number" : "293748000",
    "allow_immediate_credit" : false
  }
}

2020-10-13 11:14:39 - [MESSAGE][INFO] - -------> Response Body= {
  "token" : "6573d3cd-1b70-4a40-a071-07b955efc077",
  "active" : true,
  "first_name" : "Chaseuser",
  "last_name" : "Smalluser",
  "uses_parent_account" : false,
  "corporate_card_holder" : false,
  "created_time" : "2020-10-13T16:14:39Z",
  "last_modified_time" : "2020-10-13T16:14:39Z",
  "metadata" : { },
  "account_holder_group_token" : "DEFAULT_AHG",
  "status" : "ACTIVE",
  "deposit_account" : {
    "token" : "69b2c29d-f77c-47aa-8548-3622fc6a4246",
    "account_number" : "40013372351530419",
    "routing_number" : "293748000",
    "allow_immediate_credit" : false
  }
}

2020-10-13 11:14:39 - [TEST_STEP][PASSED] - jsonSlurper = new groovy.json.JsonSlurper(): null

2020-10-13 11:14:39 - [TEST_STEP][PASSED] - jsonResponse = jsonSlurper.parseText(response.getResponseText()): null

2020-10-13 11:14:39 - [TEST_STEP][PASSED] - assert token != null: null

2020-10-13 11:14:39 - [TEST_STEP][PASSED] - println(token): null

2020-10-13 11:14:39 - [TEST_STEP][PASSED] - user_token = token: null

2020-10-13 11:14:39 - [TEST_STEP][PASSED] - log.logInfo("-----> user_token = " + user_token): -----> user_token = 6573d3cd-1b70-4a40-a071-07b955efc077

2020-10-13 11:14:39 - [MESSAGE][INFO] - -----> user_token = 6573d3cd-1b70-4a40-a071-07b955efc077

2020-10-13 11:14:39 - [TEST_STEP][PASSED] - user_token = user_token: null

2020-10-13 11:14:39 - [TEST_STEP][PASSED] - log.logInfo("----> GlobalVariable user_token = " + user_token): ----> GlobalVariable user_token = 6573d3cd-1b70-4a40-a071-07b955efc077

2020-10-13 11:14:39 - [MESSAGE][INFO] - ----> GlobalVariable user_token = 6573d3cd-1b70-4a40-a071-07b955efc077

2020-10-13 11:14:39 - [TEST_STEP][PASSED] - assert response.getStatusCode() == 201: null

2020-10-13 11:14:39 - [MESSAGE][PASSED] - Verify response successfully

2020-10-13 11:14:39 - [MESSAGE][PASSED] - Send request and verify the response successfully

2020-10-13 11:14:39 - [MESSAGE][INFO] - -----> user_token = 6573d3cd-1b70-4a40-a071-07b955efc077

2020-10-13 11:14:39 - [MESSAGE][INFO] - ----> GlobalVariable user_token = 6573d3cd-1b70-4a40-a071-07b955efc077

2020-10-13 11:14:39 - [MESSAGE][PASSED] - detailed_Onboarding.detailed_onboarding.createDetailedUser is PASSED

2020-10-13 11:14:39 - [TEST_STEP][PASSED] - card_token = detailed_Onboarding.detailed_onboarding.createCard(user_token, card_product_token): detailed_Onboarding.detailed_onboarding.createCard is PASSED

2020-10-13 11:14:40 - [MESSAGE][INFO] - HAR: /Users/csmall/ApiAutomationProject/Reports/20201013_111419/Detailed Test Suite/Detailed_Onboarding_With_Transactions/20201013_111420/requests/main/3.har

2020-10-13 11:14:40 - [TEST_CASE][PASSED] - Start Test Case : Verification: Verification accomplished successfully

2020-10-13 11:14:40 - [TEST_STEP][PASSED] - log = new com.kms.katalon.core.logging.KeywordLogger(): null

2020-10-13 11:14:40 - [TEST_STEP][PASSED] - request = getInstance().getCurrentRequest(): null

2020-10-13 11:14:40 - [TEST_STEP][PASSED] - println(restUrl.toString()): null

2020-10-13 11:14:40 - [TEST_STEP][PASSED] - println(httpBody.toString()): null

2020-10-13 11:14:40 - [TEST_STEP][PASSED] - log.logInfo("-------> Request Url= " + restUrl.toString()): -------> Request Url= https://sandbox-api.marqeta.com/v3/cards

2020-10-13 11:14:40 - [MESSAGE][INFO] - -------> Request Url= https://sandbox-api.marqeta.com/v3/cards

2020-10-13 11:14:40 - [TEST_STEP][PASSED] - log.logInfo("-------> Request Body= " + httpBody.toString()): -------> Request Body= {
  "user_token": "6573d3cd-1b70-4a40-a071-07b955efc077",
  "card_product_token": "fe6427b8-9123-4248-a54b-2202a9d958f2"
}

2020-10-13 11:14:40 - [MESSAGE][INFO] - -------> Request Body= {
  "user_token": "6573d3cd-1b70-4a40-a071-07b955efc077",
  "card_product_token": "fe6427b8-9123-4248-a54b-2202a9d958f2"
}

2020-10-13 11:14:40 - [TEST_STEP][PASSED] - response = getInstance().getCurrentResponse(): null

2020-10-13 11:14:40 - [TEST_STEP][PASSED] - println(responseBodyContent.toString()): null

2020-10-13 11:14:40 - [TEST_STEP][PASSED] - log.logInfo("-------> Response Body= " + responseBodyContent.toString()): -------> Response Body= {
  "created_time" : "2020-10-13T16:14:40Z",
  "last_modified_time" : "2020-10-13T16:14:40Z",
  "token" : "d31bb8a2-7f59-4573-a182-049571e4ed40",
  "user_token" : "6573d3cd-1b70-4a40-a071-07b955efc077",
  "card_product_token" : "fe6427b8-9123-4248-a54b-2202a9d958f2",
  "last_four" : "9932",
  "pan" : "111111______9932",
  "expiration" : "1024",
  "expiration_time" : "2024-10-31T23:59:59Z",
  "barcode" : "16012961462482895744",
  "pin_is_set" : false,
  "state" : "ACTIVE",
  "state_reason" : "New card activated",
  "fulfillment_status" : "ISSUED",
  "instrument_type" : "VIRTUAL_PAN",
  "expedite" : false,
  "metadata" : { }
}

2020-10-13 11:14:40 - [MESSAGE][INFO] - -------> Response Body= {
  "created_time" : "2020-10-13T16:14:40Z",
  "last_modified_time" : "2020-10-13T16:14:40Z",
  "token" : "d31bb8a2-7f59-4573-a182-049571e4ed40",
  "user_token" : "6573d3cd-1b70-4a40-a071-07b955efc077",
  "card_product_token" : "fe6427b8-9123-4248-a54b-2202a9d958f2",
  "last_four" : "9932",
  "pan" : "111111______9932",
  "expiration" : "1024",
  "expiration_time" : "2024-10-31T23:59:59Z",
  "barcode" : "16012961462482895744",
  "pin_is_set" : false,
  "state" : "ACTIVE",
  "state_reason" : "New card activated",
  "fulfillment_status" : "ISSUED",
  "instrument_type" : "VIRTUAL_PAN",
  "expedite" : false,
  "metadata" : { }
}

2020-10-13 11:14:40 - [TEST_STEP][PASSED] - jsonSlurper = new groovy.json.JsonSlurper(): null

2020-10-13 11:14:40 - [TEST_STEP][PASSED] - jsonResponse = jsonSlurper.parseText(response.getResponseText()): null

2020-10-13 11:14:40 - [TEST_STEP][PASSED] - assert token != null: null

2020-10-13 11:14:40 - [TEST_STEP][PASSED] - println(token): null

2020-10-13 11:14:40 - [TEST_STEP][PASSED] - card_token = token: null

2020-10-13 11:14:40 - [TEST_STEP][PASSED] - log.logInfo("-----> card_token = " + card_token): -----> card_token = d31bb8a2-7f59-4573-a182-049571e4ed40

2020-10-13 11:14:40 - [MESSAGE][INFO] - -----> card_token = d31bb8a2-7f59-4573-a182-049571e4ed40

2020-10-13 11:14:40 - [TEST_STEP][PASSED] - card_token = card_token: null

2020-10-13 11:14:40 - [TEST_STEP][PASSED] - log.logInfo("----> GlobalVariable card_token = " + card_token): ----> GlobalVariable card_token = d31bb8a2-7f59-4573-a182-049571e4ed40

2020-10-13 11:14:40 - [MESSAGE][INFO] - ----> GlobalVariable card_token = d31bb8a2-7f59-4573-a182-049571e4ed40

2020-10-13 11:14:40 - [TEST_STEP][PASSED] - assert response.getStatusCode() == 201: null

2020-10-13 11:14:40 - [MESSAGE][PASSED] - Verify response successfully

2020-10-13 11:14:40 - [MESSAGE][PASSED] - Send request and verify the response successfully

2020-10-13 11:14:40 - [MESSAGE][INFO] - -----> card_token = d31bb8a2-7f59-4573-a182-049571e4ed40

2020-10-13 11:14:40 - [MESSAGE][INFO] - ----> GlobalVariable card_token = d31bb8a2-7f59-4573-a182-049571e4ed40

2020-10-13 11:14:40 - [MESSAGE][PASSED] - detailed_Onboarding.detailed_onboarding.createCard is PASSED

2020-10-13 11:14:40 - [TEST_STEP][PASSED] - gpa_token = detailed_Onboarding.detailed_onboarding.createGpaOrder(user_token, gpaamount, currency_code, funding_source_token): detailed_Onboarding.detailed_onboarding.createGpaOrder is PASSED

2020-10-13 11:14:41 - [MESSAGE][INFO] - HAR: /Users/csmall/ApiAutomationProject/Reports/20201013_111419/Detailed Test Suite/Detailed_Onboarding_With_Transactions/20201013_111420/requests/main/4.har

2020-10-13 11:14:41 - [TEST_CASE][PASSED] - Start Test Case : Verification: Verification accomplished successfully

2020-10-13 11:14:41 - [TEST_STEP][PASSED] - log = new com.kms.katalon.core.logging.KeywordLogger(): null

2020-10-13 11:14:41 - [TEST_STEP][PASSED] - request = getInstance().getCurrentRequest(): null

2020-10-13 11:14:41 - [TEST_STEP][PASSED] - println(restUrl.toString()): null

2020-10-13 11:14:41 - [TEST_STEP][PASSED] - println(httpBody.toString()): null

2020-10-13 11:14:41 - [TEST_STEP][PASSED] - log.logInfo("-------> Request Url= " + restUrl.toString()): -------> Request Url= https://sandbox-api.marqeta.com/v3/gpaorders

2020-10-13 11:14:41 - [MESSAGE][INFO] - -------> Request Url= https://sandbox-api.marqeta.com/v3/gpaorders

2020-10-13 11:14:41 - [TEST_STEP][PASSED] - log.logInfo("-------> Request Body= " + httpBody.toString()): -------> Request Body= {
  "user_token": "6573d3cd-1b70-4a40-a071-07b955efc077",
  "amount": "10000",
  "currency_code": "USD",
  "funding_source_token": "d1a07d39-b074-47d6-8a57-592dd7275266"
}

2020-10-13 11:14:41 - [MESSAGE][INFO] - -------> Request Body= {
  "user_token": "6573d3cd-1b70-4a40-a071-07b955efc077",
  "amount": "10000",
  "currency_code": "USD",
  "funding_source_token": "d1a07d39-b074-47d6-8a57-592dd7275266"
}

2020-10-13 11:14:41 - [TEST_STEP][PASSED] - response = getInstance().getCurrentResponse(): null

2020-10-13 11:14:41 - [TEST_STEP][PASSED] - println(responseBodyContent.toString()): null

2020-10-13 11:14:41 - [TEST_STEP][PASSED] - log.logInfo("-------> Response Body= " + responseBodyContent.toString()): -------> Response Body= {
  "token" : "18cb7773-137d-4a97-8675-4ee9bc23d095",
  "amount" : 10000,
  "created_time" : "2020-10-13T16:14:41Z",
  "last_modified_time" : "2020-10-13T16:14:41Z",
  "transaction_token" : "6d9a70ee-5fc4-40cc-ab98-d2e5f69cab84",
  "state" : "COMPLETION",
  "response" : {
    "code" : "0000",
    "memo" : "Approved or completed successfully"
  },
  "funding" : {
    "amount" : 10000,
    "source" : {
      "type" : "program",
      "token" : "**********5266",
      "active" : true,
      "name" : "Program Funding",
      "is_default_account" : false,
      "created_time" : "2020-10-13T16:14:38Z",
      "last_modified_time" : "2020-10-13T16:14:38Z"
    }
  },
  "funding_source_token" : "**********5266",
  "user_token" : "6573d3cd-1b70-4a40-a071-07b955efc077",
  "currency_code" : "USD"
}

2020-10-13 11:14:41 - [MESSAGE][INFO] - -------> Response Body= {
  "token" : "18cb7773-137d-4a97-8675-4ee9bc23d095",
  "amount" : 10000,
  "created_time" : "2020-10-13T16:14:41Z",
  "last_modified_time" : "2020-10-13T16:14:41Z",
  "transaction_token" : "6d9a70ee-5fc4-40cc-ab98-d2e5f69cab84",
  "state" : "COMPLETION",
  "response" : {
    "code" : "0000",
    "memo" : "Approved or completed successfully"
  },
  "funding" : {
    "amount" : 10000,
    "source" : {
      "type" : "program",
      "token" : "**********5266",
      "active" : true,
      "name" : "Program Funding",
      "is_default_account" : false,
      "created_time" : "2020-10-13T16:14:38Z",
      "last_modified_time" : "2020-10-13T16:14:38Z"
    }
  },
  "funding_source_token" : "**********5266",
  "user_token" : "6573d3cd-1b70-4a40-a071-07b955efc077",
  "currency_code" : "USD"
}

2020-10-13 11:14:41 - [TEST_STEP][PASSED] - jsonSlurper = new groovy.json.JsonSlurper(): null

2020-10-13 11:14:41 - [TEST_STEP][PASSED] - jsonResponse = jsonSlurper.parseText(response.getResponseText()): null

2020-10-13 11:14:41 - [TEST_STEP][PASSED] - assert token != null: null

2020-10-13 11:14:41 - [TEST_STEP][PASSED] - println(token): null

2020-10-13 11:14:41 - [TEST_STEP][PASSED] - gpa_token = token: null

2020-10-13 11:14:41 - [TEST_STEP][PASSED] - log.logInfo("-----> gpa_token = " + gpa_token): -----> gpa_token = 18cb7773-137d-4a97-8675-4ee9bc23d095

2020-10-13 11:14:41 - [MESSAGE][INFO] - -----> gpa_token = 18cb7773-137d-4a97-8675-4ee9bc23d095

2020-10-13 11:14:41 - [TEST_STEP][PASSED] - user_token = gpa_token: null

2020-10-13 11:14:41 - [TEST_STEP][PASSED] - log.logInfo("----> GlobalVariable gpa_token = " + gpa_token): ----> GlobalVariable gpa_token = 

2020-10-13 11:14:41 - [MESSAGE][INFO] - ----> GlobalVariable gpa_token = 

2020-10-13 11:14:41 - [TEST_STEP][PASSED] - assert response.getStatusCode() == 201: null

2020-10-13 11:14:41 - [MESSAGE][PASSED] - Verify response successfully

2020-10-13 11:14:41 - [MESSAGE][PASSED] - Send request and verify the response successfully

2020-10-13 11:14:41 - [MESSAGE][INFO] - -----> gpa_token = 18cb7773-137d-4a97-8675-4ee9bc23d095

2020-10-13 11:14:41 - [MESSAGE][INFO] - ----> GlobalVariable gpa_token = 18cb7773-137d-4a97-8675-4ee9bc23d095

2020-10-13 11:14:41 - [MESSAGE][PASSED] - detailed_Onboarding.detailed_onboarding.createGpaOrder is PASSED

2020-10-13 11:14:41 - [TEST_STEP][PASSED] - detailed_Onboarding.detailed_onboarding.createCardTransition(card_token, "SUSPENDED", channel, "01"): detailed_Onboarding.detailed_onboarding.createCardTransition is PASSED

2020-10-13 11:14:41 - [MESSAGE][INFO] - HAR: /Users/csmall/ApiAutomationProject/Reports/20201013_111419/Detailed Test Suite/Detailed_Onboarding_With_Transactions/20201013_111420/requests/main/5.har

2020-10-13 11:14:41 - [TEST_CASE][PASSED] - Start Test Case : Verification: Verification accomplished successfully

2020-10-13 11:14:41 - [TEST_STEP][PASSED] - log = new com.kms.katalon.core.logging.KeywordLogger(): null

2020-10-13 11:14:41 - [TEST_STEP][PASSED] - request = getInstance().getCurrentRequest(): null

2020-10-13 11:14:41 - [TEST_STEP][PASSED] - println(restUrl.toString()): null

2020-10-13 11:14:41 - [TEST_STEP][PASSED] - println(httpBody.toString()): null

2020-10-13 11:14:41 - [TEST_STEP][PASSED] - log.logInfo("-------> Request Url= " + restUrl.toString()): -------> Request Url= https://sandbox-api.marqeta.com/v3/cardtransitions

2020-10-13 11:14:41 - [MESSAGE][INFO] - -------> Request Url= https://sandbox-api.marqeta.com/v3/cardtransitions

2020-10-13 11:14:41 - [TEST_STEP][PASSED] - log.logInfo("-------> Request Body= " + httpBody.toString()): -------> Request Body= {
  "card_token": "d31bb8a2-7f59-4573-a182-049571e4ed40",
  "state": "SUSPENDED",
  "channel": "API",
  "reason_code": "01"
}

2020-10-13 11:14:41 - [MESSAGE][INFO] - -------> Request Body= {
  "card_token": "d31bb8a2-7f59-4573-a182-049571e4ed40",
  "state": "SUSPENDED",
  "channel": "API",
  "reason_code": "01"
}

2020-10-13 11:14:41 - [TEST_STEP][PASSED] - response = getInstance().getCurrentResponse(): null

2020-10-13 11:14:41 - [TEST_STEP][PASSED] - println(responseBodyContent.toString()): null

2020-10-13 11:14:41 - [TEST_STEP][PASSED] - log.logInfo("-------> Response Body= " + responseBodyContent.toString()): -------> Response Body= {
  "token" : "b39eea71-a5ae-4d1d-b063-ea5b02808c0e",
  "card_token" : "d31bb8a2-7f59-4573-a182-049571e4ed40",
  "user_token" : "6573d3cd-1b70-4a40-a071-07b955efc077",
  "state" : "SUSPENDED",
  "reason" : "Suspended card",
  "reason_code" : "01",
  "channel" : "API",
  "fulfillment_status" : "ISSUED",
  "validations" : {
    "user" : {
      "birth_date" : false,
      "phone" : false,
      "ssn" : false,
      "random_name_line1_postfix" : false
    }
  },
  "type" : "state.suspended",
  "created_time" : "2020-10-13T16:14:41Z",
  "card_product_token" : "fe6427b8-9123-4248-a54b-2202a9d958f2",
  "last_four" : "9932",
  "pan" : "111111______9932",
  "expiration" : "1024",
  "expiration_time" : "2024-10-31T23:59:59.000Z",
  "barcode" : "16012961462482895744",
  "pin_is_set" : false,
  "user" : {
    "metadata" : { }
  },
  "card" : {
    "metadata" : { }
  }
}

2020-10-13 11:14:41 - [MESSAGE][INFO] - -------> Response Body= {
  "token" : "b39eea71-a5ae-4d1d-b063-ea5b02808c0e",
  "card_token" : "d31bb8a2-7f59-4573-a182-049571e4ed40",
  "user_token" : "6573d3cd-1b70-4a40-a071-07b955efc077",
  "state" : "SUSPENDED",
  "reason" : "Suspended card",
  "reason_code" : "01",
  "channel" : "API",
  "fulfillment_status" : "ISSUED",
  "validations" : {
    "user" : {
      "birth_date" : false,
      "phone" : false,
      "ssn" : false,
      "random_name_line1_postfix" : false
    }
  },
  "type" : "state.suspended",
  "created_time" : "2020-10-13T16:14:41Z",
  "card_product_token" : "fe6427b8-9123-4248-a54b-2202a9d958f2",
  "last_four" : "9932",
  "pan" : "111111______9932",
  "expiration" : "1024",
  "expiration_time" : "2024-10-31T23:59:59.000Z",
  "barcode" : "16012961462482895744",
  "pin_is_set" : false,
  "user" : {
    "metadata" : { }
  },
  "card" : {
    "metadata" : { }
  }
}

2020-10-13 11:14:41 - [TEST_STEP][PASSED] - jsonSlurper = new groovy.json.JsonSlurper(): null

2020-10-13 11:14:41 - [TEST_STEP][PASSED] - jsonResponse = jsonSlurper.parseText(response.getResponseText()): null

2020-10-13 11:14:41 - [TEST_STEP][PASSED] - assert token != null: null

2020-10-13 11:14:41 - [TEST_STEP][PASSED] - assert response.getStatusCode() == 201: null

2020-10-13 11:14:41 - [MESSAGE][PASSED] - Verify response successfully

2020-10-13 11:14:41 - [MESSAGE][PASSED] - Send request and verify the response successfully

2020-10-13 11:14:41 - [MESSAGE][INFO] - -----> transition_reason = Suspended card

2020-10-13 11:14:41 - [MESSAGE][INFO] - -----> transitionState = SUSPENDED

2020-10-13 11:14:41 - [MESSAGE][PASSED] - detailed_Onboarding.detailed_onboarding.createCardTransition is PASSED

2020-10-13 11:14:41 - [TEST_STEP][PASSED] - original_transaction_token = detailed_Onboarding.detailed_onboarding.createTransAuthDeclined(card_token, trans_amount1, mid, beeceptor_declined_transaction, beeceptor_username, beeceptor_password): detailed_Onboarding.detailed_onboarding.createTransAuthDeclined is PASSED

2020-10-13 11:14:42 - [MESSAGE][INFO] - HAR: /Users/csmall/ApiAutomationProject/Reports/20201013_111419/Detailed Test Suite/Detailed_Onboarding_With_Transactions/20201013_111420/requests/main/6.har

2020-10-13 11:14:42 - [TEST_CASE][PASSED] - Start Test Case : Verification: Verification accomplished successfully

2020-10-13 11:14:42 - [TEST_STEP][PASSED] - log = new com.kms.katalon.core.logging.KeywordLogger(): null

2020-10-13 11:14:42 - [TEST_STEP][PASSED] - request = getInstance().getCurrentRequest(): null

2020-10-13 11:14:42 - [TEST_STEP][PASSED] - println(restUrl.toString()): null

2020-10-13 11:14:42 - [TEST_STEP][PASSED] - println(httpBody.toString()): null

2020-10-13 11:14:42 - [TEST_STEP][PASSED] - log.logInfo("-------> Request Url= " + restUrl.toString()): -------> Request Url= https://sandbox-api.marqeta.com/v3/simulate/authorization

2020-10-13 11:14:42 - [MESSAGE][INFO] - -------> Request Url= https://sandbox-api.marqeta.com/v3/simulate/authorization

2020-10-13 11:14:42 - [TEST_STEP][PASSED] - log.logInfo("-------> Request Body= " + httpBody.toString()): -------> Request Body= {
  "card_token": "d31bb8a2-7f59-4573-a182-049571e4ed40",
  "amount": "10",
  "mid": "USD",
  "webhook": {
    "endpoint": "https://create-transaction.free.beeceptor.com/declined-transaction",
    "username": "chase.small@outlook.com",
    "password": "Shredder1991!"
  }
}

2020-10-13 11:14:42 - [MESSAGE][INFO] - -------> Request Body= {
  "card_token": "d31bb8a2-7f59-4573-a182-049571e4ed40",
  "amount": "10",
  "mid": "USD",
  "webhook": {
    "endpoint": "https://create-transaction.free.beeceptor.com/declined-transaction",
    "username": "chase.small@outlook.com",
    "password": "Shredder1991!"
  }
}

2020-10-13 11:14:42 - [TEST_STEP][PASSED] - response = getInstance().getCurrentResponse(): null

2020-10-13 11:14:42 - [TEST_STEP][PASSED] - println(responseBodyContent.toString()): null

2020-10-13 11:14:42 - [TEST_STEP][PASSED] - log.logInfo("-------> Response Body= " + responseBodyContent.toString()): -------> Response Body= {
  "transaction" : {
    "type" : "authorization",
    "state" : "DECLINED",
    "identifier" : "172",
    "token" : "00b2726f-7bb8-443b-9342-84195a21de12",
    "user_token" : "6573d3cd-1b70-4a40-a071-07b955efc077",
    "acting_user_token" : "6573d3cd-1b70-4a40-a071-07b955efc077",
    "card_token" : "d31bb8a2-7f59-4573-a182-049571e4ed40",
    "gpa" : {
      "currency_code" : "USD",
      "ledger_balance" : 10000.00,
      "available_balance" : 10000.00,
      "credit_balance" : 0.00,
      "pending_credits" : 0.00,
      "balances" : {
        "USD" : {
          "currency_code" : "USD",
          "ledger_balance" : 10000.00,
          "available_balance" : 10000.00,
          "credit_balance" : 0.00,
          "pending_credits" : 0.00
        }
      }
    },
    "duration" : 37,
    "created_time" : "2020-10-13T16:14:42Z",
    "user_transaction_time" : "2020-10-13T16:14:42Z",
    "settlement_date" : "2020-10-13T00:00:00Z",
    "request_amount" : 10.00,
    "amount" : 10.00,
    "issuer_interchange_amount" : 0,
    "currency_code" : "USD",
    "response" : {
      "code" : "1003",
      "memo" : "Card suspended"
    },
    "network" : "DISCOVER",
    "acquirer_fee_amount" : 0,
    "acquirer" : {
      "system_trace_audit_number" : "270487"
    },
    "user" : {
      "metadata" : { }
    },
    "card" : {
      "last_four" : "9932",
      "metadata" : { }
    },
    "issuer_received_time" : "2020-10-13T16:14:42.357Z",
    "issuer_payment_node" : "6e9f8d699bb8de211dde694e995d7011",
    "network_reference_id" : "671860902220",
    "card_acceptor" : {
      "mid" : "USD",
      "mcc" : "6411",
      "network_mid" : "USD",
      "name" : "Marqeta Storefront",
      "address" : "330 Central Ave. St.",
      "city" : "St. Petersburg",
      "state" : "CA",
      "zip" : "33705",
      "country" : "USA",
      "poi" : {
        "partial_approval_capable" : "1"
      }
    },
    "is_recurring" : false,
    "is_installment" : false
  },
  "raw_iso8583" : {
    "0" : "2110",
    "2" : "1111118649549932",
    "3" : "000000",
    "4" : 10.00,
    "7" : "1013161442",
    "11" : "000007270487",
    "12" : "20201013161442",
    "13" : "201013",
    "14" : "2410",
    "15" : "20201013",
    "17" : "1013",
    "21" : "671860902220",
    "22" : "10000000020000000100000001000000",
    "24" : "181",
    "26" : "6411",
    "37" : "1107",
    "39" : "0014",
    "42" : "USD",
    "43" : {
      "2" : "Marqeta Storefront",
      "3" : "330 Central Ave. St.",
      "4" : "St. Petersburg",
      "5" : "CA",
      "6" : "33705",
      "7" : "840"
    },
    "44" : {
      "1" : "Card suspended",
      "2" : "Card suspended",
      "3" : "59",
      "4" : "Card suspended"
    },
    "63" : "DISCOVER",
    "112" : {
      "22" : "0200010000700",
      "103" : "840"
    },
    "113" : {
      "2" : "106",
      "29" : "Y",
      "34" : "Y",
      "35" : "API"
    },
    "180" : "evbvhpcf"
  }
}

2020-10-13 11:14:42 - [MESSAGE][INFO] - -------> Response Body= {
  "transaction" : {
    "type" : "authorization",
    "state" : "DECLINED",
    "identifier" : "172",
    "token" : "00b2726f-7bb8-443b-9342-84195a21de12",
    "user_token" : "6573d3cd-1b70-4a40-a071-07b955efc077",
    "acting_user_token" : "6573d3cd-1b70-4a40-a071-07b955efc077",
    "card_token" : "d31bb8a2-7f59-4573-a182-049571e4ed40",
    "gpa" : {
      "currency_code" : "USD",
      "ledger_balance" : 10000.00,
      "available_balance" : 10000.00,
      "credit_balance" : 0.00,
      "pending_credits" : 0.00,
      "balances" : {
        "USD" : {
          "currency_code" : "USD",
          "ledger_balance" : 10000.00,
          "available_balance" : 10000.00,
          "credit_balance" : 0.00,
          "pending_credits" : 0.00
        }
      }
    },
    "duration" : 37,
    "created_time" : "2020-10-13T16:14:42Z",
    "user_transaction_time" : "2020-10-13T16:14:42Z",
    "settlement_date" : "2020-10-13T00:00:00Z",
    "request_amount" : 10.00,
    "amount" : 10.00,
    "issuer_interchange_amount" : 0,
    "currency_code" : "USD",
    "response" : {
      "code" : "1003",
      "memo" : "Card suspended"
    },
    "network" : "DISCOVER",
    "acquirer_fee_amount" : 0,
    "acquirer" : {
      "system_trace_audit_number" : "270487"
    },
    "user" : {
      "metadata" : { }
    },
    "card" : {
      "last_four" : "9932",
      "metadata" : { }
    },
    "issuer_received_time" : "2020-10-13T16:14:42.357Z",
    "issuer_payment_node" : "6e9f8d699bb8de211dde694e995d7011",
    "network_reference_id" : "671860902220",
    "card_acceptor" : {
      "mid" : "USD",
      "mcc" : "6411",
      "network_mid" : "USD",
      "name" : "Marqeta Storefront",
      "address" : "330 Central Ave. St.",
      "city" : "St. Petersburg",
      "state" : "CA",
      "zip" : "33705",
      "country" : "USA",
      "poi" : {
        "partial_approval_capable" : "1"
      }
    },
    "is_recurring" : false,
    "is_installment" : false
  },
  "raw_iso8583" : {
    "0" : "2110",
    "2" : "1111118649549932",
    "3" : "000000",
    "4" : 10.00,
    "7" : "1013161442",
    "11" : "000007270487",
    "12" : "20201013161442",
    "13" : "201013",
    "14" : "2410",
    "15" : "20201013",
    "17" : "1013",
    "21" : "671860902220",
    "22" : "10000000020000000100000001000000",
    "24" : "181",
    "26" : "6411",
    "37" : "1107",
    "39" : "0014",
    "42" : "USD",
    "43" : {
      "2" : "Marqeta Storefront",
      "3" : "330 Central Ave. St.",
      "4" : "St. Petersburg",
      "5" : "CA",
      "6" : "33705",
      "7" : "840"
    },
    "44" : {
      "1" : "Card suspended",
      "2" : "Card suspended",
      "3" : "59",
      "4" : "Card suspended"
    },
    "63" : "DISCOVER",
    "112" : {
      "22" : "0200010000700",
      "103" : "840"
    },
    "113" : {
      "2" : "106",
      "29" : "Y",
      "34" : "Y",
      "35" : "API"
    },
    "180" : "evbvhpcf"
  }
}

2020-10-13 11:14:42 - [TEST_STEP][PASSED] - jsonSlurper = new groovy.json.JsonSlurper(): null

2020-10-13 11:14:42 - [TEST_STEP][PASSED] - jsonResponse = jsonSlurper.parseText(response.getResponseText()): null

2020-10-13 11:14:42 - [TEST_STEP][PASSED] - declinedState = state: null

2020-10-13 11:14:42 - [TEST_STEP][PASSED] - log.logInfo("-----> transaction.state = " + declinedState): -----> transaction.state = DECLINED

2020-10-13 11:14:42 - [MESSAGE][INFO] - -----> transaction.state = DECLINED

2020-10-13 11:14:42 - [TEST_STEP][PASSED] - verifyElementPropertyValue(response, "transaction.state", "DECLINED"): Verify element property value successfully

2020-10-13 11:14:42 - [MESSAGE][PASSED] - Verify element property value successfully

2020-10-13 11:14:42 - [TEST_STEP][PASSED] - declined_response_reason = memo: null

2020-10-13 11:14:42 - [TEST_STEP][PASSED] - log.logInfo("-----> declined_response_reason = " + declined_response_reason): -----> declined_response_reason = Card suspended

2020-10-13 11:14:42 - [MESSAGE][INFO] - -----> declined_response_reason = Card suspended

2020-10-13 11:14:42 - [TEST_STEP][PASSED] - assert token != null: null

2020-10-13 11:14:42 - [TEST_STEP][PASSED] - println(token): null

2020-10-13 11:14:42 - [TEST_STEP][PASSED] - original_transaction_token = token: null

2020-10-13 11:14:42 - [TEST_STEP][PASSED] - log.logInfo("-----> original_transaction_token = " + original_transaction_token): -----> original_transaction_token = 00b2726f-7bb8-443b-9342-84195a21de12

2020-10-13 11:14:42 - [MESSAGE][INFO] - -----> original_transaction_token = 00b2726f-7bb8-443b-9342-84195a21de12

2020-10-13 11:14:42 - [TEST_STEP][PASSED] - original_transaction_token = original_transaction_token: null

2020-10-13 11:14:42 - [TEST_STEP][PASSED] - log.logInfo("----> GlobalVariable original_transaction_token = " + original_transaction_token): ----> GlobalVariable original_transaction_token = 00b2726f-7bb8-443b-9342-84195a21de12

2020-10-13 11:14:42 - [MESSAGE][INFO] - ----> GlobalVariable original_transaction_token = 00b2726f-7bb8-443b-9342-84195a21de12

2020-10-13 11:14:42 - [TEST_STEP][PASSED] - assert response.getStatusCode() == 201: null

2020-10-13 11:14:42 - [MESSAGE][PASSED] - Verify response successfully

2020-10-13 11:14:42 - [MESSAGE][PASSED] - Send request and verify the response successfully

2020-10-13 11:14:42 - [MESSAGE][INFO] - -----> original_transaction_token = 00b2726f-7bb8-443b-9342-84195a21de12

2020-10-13 11:14:42 - [MESSAGE][INFO] - ----> GlobalVariable original_transaction_token = 00b2726f-7bb8-443b-9342-84195a21de12

2020-10-13 11:14:42 - [MESSAGE][PASSED] - detailed_Onboarding.detailed_onboarding.createTransAuthDeclined is PASSED]]></system-out>
         <system-err><![CDATA[]]></system-err>
      </testcase>
      <testcase name="Test Cases/API Test Cases/Quickstart_with_transactions/Transaction Tests/Card Settled Transaction/Detailed_onboarding_with_card_transaction" time="6.222" classname="Test Cases/API Test Cases/Quickstart_with_transactions/Transaction Tests/Card Settled Transaction/Detailed_onboarding_with_card_transaction" status="PASSED">
         <system-out><![CDATA[2020-10-13 11:14:42 - [TEST_CASE][PASSED] - Test Cases/API Test Cases/Quickstart_with_transactions/Transaction Tests/Card Settled Transaction/Detailed_onboarding_with_card_transaction: Test Cases/API Test Cases/Quickstart_with_transactions/Transaction Tests/Card Settled Transaction/Detailed_onboarding_with_card_transaction

2020-10-13 11:14:42 - [TEST_STEP][PASSED] - card_product_token = detailed_Onboarding.detailed_onboarding.createCardProduct(start_date, card_product_name, payment_instrument, ecommerce, activate_upon_issue): detailed_Onboarding.detailed_onboarding.createCardProduct is PASSED

2020-10-13 11:14:43 - [MESSAGE][INFO] - HAR: /Users/csmall/ApiAutomationProject/Reports/20201013_111419/Detailed Test Suite/Detailed_Onboarding_With_Transactions/20201013_111420/requests/main/7.har

2020-10-13 11:14:43 - [TEST_CASE][PASSED] - Start Test Case : Verification: Verification accomplished successfully

2020-10-13 11:14:43 - [TEST_STEP][PASSED] - log = new com.kms.katalon.core.logging.KeywordLogger(): null

2020-10-13 11:14:43 - [TEST_STEP][PASSED] - request = getInstance().getCurrentRequest(): null

2020-10-13 11:14:43 - [TEST_STEP][PASSED] - println(restUrl.toString()): null

2020-10-13 11:14:43 - [TEST_STEP][PASSED] - println(httpBody.toString()): null

2020-10-13 11:14:43 - [TEST_STEP][PASSED] - log.logInfo("-------> Request Url= " + restUrl.toString()): -------> Request Url= https://sandbox-api.marqeta.com/v3/cardproducts

2020-10-13 11:14:43 - [MESSAGE][INFO] - -------> Request Url= https://sandbox-api.marqeta.com/v3/cardproducts

2020-10-13 11:14:43 - [TEST_STEP][PASSED] - log.logInfo("-------> Request Body= " + httpBody.toString()): -------> Request Body= {
  "start_date": "2020-09-10",
  "name": "Example Card Product",
  "config": {
    "fulfillment": {
      "payment_instrument":"VIRTUAL_PAN"
     },
    "poi": {
      "ecommerce": true,
      "atm": "true"
    },
    "card_life_cycle": {
      "activate_upon_issue": true
    }
  }
}

2020-10-13 11:14:43 - [MESSAGE][INFO] - -------> Request Body= {
  "start_date": "2020-09-10",
  "name": "Example Card Product",
  "config": {
    "fulfillment": {
      "payment_instrument":"VIRTUAL_PAN"
     },
    "poi": {
      "ecommerce": true,
      "atm": "true"
    },
    "card_life_cycle": {
      "activate_upon_issue": true
    }
  }
}

2020-10-13 11:14:43 - [TEST_STEP][PASSED] - response = getInstance().getCurrentResponse(): null

2020-10-13 11:14:43 - [TEST_STEP][PASSED] - println(responseBodyContent.toString()): null

2020-10-13 11:14:43 - [TEST_STEP][PASSED] - log.logInfo("-------> Response Body= " + responseBodyContent.toString()): -------> Response Body= {
  "token" : "918b980e-9362-4ecb-8ca2-f3c74e6d126f",
  "name" : "Example Card Product",
  "active" : true,
  "start_date" : "2020-09-10",
  "config" : {
    "poi" : {
      "other" : {
        "allow" : true,
        "card_presence_required" : false,
        "cardholder_presence_required" : false
      },
      "ecommerce" : true,
      "atm" : true
    },
    "transaction_controls" : {
      "accepted_countries_token" : "accept_us_only",
      "always_require_pin" : false,
      "always_require_icc" : false,
      "allow_gpa_auth" : true,
      "require_card_not_present_card_security_code" : false,
      "allow_mcc_group_authorization_controls" : true,
      "allow_first_pin_set_via_financial_transaction" : false,
      "ignore_card_suspended_state" : false,
      "allow_chip_fallback" : true,
      "allow_network_load" : false,
      "allow_network_load_card_activation" : false,
      "allow_quasi_cash" : false,
      "enable_partial_auth_approval" : true,
      "address_verification" : {
        "av_messages" : {
          "validate" : true,
          "decline_on_address_number_mismatch" : false,
          "decline_on_postal_code_mismatch" : true
        },
        "auth_messages" : {
          "validate" : true,
          "decline_on_address_number_mismatch" : false,
          "decline_on_postal_code_mismatch" : false
        }
      },
      "strong_customer_authentication_limits" : { }
    },
    "selective_auth" : {
      "sa_mode" : 1,
      "enable_regex_search_chain" : false,
      "dmd_location_sensitivity" : 0
    },
    "special" : {
      "merchant_on_boarding" : false
    },
    "card_life_cycle" : {
      "activate_upon_issue" : true,
      "expiration_offset" : {
        "unit" : "YEARS",
        "value" : 4
      },
      "card_service_code" : 101,
      "update_expiration_upon_activation" : false
    },
    "clearing_and_settlement" : {
      "overdraft_destination" : "GPA"
    },
    "jit_funding" : {
      "paymentcard_funding_source" : {
        "enabled" : false,
        "refunds_destination" : ""
      },
      "programgateway_funding_source" : {
        "enabled" : false,
        "funding_source_token" : "",
        "refunds_destination" : "",
        "always_fund" : true
      },
      "program_funding_source" : {
        "enabled" : false,
        "funding_source_token" : "",
        "refunds_destination" : ""
      }
    },
    "digital_wallet_tokenization" : {
      "provisioning_controls" : {
        "manual_entry" : {
          "enabled" : false,
          "address_verification" : {
            "validate" : true
          }
        },
        "wallet_provider_card_on_file" : {
          "enabled" : false,
          "address_verification" : {
            "validate" : true
          }
        },
        "in_app_provisioning" : {
          "enabled" : false,
          "address_verification" : {
            "validate" : true
          }
        }
      },
      "card_art_id" : ""
    },
    "fulfillment" : {
      "payment_instrument" : "VIRTUAL_PAN",
      "package_id" : "0",
      "all_zero_card_security_code" : false,
      "bin_prefix" : "111111",
      "bulk_ship" : false,
      "pan_length" : "16",
      "fulfillment_provider" : "PERFECTPLASTIC",
      "allow_card_creation" : true,
      "uppercase_name_lines" : true,
      "enable_offline_pin" : false
    }
  },
  "created_time" : "2020-10-13T16:14:43Z",
  "last_modified_time" : "2020-10-13T16:14:43Z"
}

2020-10-13 11:14:43 - [MESSAGE][INFO] - -------> Response Body= {
  "token" : "918b980e-9362-4ecb-8ca2-f3c74e6d126f",
  "name" : "Example Card Product",
  "active" : true,
  "start_date" : "2020-09-10",
  "config" : {
    "poi" : {
      "other" : {
        "allow" : true,
        "card_presence_required" : false,
        "cardholder_presence_required" : false
      },
      "ecommerce" : true,
      "atm" : true
    },
    "transaction_controls" : {
      "accepted_countries_token" : "accept_us_only",
      "always_require_pin" : false,
      "always_require_icc" : false,
      "allow_gpa_auth" : true,
      "require_card_not_present_card_security_code" : false,
      "allow_mcc_group_authorization_controls" : true,
      "allow_first_pin_set_via_financial_transaction" : false,
      "ignore_card_suspended_state" : false,
      "allow_chip_fallback" : true,
      "allow_network_load" : false,
      "allow_network_load_card_activation" : false,
      "allow_quasi_cash" : false,
      "enable_partial_auth_approval" : true,
      "address_verification" : {
        "av_messages" : {
          "validate" : true,
          "decline_on_address_number_mismatch" : false,
          "decline_on_postal_code_mismatch" : true
        },
        "auth_messages" : {
          "validate" : true,
          "decline_on_address_number_mismatch" : false,
          "decline_on_postal_code_mismatch" : false
        }
      },
      "strong_customer_authentication_limits" : { }
    },
    "selective_auth" : {
      "sa_mode" : 1,
      "enable_regex_search_chain" : false,
      "dmd_location_sensitivity" : 0
    },
    "special" : {
      "merchant_on_boarding" : false
    },
    "card_life_cycle" : {
      "activate_upon_issue" : true,
      "expiration_offset" : {
        "unit" : "YEARS",
        "value" : 4
      },
      "card_service_code" : 101,
      "update_expiration_upon_activation" : false
    },
    "clearing_and_settlement" : {
      "overdraft_destination" : "GPA"
    },
    "jit_funding" : {
      "paymentcard_funding_source" : {
        "enabled" : false,
        "refunds_destination" : ""
      },
      "programgateway_funding_source" : {
        "enabled" : false,
        "funding_source_token" : "",
        "refunds_destination" : "",
        "always_fund" : true
      },
      "program_funding_source" : {
        "enabled" : false,
        "funding_source_token" : "",
        "refunds_destination" : ""
      }
    },
    "digital_wallet_tokenization" : {
      "provisioning_controls" : {
        "manual_entry" : {
          "enabled" : false,
          "address_verification" : {
            "validate" : true
          }
        },
        "wallet_provider_card_on_file" : {
          "enabled" : false,
          "address_verification" : {
            "validate" : true
          }
        },
        "in_app_provisioning" : {
          "enabled" : false,
          "address_verification" : {
            "validate" : true
          }
        }
      },
      "card_art_id" : ""
    },
    "fulfillment" : {
      "payment_instrument" : "VIRTUAL_PAN",
      "package_id" : "0",
      "all_zero_card_security_code" : false,
      "bin_prefix" : "111111",
      "bulk_ship" : false,
      "pan_length" : "16",
      "fulfillment_provider" : "PERFECTPLASTIC",
      "allow_card_creation" : true,
      "uppercase_name_lines" : true,
      "enable_offline_pin" : false
    }
  },
  "created_time" : "2020-10-13T16:14:43Z",
  "last_modified_time" : "2020-10-13T16:14:43Z"
}

2020-10-13 11:14:43 - [TEST_STEP][PASSED] - jsonSlurper = new groovy.json.JsonSlurper(): null

2020-10-13 11:14:43 - [TEST_STEP][PASSED] - jsonResponse = jsonSlurper.parseText(response.getResponseText()): null

2020-10-13 11:14:43 - [TEST_STEP][PASSED] - assert token != null: null

2020-10-13 11:14:43 - [TEST_STEP][PASSED] - println(token): null

2020-10-13 11:14:43 - [TEST_STEP][PASSED] - card_product_token = token: null

2020-10-13 11:14:43 - [TEST_STEP][PASSED] - log.logInfo("-----> card_product_token = " + card_product_token): -----> card_product_token = 918b980e-9362-4ecb-8ca2-f3c74e6d126f

2020-10-13 11:14:43 - [MESSAGE][INFO] - -----> card_product_token = 918b980e-9362-4ecb-8ca2-f3c74e6d126f

2020-10-13 11:14:43 - [TEST_STEP][PASSED] - card_product_token = card_product_token: null

2020-10-13 11:14:43 - [TEST_STEP][PASSED] - log.logInfo("----> GlobalVariable card_product_token = " + card_product_token): ----> GlobalVariable card_product_token = 918b980e-9362-4ecb-8ca2-f3c74e6d126f

2020-10-13 11:14:43 - [MESSAGE][INFO] - ----> GlobalVariable card_product_token = 918b980e-9362-4ecb-8ca2-f3c74e6d126f

2020-10-13 11:14:43 - [TEST_STEP][PASSED] - assert response.getStatusCode() == 201: null

2020-10-13 11:14:43 - [MESSAGE][PASSED] - Verify response successfully

2020-10-13 11:14:43 - [MESSAGE][PASSED] - Send request and verify the response successfully

2020-10-13 11:14:43 - [MESSAGE][INFO] - -----> card_product_token = 918b980e-9362-4ecb-8ca2-f3c74e6d126f

2020-10-13 11:14:43 - [MESSAGE][INFO] - ----> GlobalVariable card_product_token = 918b980e-9362-4ecb-8ca2-f3c74e6d126f

2020-10-13 11:14:43 - [MESSAGE][PASSED] - detailed_Onboarding.detailed_onboarding.createCardProduct is PASSED

2020-10-13 11:14:43 - [TEST_STEP][PASSED] - funding_source_token = detailed_Onboarding.detailed_onboarding.createCardFundingSource(program_name): detailed_Onboarding.detailed_onboarding.createCardFundingSource is PASSED

2020-10-13 11:14:43 - [MESSAGE][INFO] - HAR: /Users/csmall/ApiAutomationProject/Reports/20201013_111419/Detailed Test Suite/Detailed_Onboarding_With_Transactions/20201013_111420/requests/main/8.har

2020-10-13 11:14:43 - [TEST_CASE][PASSED] - Start Test Case : Verification: Verification accomplished successfully

2020-10-13 11:14:43 - [TEST_STEP][PASSED] - log = new com.kms.katalon.core.logging.KeywordLogger(): null

2020-10-13 11:14:43 - [TEST_STEP][PASSED] - request = getInstance().getCurrentRequest(): null

2020-10-13 11:14:43 - [TEST_STEP][PASSED] - println(restUrl.toString()): null

2020-10-13 11:14:43 - [TEST_STEP][PASSED] - println(httpBody.toString()): null

2020-10-13 11:14:43 - [TEST_STEP][PASSED] - log.logInfo("-------> Request Url= " + restUrl.toString()): -------> Request Url= https://sandbox-api.marqeta.com/v3/fundingsources/program

2020-10-13 11:14:43 - [MESSAGE][INFO] - -------> Request Url= https://sandbox-api.marqeta.com/v3/fundingsources/program

2020-10-13 11:14:43 - [TEST_STEP][PASSED] - log.logInfo("-------> Request Body= " + httpBody.toString()): -------> Request Body= {
  "name": "Program Funding"
}

2020-10-13 11:14:43 - [MESSAGE][INFO] - -------> Request Body= {
  "name": "Program Funding"
}

2020-10-13 11:14:43 - [TEST_STEP][PASSED] - response = getInstance().getCurrentResponse(): null

2020-10-13 11:14:43 - [TEST_STEP][PASSED] - println(responseBodyContent.toString()): null

2020-10-13 11:14:43 - [TEST_STEP][PASSED] - log.logInfo("-------> Response Body= " + responseBodyContent.toString()): -------> Response Body= {
  "name" : "Program Funding",
  "active" : true,
  "token" : "e0f585e7-3c9c-4692-84fa-b80910acd167",
  "created_time" : "2020-10-13T16:14:43Z",
  "last_modified_time" : "2020-10-13T16:14:43Z",
  "account" : "12.003.001.000000"
}

2020-10-13 11:14:43 - [MESSAGE][INFO] - -------> Response Body= {
  "name" : "Program Funding",
  "active" : true,
  "token" : "e0f585e7-3c9c-4692-84fa-b80910acd167",
  "created_time" : "2020-10-13T16:14:43Z",
  "last_modified_time" : "2020-10-13T16:14:43Z",
  "account" : "12.003.001.000000"
}

2020-10-13 11:14:43 - [TEST_STEP][PASSED] - jsonSlurper = new groovy.json.JsonSlurper(): null

2020-10-13 11:14:43 - [TEST_STEP][PASSED] - jsonResponse = jsonSlurper.parseText(response.getResponseText()): null

2020-10-13 11:14:43 - [TEST_STEP][PASSED] - assert token != null: null

2020-10-13 11:14:43 - [TEST_STEP][PASSED] - println(token): null

2020-10-13 11:14:43 - [TEST_STEP][PASSED] - funding_token = token: null

2020-10-13 11:14:43 - [TEST_STEP][PASSED] - log.logInfo("-----> funding_token = " + funding_token): -----> funding_token = e0f585e7-3c9c-4692-84fa-b80910acd167

2020-10-13 11:14:43 - [MESSAGE][INFO] - -----> funding_token = e0f585e7-3c9c-4692-84fa-b80910acd167

2020-10-13 11:14:43 - [TEST_STEP][PASSED] - funding_token = funding_token: null

2020-10-13 11:14:43 - [TEST_STEP][PASSED] - log.logInfo("----> GlobalVariable funding_token = " + funding_token): ----> GlobalVariable funding_token = e0f585e7-3c9c-4692-84fa-b80910acd167

2020-10-13 11:14:43 - [MESSAGE][INFO] - ----> GlobalVariable funding_token = e0f585e7-3c9c-4692-84fa-b80910acd167

2020-10-13 11:14:43 - [TEST_STEP][PASSED] - assert response.getStatusCode() == 201: null

2020-10-13 11:14:43 - [MESSAGE][PASSED] - Verify response successfully

2020-10-13 11:14:43 - [MESSAGE][PASSED] - Send request and verify the response successfully

2020-10-13 11:14:43 - [MESSAGE][INFO] - -----> funding_source_token = e0f585e7-3c9c-4692-84fa-b80910acd167

2020-10-13 11:14:43 - [MESSAGE][INFO] - ----> GlobalVariable funding_source_token = e0f585e7-3c9c-4692-84fa-b80910acd167

2020-10-13 11:14:43 - [MESSAGE][PASSED] - detailed_Onboarding.detailed_onboarding.createCardFundingSource is PASSED

2020-10-13 11:14:43 - [TEST_STEP][PASSED] - user_token = detailed_Onboarding.detailed_onboarding.createDetailedUser(user_first_name, user_middle_name, user_last_name, active, user_password, phone, gender, user_email, ssn_expiration_date, user_id_type, user_address1, city, user_state, country, birth_date, corporate_card_holder, user_ssn, id_card_number, id_card_expiration_date, nationality, company, uses_parent_account, user_postal_code): detailed_Onboarding.detailed_onboarding.createDetailedUser is PASSED

2020-10-13 11:14:44 - [MESSAGE][INFO] - HAR: /Users/csmall/ApiAutomationProject/Reports/20201013_111419/Detailed Test Suite/Detailed_Onboarding_With_Transactions/20201013_111420/requests/main/9.har

2020-10-13 11:14:44 - [TEST_CASE][PASSED] - Start Test Case : Verification: Verification accomplished successfully

2020-10-13 11:14:44 - [TEST_STEP][PASSED] - log = new com.kms.katalon.core.logging.KeywordLogger(): null

2020-10-13 11:14:44 - [TEST_STEP][PASSED] - request = getInstance().getCurrentRequest(): null

2020-10-13 11:14:44 - [TEST_STEP][PASSED] - println(restUrl.toString()): null

2020-10-13 11:14:44 - [TEST_STEP][PASSED] - println(httpBody.toString()): null

2020-10-13 11:14:44 - [TEST_STEP][PASSED] - log.logInfo("-------> Request Url= " + restUrl.toString()): -------> Request Url= https://sandbox-api.marqeta.com/v3/users

2020-10-13 11:14:44 - [MESSAGE][INFO] - -------> Request Url= https://sandbox-api.marqeta.com/v3/users

2020-10-13 11:14:44 - [TEST_STEP][PASSED] - log.logInfo("-------> Request Body= " + httpBody.toString()): -------> Request Body= {
    "first_name": "Chaseuser",
    "last_name": "Smalluser",
    "active": true
}

2020-10-13 11:14:44 - [MESSAGE][INFO] - -------> Request Body= {
    "first_name": "Chaseuser",
    "last_name": "Smalluser",
    "active": true
}

2020-10-13 11:14:44 - [TEST_STEP][PASSED] - response = getInstance().getCurrentResponse(): null

2020-10-13 11:14:44 - [TEST_STEP][PASSED] - println(responseBodyContent.toString()): null

2020-10-13 11:14:44 - [TEST_STEP][PASSED] - log.logInfo("-------> Response Body= " + responseBodyContent.toString()): -------> Response Body= {
  "token" : "70c651ab-b3b7-4682-806a-d0660e8cbba6",
  "active" : true,
  "first_name" : "Chaseuser",
  "last_name" : "Smalluser",
  "uses_parent_account" : false,
  "corporate_card_holder" : false,
  "created_time" : "2020-10-13T16:14:44Z",
  "last_modified_time" : "2020-10-13T16:14:44Z",
  "metadata" : { },
  "account_holder_group_token" : "DEFAULT_AHG",
  "status" : "ACTIVE",
  "deposit_account" : {
    "token" : "0b616c46-5bad-4a6a-a635-93cb531f343a",
    "account_number" : "40013372370150561",
    "routing_number" : "293748000",
    "allow_immediate_credit" : false
  }
}

2020-10-13 11:14:44 - [MESSAGE][INFO] - -------> Response Body= {
  "token" : "70c651ab-b3b7-4682-806a-d0660e8cbba6",
  "active" : true,
  "first_name" : "Chaseuser",
  "last_name" : "Smalluser",
  "uses_parent_account" : false,
  "corporate_card_holder" : false,
  "created_time" : "2020-10-13T16:14:44Z",
  "last_modified_time" : "2020-10-13T16:14:44Z",
  "metadata" : { },
  "account_holder_group_token" : "DEFAULT_AHG",
  "status" : "ACTIVE",
  "deposit_account" : {
    "token" : "0b616c46-5bad-4a6a-a635-93cb531f343a",
    "account_number" : "40013372370150561",
    "routing_number" : "293748000",
    "allow_immediate_credit" : false
  }
}

2020-10-13 11:14:44 - [TEST_STEP][PASSED] - jsonSlurper = new groovy.json.JsonSlurper(): null

2020-10-13 11:14:44 - [TEST_STEP][PASSED] - jsonResponse = jsonSlurper.parseText(response.getResponseText()): null

2020-10-13 11:14:44 - [TEST_STEP][PASSED] - assert token != null: null

2020-10-13 11:14:44 - [TEST_STEP][PASSED] - println(token): null

2020-10-13 11:14:44 - [TEST_STEP][PASSED] - user_token = token: null

2020-10-13 11:14:44 - [TEST_STEP][PASSED] - log.logInfo("-----> user_token = " + user_token): -----> user_token = 70c651ab-b3b7-4682-806a-d0660e8cbba6

2020-10-13 11:14:44 - [MESSAGE][INFO] - -----> user_token = 70c651ab-b3b7-4682-806a-d0660e8cbba6

2020-10-13 11:14:44 - [TEST_STEP][PASSED] - user_token = user_token: null

2020-10-13 11:14:44 - [TEST_STEP][PASSED] - log.logInfo("----> GlobalVariable user_token = " + user_token): ----> GlobalVariable user_token = 70c651ab-b3b7-4682-806a-d0660e8cbba6

2020-10-13 11:14:44 - [MESSAGE][INFO] - ----> GlobalVariable user_token = 70c651ab-b3b7-4682-806a-d0660e8cbba6

2020-10-13 11:14:44 - [TEST_STEP][PASSED] - assert response.getStatusCode() == 201: null

2020-10-13 11:14:44 - [MESSAGE][PASSED] - Verify response successfully

2020-10-13 11:14:44 - [MESSAGE][PASSED] - Send request and verify the response successfully

2020-10-13 11:14:44 - [MESSAGE][INFO] - -----> user_token = 70c651ab-b3b7-4682-806a-d0660e8cbba6

2020-10-13 11:14:44 - [MESSAGE][INFO] - ----> GlobalVariable user_token = 70c651ab-b3b7-4682-806a-d0660e8cbba6

2020-10-13 11:14:44 - [MESSAGE][PASSED] - detailed_Onboarding.detailed_onboarding.createDetailedUser is PASSED

2020-10-13 11:14:44 - [TEST_STEP][PASSED] - card_token = detailed_Onboarding.detailed_onboarding.createCard(user_token, card_product_token): detailed_Onboarding.detailed_onboarding.createCard is PASSED

2020-10-13 11:14:45 - [MESSAGE][INFO] - HAR: /Users/csmall/ApiAutomationProject/Reports/20201013_111419/Detailed Test Suite/Detailed_Onboarding_With_Transactions/20201013_111420/requests/main/10.har

2020-10-13 11:14:45 - [TEST_CASE][PASSED] - Start Test Case : Verification: Verification accomplished successfully

2020-10-13 11:14:45 - [TEST_STEP][PASSED] - log = new com.kms.katalon.core.logging.KeywordLogger(): null

2020-10-13 11:14:45 - [TEST_STEP][PASSED] - request = getInstance().getCurrentRequest(): null

2020-10-13 11:14:45 - [TEST_STEP][PASSED] - println(restUrl.toString()): null

2020-10-13 11:14:45 - [TEST_STEP][PASSED] - println(httpBody.toString()): null

2020-10-13 11:14:45 - [TEST_STEP][PASSED] - log.logInfo("-------> Request Url= " + restUrl.toString()): -------> Request Url= https://sandbox-api.marqeta.com/v3/cards

2020-10-13 11:14:45 - [MESSAGE][INFO] - -------> Request Url= https://sandbox-api.marqeta.com/v3/cards

2020-10-13 11:14:45 - [TEST_STEP][PASSED] - log.logInfo("-------> Request Body= " + httpBody.toString()): -------> Request Body= {
  "user_token": "70c651ab-b3b7-4682-806a-d0660e8cbba6",
  "card_product_token": "918b980e-9362-4ecb-8ca2-f3c74e6d126f"
}

2020-10-13 11:14:45 - [MESSAGE][INFO] - -------> Request Body= {
  "user_token": "70c651ab-b3b7-4682-806a-d0660e8cbba6",
  "card_product_token": "918b980e-9362-4ecb-8ca2-f3c74e6d126f"
}

2020-10-13 11:14:45 - [TEST_STEP][PASSED] - response = getInstance().getCurrentResponse(): null

2020-10-13 11:14:45 - [TEST_STEP][PASSED] - println(responseBodyContent.toString()): null

2020-10-13 11:14:45 - [TEST_STEP][PASSED] - log.logInfo("-------> Response Body= " + responseBodyContent.toString()): -------> Response Body= {
  "created_time" : "2020-10-13T16:14:45Z",
  "last_modified_time" : "2020-10-13T16:14:45Z",
  "token" : "a7e1db0d-b5c0-42b8-b49d-678ba3448746",
  "user_token" : "70c651ab-b3b7-4682-806a-d0660e8cbba6",
  "card_product_token" : "918b980e-9362-4ecb-8ca2-f3c74e6d126f",
  "last_four" : "9303",
  "pan" : "111111______9303",
  "expiration" : "1024",
  "expiration_time" : "2024-10-31T23:59:59Z",
  "barcode" : "41817571728091283193",
  "pin_is_set" : false,
  "state" : "ACTIVE",
  "state_reason" : "New card activated",
  "fulfillment_status" : "ISSUED",
  "instrument_type" : "VIRTUAL_PAN",
  "expedite" : false,
  "metadata" : { }
}

2020-10-13 11:14:45 - [MESSAGE][INFO] - -------> Response Body= {
  "created_time" : "2020-10-13T16:14:45Z",
  "last_modified_time" : "2020-10-13T16:14:45Z",
  "token" : "a7e1db0d-b5c0-42b8-b49d-678ba3448746",
  "user_token" : "70c651ab-b3b7-4682-806a-d0660e8cbba6",
  "card_product_token" : "918b980e-9362-4ecb-8ca2-f3c74e6d126f",
  "last_four" : "9303",
  "pan" : "111111______9303",
  "expiration" : "1024",
  "expiration_time" : "2024-10-31T23:59:59Z",
  "barcode" : "41817571728091283193",
  "pin_is_set" : false,
  "state" : "ACTIVE",
  "state_reason" : "New card activated",
  "fulfillment_status" : "ISSUED",
  "instrument_type" : "VIRTUAL_PAN",
  "expedite" : false,
  "metadata" : { }
}

2020-10-13 11:14:45 - [TEST_STEP][PASSED] - jsonSlurper = new groovy.json.JsonSlurper(): null

2020-10-13 11:14:45 - [TEST_STEP][PASSED] - jsonResponse = jsonSlurper.parseText(response.getResponseText()): null

2020-10-13 11:14:45 - [TEST_STEP][PASSED] - assert token != null: null

2020-10-13 11:14:45 - [TEST_STEP][PASSED] - println(token): null

2020-10-13 11:14:45 - [TEST_STEP][PASSED] - card_token = token: null

2020-10-13 11:14:45 - [TEST_STEP][PASSED] - log.logInfo("-----> card_token = " + card_token): -----> card_token = a7e1db0d-b5c0-42b8-b49d-678ba3448746

2020-10-13 11:14:45 - [MESSAGE][INFO] - -----> card_token = a7e1db0d-b5c0-42b8-b49d-678ba3448746

2020-10-13 11:14:45 - [TEST_STEP][PASSED] - card_token = card_token: null

2020-10-13 11:14:45 - [TEST_STEP][PASSED] - log.logInfo("----> GlobalVariable card_token = " + card_token): ----> GlobalVariable card_token = a7e1db0d-b5c0-42b8-b49d-678ba3448746

2020-10-13 11:14:45 - [MESSAGE][INFO] - ----> GlobalVariable card_token = a7e1db0d-b5c0-42b8-b49d-678ba3448746

2020-10-13 11:14:45 - [TEST_STEP][PASSED] - assert response.getStatusCode() == 201: null

2020-10-13 11:14:45 - [MESSAGE][PASSED] - Verify response successfully

2020-10-13 11:14:45 - [MESSAGE][PASSED] - Send request and verify the response successfully

2020-10-13 11:14:45 - [MESSAGE][INFO] - -----> card_token = a7e1db0d-b5c0-42b8-b49d-678ba3448746

2020-10-13 11:14:45 - [MESSAGE][INFO] - ----> GlobalVariable card_token = a7e1db0d-b5c0-42b8-b49d-678ba3448746

2020-10-13 11:14:45 - [MESSAGE][PASSED] - detailed_Onboarding.detailed_onboarding.createCard is PASSED

2020-10-13 11:14:45 - [TEST_STEP][PASSED] - gpa_token = detailed_Onboarding.detailed_onboarding.createGpaOrder(user_token, gpaamount, currency_code, funding_source_token): detailed_Onboarding.detailed_onboarding.createGpaOrder is PASSED

2020-10-13 11:14:46 - [MESSAGE][INFO] - HAR: /Users/csmall/ApiAutomationProject/Reports/20201013_111419/Detailed Test Suite/Detailed_Onboarding_With_Transactions/20201013_111420/requests/main/11.har

2020-10-13 11:14:46 - [TEST_CASE][PASSED] - Start Test Case : Verification: Verification accomplished successfully

2020-10-13 11:14:46 - [TEST_STEP][PASSED] - log = new com.kms.katalon.core.logging.KeywordLogger(): null

2020-10-13 11:14:46 - [TEST_STEP][PASSED] - request = getInstance().getCurrentRequest(): null

2020-10-13 11:14:46 - [TEST_STEP][PASSED] - println(restUrl.toString()): null

2020-10-13 11:14:46 - [TEST_STEP][PASSED] - println(httpBody.toString()): null

2020-10-13 11:14:46 - [TEST_STEP][PASSED] - log.logInfo("-------> Request Url= " + restUrl.toString()): -------> Request Url= https://sandbox-api.marqeta.com/v3/gpaorders

2020-10-13 11:14:46 - [MESSAGE][INFO] - -------> Request Url= https://sandbox-api.marqeta.com/v3/gpaorders

2020-10-13 11:14:46 - [TEST_STEP][PASSED] - log.logInfo("-------> Request Body= " + httpBody.toString()): -------> Request Body= {
  "user_token": "70c651ab-b3b7-4682-806a-d0660e8cbba6",
  "amount": "10000",
  "currency_code": "USD",
  "funding_source_token": "e0f585e7-3c9c-4692-84fa-b80910acd167"
}

2020-10-13 11:14:46 - [MESSAGE][INFO] - -------> Request Body= {
  "user_token": "70c651ab-b3b7-4682-806a-d0660e8cbba6",
  "amount": "10000",
  "currency_code": "USD",
  "funding_source_token": "e0f585e7-3c9c-4692-84fa-b80910acd167"
}

2020-10-13 11:14:46 - [TEST_STEP][PASSED] - response = getInstance().getCurrentResponse(): null

2020-10-13 11:14:46 - [TEST_STEP][PASSED] - println(responseBodyContent.toString()): null

2020-10-13 11:14:46 - [TEST_STEP][PASSED] - log.logInfo("-------> Response Body= " + responseBodyContent.toString()): -------> Response Body= {
  "token" : "9d495439-b995-4119-a4a9-fda265636415",
  "amount" : 10000,
  "created_time" : "2020-10-13T16:14:46Z",
  "last_modified_time" : "2020-10-13T16:14:46Z",
  "transaction_token" : "2f4908a6-8641-4bf7-91f3-6235d6a1f6c4",
  "state" : "COMPLETION",
  "response" : {
    "code" : "0000",
    "memo" : "Approved or completed successfully"
  },
  "funding" : {
    "amount" : 10000,
    "source" : {
      "type" : "program",
      "token" : "**********d167",
      "active" : true,
      "name" : "Program Funding",
      "is_default_account" : false,
      "created_time" : "2020-10-13T16:14:43Z",
      "last_modified_time" : "2020-10-13T16:14:43Z"
    }
  },
  "funding_source_token" : "**********d167",
  "user_token" : "70c651ab-b3b7-4682-806a-d0660e8cbba6",
  "currency_code" : "USD"
}

2020-10-13 11:14:46 - [MESSAGE][INFO] - -------> Response Body= {
  "token" : "9d495439-b995-4119-a4a9-fda265636415",
  "amount" : 10000,
  "created_time" : "2020-10-13T16:14:46Z",
  "last_modified_time" : "2020-10-13T16:14:46Z",
  "transaction_token" : "2f4908a6-8641-4bf7-91f3-6235d6a1f6c4",
  "state" : "COMPLETION",
  "response" : {
    "code" : "0000",
    "memo" : "Approved or completed successfully"
  },
  "funding" : {
    "amount" : 10000,
    "source" : {
      "type" : "program",
      "token" : "**********d167",
      "active" : true,
      "name" : "Program Funding",
      "is_default_account" : false,
      "created_time" : "2020-10-13T16:14:43Z",
      "last_modified_time" : "2020-10-13T16:14:43Z"
    }
  },
  "funding_source_token" : "**********d167",
  "user_token" : "70c651ab-b3b7-4682-806a-d0660e8cbba6",
  "currency_code" : "USD"
}

2020-10-13 11:14:46 - [TEST_STEP][PASSED] - jsonSlurper = new groovy.json.JsonSlurper(): null

2020-10-13 11:14:46 - [TEST_STEP][PASSED] - jsonResponse = jsonSlurper.parseText(response.getResponseText()): null

2020-10-13 11:14:46 - [TEST_STEP][PASSED] - assert token != null: null

2020-10-13 11:14:46 - [TEST_STEP][PASSED] - println(token): null

2020-10-13 11:14:46 - [TEST_STEP][PASSED] - gpa_token = token: null

2020-10-13 11:14:46 - [TEST_STEP][PASSED] - log.logInfo("-----> gpa_token = " + gpa_token): -----> gpa_token = 9d495439-b995-4119-a4a9-fda265636415

2020-10-13 11:14:46 - [MESSAGE][INFO] - -----> gpa_token = 9d495439-b995-4119-a4a9-fda265636415

2020-10-13 11:14:46 - [TEST_STEP][PASSED] - user_token = gpa_token: null

2020-10-13 11:14:46 - [TEST_STEP][PASSED] - log.logInfo("----> GlobalVariable gpa_token = " + gpa_token): ----> GlobalVariable gpa_token = 18cb7773-137d-4a97-8675-4ee9bc23d095

2020-10-13 11:14:46 - [MESSAGE][INFO] - ----> GlobalVariable gpa_token = 18cb7773-137d-4a97-8675-4ee9bc23d095

2020-10-13 11:14:46 - [TEST_STEP][PASSED] - assert response.getStatusCode() == 201: null

2020-10-13 11:14:46 - [MESSAGE][PASSED] - Verify response successfully

2020-10-13 11:14:46 - [MESSAGE][PASSED] - Send request and verify the response successfully

2020-10-13 11:14:46 - [MESSAGE][INFO] - -----> gpa_token = 9d495439-b995-4119-a4a9-fda265636415

2020-10-13 11:14:46 - [MESSAGE][INFO] - ----> GlobalVariable gpa_token = 9d495439-b995-4119-a4a9-fda265636415

2020-10-13 11:14:46 - [MESSAGE][PASSED] - detailed_Onboarding.detailed_onboarding.createGpaOrder is PASSED

2020-10-13 11:14:46 - [TEST_STEP][PASSED] - original_transaction_token = detailed_Onboarding.detailed_onboarding.createTransAuth(card_token, trans_amount1, mid, beeceptor_create_transaction, beeceptor_username, beeceptor_password): detailed_Onboarding.detailed_onboarding.createTransAuth is PASSED

2020-10-13 11:14:47 - [MESSAGE][INFO] - HAR: /Users/csmall/ApiAutomationProject/Reports/20201013_111419/Detailed Test Suite/Detailed_Onboarding_With_Transactions/20201013_111420/requests/main/12.har

2020-10-13 11:14:47 - [TEST_CASE][PASSED] - Start Test Case : Verification: Verification accomplished successfully

2020-10-13 11:14:47 - [TEST_STEP][PASSED] - log = new com.kms.katalon.core.logging.KeywordLogger(): null

2020-10-13 11:14:47 - [TEST_STEP][PASSED] - request = getInstance().getCurrentRequest(): null

2020-10-13 11:14:47 - [TEST_STEP][PASSED] - println(restUrl.toString()): null

2020-10-13 11:14:47 - [TEST_STEP][PASSED] - println(httpBody.toString()): null

2020-10-13 11:14:47 - [TEST_STEP][PASSED] - log.logInfo("-------> Request Url= " + restUrl.toString()): -------> Request Url= https://sandbox-api.marqeta.com/v3/simulate/authorization

[...]
          "enabled" : false,
          "address_verification" : {
            "validate" : true
          }
        },
        "wallet_provider_card_on_file" : {
          "enabled" : false,
          "address_verification" : {
            "validate" : true
          }
        },
        "in_app_provisioning" : {
          "enabled" : false,
          "address_verification" : {
            "validate" : true
          }
        }
      },
      "card_art_id" : ""
    },
    "fulfillment" : {
      "payment_instrument" : "VIRTUAL_PAN",
      "package_id" : "0",
      "all_zero_card_security_code" : false,
      "bin_prefix" : "111111",
      "bulk_ship" : false,
      "pan_length" : "16",
      "fulfillment_provider" : "PERFECTPLASTIC",
      "allow_card_creation" : true,
      "uppercase_name_lines" : true,
      "enable_offline_pin" : false
    }
  },
  "created_time" : "2020-10-13T16:15:19Z",
  "last_modified_time" : "2020-10-13T16:15:19Z"
}

2020-10-13 11:15:19 - [MESSAGE][INFO] - -------> Response Body= {
  "token" : "ef93ff66-8e0b-4721-855a-cbe78d29b41d",
  "name" : "Example Card Product",
  "active" : true,
  "start_date" : "2020-09-10",
  "config" : {
    "poi" : {
      "other" : {
        "allow" : true,
        "card_presence_required" : false,
        "cardholder_presence_required" : false
      },
      "ecommerce" : true,
      "atm" : true
    },
    "transaction_controls" : {
      "accepted_countries_token" : "accept_us_only",
      "always_require_pin" : false,
      "always_require_icc" : false,
      "allow_gpa_auth" : true,
      "require_card_not_present_card_security_code" : false,
      "allow_mcc_group_authorization_controls" : true,
      "allow_first_pin_set_via_financial_transaction" : false,
      "ignore_card_suspended_state" : false,
      "allow_chip_fallback" : true,
      "allow_network_load" : false,
      "allow_network_load_card_activation" : false,
      "allow_quasi_cash" : false,
      "enable_partial_auth_approval" : true,
      "address_verification" : {
        "av_messages" : {
          "validate" : true,
          "decline_on_address_number_mismatch" : false,
          "decline_on_postal_code_mismatch" : true
        },
        "auth_messages" : {
          "validate" : true,
          "decline_on_address_number_mismatch" : false,
          "decline_on_postal_code_mismatch" : false
        }
      },
      "strong_customer_authentication_limits" : { }
    },
    "selective_auth" : {
      "sa_mode" : 1,
      "enable_regex_search_chain" : false,
      "dmd_location_sensitivity" : 0
    },
    "special" : {
      "merchant_on_boarding" : false
    },
    "card_life_cycle" : {
      "activate_upon_issue" : true,
      "expiration_offset" : {
        "unit" : "YEARS",
        "value" : 4
      },
      "card_service_code" : 101,
      "update_expiration_upon_activation" : false
    },
    "clearing_and_settlement" : {
      "overdraft_destination" : "GPA"
    },
    "jit_funding" : {
      "paymentcard_funding_source" : {
        "enabled" : false,
        "refunds_destination" : ""
      },
      "programgateway_funding_source" : {
        "enabled" : false,
        "funding_source_token" : "",
        "refunds_destination" : "",
        "always_fund" : true
      },
      "program_funding_source" : {
        "enabled" : false,
        "funding_source_token" : "",
        "refunds_destination" : ""
      }
    },
    "digital_wallet_tokenization" : {
      "provisioning_controls" : {
        "manual_entry" : {
          "enabled" : false,
          "address_verification" : {
            "validate" : true
          }
        },
        "wallet_provider_card_on_file" : {
          "enabled" : false,
          "address_verification" : {
            "validate" : true
          }
        },
        "in_app_provisioning" : {
          "enabled" : false,
          "address_verification" : {
            "validate" : true
          }
        }
      },
      "card_art_id" : ""
    },
    "fulfillment" : {
      "payment_instrument" : "VIRTUAL_PAN",
      "package_id" : "0",
      "all_zero_card_security_code" : false,
      "bin_prefix" : "111111",
      "bulk_ship" : false,
      "pan_length" : "16",
      "fulfillment_provider" : "PERFECTPLASTIC",
      "allow_card_creation" : true,
      "uppercase_name_lines" : true,
      "enable_offline_pin" : false
    }
  },
  "created_time" : "2020-10-13T16:15:19Z",
  "last_modified_time" : "2020-10-13T16:15:19Z"
}

2020-10-13 11:15:19 - [TEST_STEP][PASSED] - jsonSlurper = new groovy.json.JsonSlurper(): null

2020-10-13 11:15:19 - [TEST_STEP][PASSED] - jsonResponse = jsonSlurper.parseText(response.getResponseText()): null

2020-10-13 11:15:19 - [TEST_STEP][PASSED] - assert token != null: null

2020-10-13 11:15:19 - [TEST_STEP][PASSED] - println(token): null

2020-10-13 11:15:19 - [TEST_STEP][PASSED] - card_product_token = token: null

2020-10-13 11:15:19 - [TEST_STEP][PASSED] - log.logInfo("-----> card_product_token = " + card_product_token): -----> card_product_token = ef93ff66-8e0b-4721-855a-cbe78d29b41d

2020-10-13 11:15:19 - [MESSAGE][INFO] - -----> card_product_token = ef93ff66-8e0b-4721-855a-cbe78d29b41d

2020-10-13 11:15:19 - [TEST_STEP][PASSED] - card_product_token = card_product_token: null

2020-10-13 11:15:19 - [TEST_STEP][PASSED] - log.logInfo("----> GlobalVariable card_product_token = " + card_product_token): ----> GlobalVariable card_product_token = ef93ff66-8e0b-4721-855a-cbe78d29b41d

2020-10-13 11:15:19 - [MESSAGE][INFO] - ----> GlobalVariable card_product_token = ef93ff66-8e0b-4721-855a-cbe78d29b41d

2020-10-13 11:15:19 - [TEST_STEP][PASSED] - assert response.getStatusCode() == 201: null

2020-10-13 11:15:19 - [MESSAGE][PASSED] - Verify response successfully

2020-10-13 11:15:19 - [MESSAGE][PASSED] - Send request and verify the response successfully

2020-10-13 11:15:19 - [MESSAGE][INFO] - -----> card_product_token = ef93ff66-8e0b-4721-855a-cbe78d29b41d

2020-10-13 11:15:19 - [MESSAGE][INFO] - ----> GlobalVariable card_product_token = ef93ff66-8e0b-4721-855a-cbe78d29b41d

2020-10-13 11:15:19 - [MESSAGE][PASSED] - api_Basic_Onboarding.api_basic_onboarding.createCardProduct is PASSED

2020-10-13 11:15:19 - [TEST_STEP][PASSED] - program_token = api_Basic_Onboarding.api_basic_onboarding.createCardFundingSource(program_name): api_Basic_Onboarding.api_basic_onboarding.createCardFundingSource is PASSED

2020-10-13 11:15:20 - [MESSAGE][INFO] - HAR: /Users/csmall/ApiAutomationProject/Reports/20201013_111419/Basic Test Suite/Basic_Dev_Onboarding/20201013_111422/requests/main/6.har

2020-10-13 11:15:20 - [TEST_CASE][PASSED] - Start Test Case : Verification: Verification accomplished successfully

2020-10-13 11:15:20 - [TEST_STEP][PASSED] - log = new com.kms.katalon.core.logging.KeywordLogger(): null

2020-10-13 11:15:20 - [TEST_STEP][PASSED] - request = getInstance().getCurrentRequest(): null

2020-10-13 11:15:20 - [TEST_STEP][PASSED] - println(restUrl.toString()): null

2020-10-13 11:15:20 - [TEST_STEP][PASSED] - println(httpBody.toString()): null

2020-10-13 11:15:20 - [TEST_STEP][PASSED] - log.logInfo("-------> Request Url= " + restUrl.toString()): -------> Request Url= https://sandbox-api.marqeta.com/v3/fundingsources/program

2020-10-13 11:15:20 - [MESSAGE][INFO] - -------> Request Url= https://sandbox-api.marqeta.com/v3/fundingsources/program

2020-10-13 11:15:20 - [TEST_STEP][PASSED] - log.logInfo("-------> Request Body= " + httpBody.toString()): -------> Request Body= {
  "name": "Program Funding"
}

2020-10-13 11:15:20 - [MESSAGE][INFO] - -------> Request Body= {
  "name": "Program Funding"
}

2020-10-13 11:15:20 - [TEST_STEP][PASSED] - response = getInstance().getCurrentResponse(): null

2020-10-13 11:15:20 - [TEST_STEP][PASSED] - println(responseBodyContent.toString()): null

2020-10-13 11:15:20 - [TEST_STEP][PASSED] - log.logInfo("-------> Response Body= " + responseBodyContent.toString()): -------> Response Body= {
  "name" : "Program Funding",
  "active" : true,
  "token" : "62dee545-2f8a-48b6-b2a0-9dcac1b196e5",
  "created_time" : "2020-10-13T16:15:20Z",
  "last_modified_time" : "2020-10-13T16:15:20Z",
  "account" : "12.003.001.000000"
}

2020-10-13 11:15:20 - [MESSAGE][INFO] - -------> Response Body= {
  "name" : "Program Funding",
  "active" : true,
  "token" : "62dee545-2f8a-48b6-b2a0-9dcac1b196e5",
  "created_time" : "2020-10-13T16:15:20Z",
  "last_modified_time" : "2020-10-13T16:15:20Z",
  "account" : "12.003.001.000000"
}

2020-10-13 11:15:20 - [TEST_STEP][PASSED] - jsonSlurper = new groovy.json.JsonSlurper(): null

2020-10-13 11:15:20 - [TEST_STEP][PASSED] - jsonResponse = jsonSlurper.parseText(response.getResponseText()): null

2020-10-13 11:15:20 - [TEST_STEP][PASSED] - assert token != null: null

2020-10-13 11:15:20 - [TEST_STEP][PASSED] - println(token): null

2020-10-13 11:15:20 - [TEST_STEP][PASSED] - funding_token = token: null

2020-10-13 11:15:20 - [TEST_STEP][PASSED] - log.logInfo("-----> funding_token = " + funding_token): -----> funding_token = 62dee545-2f8a-48b6-b2a0-9dcac1b196e5

2020-10-13 11:15:20 - [MESSAGE][INFO] - -----> funding_token = 62dee545-2f8a-48b6-b2a0-9dcac1b196e5

2020-10-13 11:15:20 - [TEST_STEP][PASSED] - funding_token = funding_token: null

2020-10-13 11:15:20 - [TEST_STEP][PASSED] - log.logInfo("----> GlobalVariable funding_token = " + funding_token): ----> GlobalVariable funding_token = 62dee545-2f8a-48b6-b2a0-9dcac1b196e5

2020-10-13 11:15:20 - [MESSAGE][INFO] - ----> GlobalVariable funding_token = 62dee545-2f8a-48b6-b2a0-9dcac1b196e5

2020-10-13 11:15:20 - [TEST_STEP][PASSED] - assert response.getStatusCode() == 201: null

2020-10-13 11:15:20 - [MESSAGE][PASSED] - Verify response successfully

2020-10-13 11:15:20 - [MESSAGE][PASSED] - Send request and verify the response successfully

2020-10-13 11:15:20 - [MESSAGE][INFO] - -----> funding_token = 62dee545-2f8a-48b6-b2a0-9dcac1b196e5

2020-10-13 11:15:20 - [MESSAGE][INFO] - ----> GlobalVariable card_product_token = 62dee545-2f8a-48b6-b2a0-9dcac1b196e5

2020-10-13 11:15:20 - [MESSAGE][PASSED] - api_Basic_Onboarding.api_basic_onboarding.createCardFundingSource is PASSED

2020-10-13 11:15:20 - [TEST_STEP][PASSED] - user_token = api_Basic_Onboarding.api_basic_onboarding.createUser(first_name, last_name, active): api_Basic_Onboarding.api_basic_onboarding.createUser is PASSED

2020-10-13 11:15:20 - [MESSAGE][INFO] - HAR: /Users/csmall/ApiAutomationProject/Reports/20201013_111419/Basic Test Suite/Basic_Dev_Onboarding/20201013_111422/requests/main/7.har

2020-10-13 11:15:20 - [TEST_CASE][PASSED] - Start Test Case : Verification: Verification accomplished successfully

2020-10-13 11:15:20 - [TEST_STEP][PASSED] - log = new com.kms.katalon.core.logging.KeywordLogger(): null

2020-10-13 11:15:20 - [TEST_STEP][PASSED] - request = getInstance().getCurrentRequest(): null

2020-10-13 11:15:20 - [TEST_STEP][PASSED] - println(restUrl.toString()): null

2020-10-13 11:15:20 - [TEST_STEP][PASSED] - println(httpBody.toString()): null

2020-10-13 11:15:20 - [TEST_STEP][PASSED] - log.logInfo("-------> Request Url= " + restUrl.toString()): -------> Request Url= https://sandbox-api.marqeta.com/v3/users

2020-10-13 11:15:20 - [MESSAGE][INFO] - -------> Request Url= https://sandbox-api.marqeta.com/v3/users

2020-10-13 11:15:20 - [TEST_STEP][PASSED] - log.logInfo("-------> Request Body= " + httpBody.toString()): -------> Request Body= {
    "first_name": "Chaseuser",
    "last_name": "Smalluser",
    "active": true
}

2020-10-13 11:15:20 - [MESSAGE][INFO] - -------> Request Body= {
    "first_name": "Chaseuser",
    "last_name": "Smalluser",
    "active": true
}

2020-10-13 11:15:20 - [TEST_STEP][PASSED] - response = getInstance().getCurrentResponse(): null

2020-10-13 11:15:20 - [TEST_STEP][PASSED] - println(responseBodyContent.toString()): null

2020-10-13 11:15:20 - [TEST_STEP][PASSED] - log.logInfo("-------> Response Body= " + responseBodyContent.toString()): -------> Response Body= {
  "token" : "b843a999-ab73-4048-b870-aa55836e8306",
  "active" : true,
  "first_name" : "Chaseuser",
  "last_name" : "Smalluser",
  "uses_parent_account" : false,
  "corporate_card_holder" : false,
  "created_time" : "2020-10-13T16:15:20Z",
  "last_modified_time" : "2020-10-13T16:15:20Z",
  "metadata" : { },
  "account_holder_group_token" : "DEFAULT_AHG",
  "status" : "ACTIVE",
  "deposit_account" : {
    "token" : "1a0807b5-7f76-4a82-8e17-edeffa473049",
    "account_number" : "40013372452121761",
    "routing_number" : "293748000",
    "allow_immediate_credit" : false
  }
}

2020-10-13 11:15:20 - [MESSAGE][INFO] - -------> Response Body= {
  "token" : "b843a999-ab73-4048-b870-aa55836e8306",
  "active" : true,
  "first_name" : "Chaseuser",
  "last_name" : "Smalluser",
  "uses_parent_account" : false,
  "corporate_card_holder" : false,
  "created_time" : "2020-10-13T16:15:20Z",
  "last_modified_time" : "2020-10-13T16:15:20Z",
  "metadata" : { },
  "account_holder_group_token" : "DEFAULT_AHG",
  "status" : "ACTIVE",
  "deposit_account" : {
    "token" : "1a0807b5-7f76-4a82-8e17-edeffa473049",
    "account_number" : "40013372452121761",
    "routing_number" : "293748000",
    "allow_immediate_credit" : false
  }
}

2020-10-13 11:15:20 - [TEST_STEP][PASSED] - jsonSlurper = new groovy.json.JsonSlurper(): null

2020-10-13 11:15:20 - [TEST_STEP][PASSED] - jsonResponse = jsonSlurper.parseText(response.getResponseText()): null

2020-10-13 11:15:20 - [TEST_STEP][PASSED] - assert token != null: null

2020-10-13 11:15:20 - [TEST_STEP][PASSED] - println(token): null

2020-10-13 11:15:20 - [TEST_STEP][PASSED] - user_token = token: null

2020-10-13 11:15:20 - [TEST_STEP][PASSED] - log.logInfo("-----> user_token = " + user_token): -----> user_token = b843a999-ab73-4048-b870-aa55836e8306

2020-10-13 11:15:20 - [MESSAGE][INFO] - -----> user_token = b843a999-ab73-4048-b870-aa55836e8306

2020-10-13 11:15:20 - [TEST_STEP][PASSED] - user_token = user_token: null

2020-10-13 11:15:20 - [TEST_STEP][PASSED] - log.logInfo("----> GlobalVariable user_token = " + user_token): ----> GlobalVariable user_token = b843a999-ab73-4048-b870-aa55836e8306

2020-10-13 11:15:20 - [MESSAGE][INFO] - ----> GlobalVariable user_token = b843a999-ab73-4048-b870-aa55836e8306

2020-10-13 11:15:20 - [TEST_STEP][PASSED] - assert response.getStatusCode() == 201: null

2020-10-13 11:15:20 - [MESSAGE][PASSED] - Verify response successfully

2020-10-13 11:15:20 - [MESSAGE][PASSED] - Send request and verify the response successfully

2020-10-13 11:15:20 - [MESSAGE][INFO] - -----> user_token = b843a999-ab73-4048-b870-aa55836e8306

2020-10-13 11:15:20 - [MESSAGE][INFO] - ----> GlobalVariable user_token = b843a999-ab73-4048-b870-aa55836e8306

2020-10-13 11:15:20 - [MESSAGE][PASSED] - api_Basic_Onboarding.api_basic_onboarding.createUser is PASSED

2020-10-13 11:15:20 - [TEST_STEP][PASSED] - card_token = api_Basic_Onboarding.api_basic_onboarding.createCard(user_token, card_product_token): api_Basic_Onboarding.api_basic_onboarding.createCard is PASSED

2020-10-13 11:15:21 - [MESSAGE][INFO] - HAR: /Users/csmall/ApiAutomationProject/Reports/20201013_111419/Basic Test Suite/Basic_Dev_Onboarding/20201013_111422/requests/main/8.har

2020-10-13 11:15:21 - [TEST_CASE][PASSED] - Start Test Case : Verification: Verification accomplished successfully

2020-10-13 11:15:21 - [TEST_STEP][PASSED] - log = new com.kms.katalon.core.logging.KeywordLogger(): null

2020-10-13 11:15:21 - [TEST_STEP][PASSED] - request = getInstance().getCurrentRequest(): null

2020-10-13 11:15:21 - [TEST_STEP][PASSED] - println(restUrl.toString()): null

2020-10-13 11:15:21 - [TEST_STEP][PASSED] - println(httpBody.toString()): null

2020-10-13 11:15:21 - [TEST_STEP][PASSED] - log.logInfo("-------> Request Url= " + restUrl.toString()): -------> Request Url= https://sandbox-api.marqeta.com/v3/cards

2020-10-13 11:15:21 - [MESSAGE][INFO] - -------> Request Url= https://sandbox-api.marqeta.com/v3/cards

2020-10-13 11:15:21 - [TEST_STEP][PASSED] - log.logInfo("-------> Request Body= " + httpBody.toString()): -------> Request Body= {
  "user_token": "b843a999-ab73-4048-b870-aa55836e8306",
  "card_product_token": "ef93ff66-8e0b-4721-855a-cbe78d29b41d"
}

2020-10-13 11:15:21 - [MESSAGE][INFO] - -------> Request Body= {
  "user_token": "b843a999-ab73-4048-b870-aa55836e8306",
  "card_product_token": "ef93ff66-8e0b-4721-855a-cbe78d29b41d"
}

2020-10-13 11:15:21 - [TEST_STEP][PASSED] - response = getInstance().getCurrentResponse(): null

2020-10-13 11:15:21 - [TEST_STEP][PASSED] - println(responseBodyContent.toString()): null

2020-10-13 11:15:21 - [TEST_STEP][PASSED] - log.logInfo("-------> Response Body= " + responseBodyContent.toString()): -------> Response Body= {
  "created_time" : "2020-10-13T16:15:21Z",
  "last_modified_time" : "2020-10-13T16:15:21Z",
  "token" : "505ce271-dc70-46ed-b14c-7b9069b1c68b",
  "user_token" : "b843a999-ab73-4048-b870-aa55836e8306",
  "card_product_token" : "ef93ff66-8e0b-4721-855a-cbe78d29b41d",
  "last_four" : "8641",
  "pan" : "111111______8641",
  "expiration" : "1024",
  "expiration_time" : "2024-10-31T23:59:59Z",
  "barcode" : "19112256141271260128",
  "pin_is_set" : false,
  "state" : "ACTIVE",
  "state_reason" : "New card activated",
  "fulfillment_status" : "ISSUED",
  "instrument_type" : "VIRTUAL_PAN",
  "expedite" : false,
  "metadata" : { }
}

2020-10-13 11:15:21 - [MESSAGE][INFO] - -------> Response Body= {
  "created_time" : "2020-10-13T16:15:21Z",
  "last_modified_time" : "2020-10-13T16:15:21Z",
  "token" : "505ce271-dc70-46ed-b14c-7b9069b1c68b",
  "user_token" : "b843a999-ab73-4048-b870-aa55836e8306",
  "card_product_token" : "ef93ff66-8e0b-4721-855a-cbe78d29b41d",
  "last_four" : "8641",
  "pan" : "111111______8641",
  "expiration" : "1024",
  "expiration_time" : "2024-10-31T23:59:59Z",
  "barcode" : "19112256141271260128",
  "pin_is_set" : false,
  "state" : "ACTIVE",
  "state_reason" : "New card activated",
  "fulfillment_status" : "ISSUED",
  "instrument_type" : "VIRTUAL_PAN",
  "expedite" : false,
  "metadata" : { }
}

2020-10-13 11:15:21 - [TEST_STEP][PASSED] - jsonSlurper = new groovy.json.JsonSlurper(): null

2020-10-13 11:15:21 - [TEST_STEP][PASSED] - jsonResponse = jsonSlurper.parseText(response.getResponseText()): null

2020-10-13 11:15:21 - [TEST_STEP][PASSED] - assert token != null: null

2020-10-13 11:15:21 - [TEST_STEP][PASSED] - println(token): null

2020-10-13 11:15:21 - [TEST_STEP][PASSED] - card_token = token: null

2020-10-13 11:15:21 - [TEST_STEP][PASSED] - log.logInfo("-----> card_token = " + card_token): -----> card_token = 505ce271-dc70-46ed-b14c-7b9069b1c68b

2020-10-13 11:15:21 - [MESSAGE][INFO] - -----> card_token = 505ce271-dc70-46ed-b14c-7b9069b1c68b

2020-10-13 11:15:21 - [TEST_STEP][PASSED] - card_token = card_token: null

2020-10-13 11:15:21 - [TEST_STEP][PASSED] - log.logInfo("----> GlobalVariable card_token = " + card_token): ----> GlobalVariable card_token = 505ce271-dc70-46ed-b14c-7b9069b1c68b

2020-10-13 11:15:21 - [MESSAGE][INFO] - ----> GlobalVariable card_token = 505ce271-dc70-46ed-b14c-7b9069b1c68b

2020-10-13 11:15:21 - [TEST_STEP][PASSED] - assert response.getStatusCode() == 201: null

2020-10-13 11:15:21 - [MESSAGE][PASSED] - Verify response successfully

2020-10-13 11:15:21 - [MESSAGE][PASSED] - Send request and verify the response successfully

2020-10-13 11:15:21 - [MESSAGE][INFO] - -----> card_token = 505ce271-dc70-46ed-b14c-7b9069b1c68b

2020-10-13 11:15:21 - [MESSAGE][INFO] - ----> GlobalVariable card_token = 505ce271-dc70-46ed-b14c-7b9069b1c68b

2020-10-13 11:15:21 - [MESSAGE][PASSED] - api_Basic_Onboarding.api_basic_onboarding.createCard is PASSED]]></system-out>
         <system-err><![CDATA[]]></system-err>
      </testcase>
      <system-out><![CDATA[2020-10-13 11:15:13 - [TEST_SUITE][PASSED] - Basic_Dev_Onboarding: Test Cases/API Test Cases/Basic_Quickstart_Test_Case/Dev Onboarding]]></system-out>
      <system-err><![CDATA[]]></system-err>
   </testsuite>
</testsuites>
